[1.675s] Invoking command in '/home/zeyadcode_jammy/shell_ws/src/build/roben_ai': PYTHONPATH=/home/zeyadcode_jammy/shell_ws/src/build/roben_ai/prefix_override:/usr/lib/python3/dist-packages/colcon_core/task/python/colcon_distutils_commands:/home/zeyadcode_jammy/shell_ws/src/install/roben_ai/lib/python3.10/site-packages:${PYTHONPATH} /usr/bin/python3 -W ignore:setup.py install is deprecated -W ignore:easy_install command is deprecated setup.py develop --editable --build-directory /home/zeyadcode_jammy/shell_ws/src/build/roben_ai/build --no-deps symlink_data
[2.018s] running develop
[2.177s] running egg_info
[2.178s] creating roben_ai.egg-info
[2.178s] writing roben_ai.egg-info/PKG-INFO
[2.178s] writing dependency_links to roben_ai.egg-info/dependency_links.txt
[2.178s] writing entry points to roben_ai.egg-info/entry_points.txt
[2.178s] writing requirements to roben_ai.egg-info/requires.txt
[2.178s] writing top-level names to roben_ai.egg-info/top_level.txt
[2.180s] writing manifest file 'roben_ai.egg-info/SOURCES.txt'
[2.184s] reading manifest file 'roben_ai.egg-info/SOURCES.txt'
[2.185s] writing manifest file 'roben_ai.egg-info/SOURCES.txt'
[2.192s] running build_ext
[2.192s] Creating /home/zeyadcode_jammy/shell_ws/src/install/roben_ai/lib/python3.10/site-packages/roben-ai.egg-link (link to .)
[2.192s] 
[2.192s] Installed /home/zeyadcode_jammy/shell_ws/src/build/roben_ai
[2.192s] running symlink_data
[2.193s] creating /home/zeyadcode_jammy/shell_ws/src/install/roben_ai/share/ament_index
[2.193s] creating /home/zeyadcode_jammy/shell_ws/src/install/roben_ai/share/ament_index/resource_index
[2.193s] creating /home/zeyadcode_jammy/shell_ws/src/install/roben_ai/share/ament_index/resource_index/packages
[2.193s] symbolically linking /home/zeyadcode_jammy/shell_ws/src/build/roben_ai/resource/roben_ai -> /home/zeyadcode_jammy/shell_ws/src/install/roben_ai/share/ament_index/resource_index/packages
[2.194s] symbolically linking /home/zeyadcode_jammy/shell_ws/src/build/roben_ai/package.xml -> /home/zeyadcode_jammy/shell_ws/src/install/roben_ai/share/roben_ai
[2.302s] Invoked command in '/home/zeyadcode_jammy/shell_ws/src/build/roben_ai' returned '0': PYTHONPATH=/home/zeyadcode_jammy/shell_ws/src/build/roben_ai/prefix_override:/usr/lib/python3/dist-packages/colcon_core/task/python/colcon_distutils_commands:/home/zeyadcode_jammy/shell_ws/src/install/roben_ai/lib/python3.10/site-packages:${PYTHONPATH} /usr/bin/python3 -W ignore:setup.py install is deprecated -W ignore:easy_install command is deprecated setup.py develop --editable --build-directory /home/zeyadcode_jammy/shell_ws/src/build/roben_ai/build --no-deps symlink_data
