-- The C compiler identification is GNU 11.4.0
-- The CXX compiler identification is GNU 11.4.0
-- Detecting C compiler ABI info
-- Detecting C compiler ABI info - done
-- Check for working C compiler: /usr/bin/cc - skipped
-- Detecting C compile features
-- Detecting C compile features - done
-- Detecting CXX compiler ABI info
-- Detecting CXX compiler ABI info - done
-- Check for working CXX compiler: /usr/bin/c++ - skipped
-- Detecting CXX compile features
-- Detecting CXX compile features - done
-- Found ament_cmake: 1.3.11 (/opt/ros/humble/share/ament_cmake/cmake)
-- Found Python3: /usr/bin/python3 (found version "3.10.12") found components: Interpreter 
-- Override CMake install command with custom implementation using symlinks instead of copying resources
-- Found rclcpp: 16.0.12 (/opt/ros/humble/share/rclcpp/cmake)
-- Found rosidl_generator_c: 3.1.6 (/opt/ros/humble/share/rosidl_generator_c/cmake)
-- Found rosidl_adapter: 3.1.6 (/opt/ros/humble/share/rosidl_adapter/cmake)
-- Found rosidl_generator_cpp: 3.1.6 (/opt/ros/humble/share/rosidl_generator_cpp/cmake)
-- Using all available rosidl_typesupport_c: rosidl_typesupport_fastrtps_c;rosidl_typesupport_introspection_c
-- Using all available rosidl_typesupport_cpp: rosidl_typesupport_fastrtps_cpp;rosidl_typesupport_introspection_cpp
-- Found rmw_implementation_cmake: 6.1.2 (/opt/ros/humble/share/rmw_implementation_cmake/cmake)
-- Found rmw_fastrtps_cpp: 6.2.7 (/opt/ros/humble/share/rmw_fastrtps_cpp/cmake)
-- Found OpenSSL: /usr/lib/x86_64-linux-gnu/libcrypto.so (found version "3.0.2")  
-- Found FastRTPS: /opt/ros/humble/include  
-- Using RMW implementation 'rmw_fastrtps_cpp' as default
-- Looking for pthread.h
-- Looking for pthread.h - found
-- Performing Test CMAKE_HAVE_LIBC_PTHREAD
-- Performing Test CMAKE_HAVE_LIBC_PTHREAD - Success
-- Found Threads: TRUE  
-- Found rclcpp_components: 16.0.12 (/opt/ros/humble/share/rclcpp_components/cmake)
-- Found rclpy: 3.3.16 (/opt/ros/humble/share/rclpy/cmake)
-- Found ament_lint_auto: 0.12.12 (/opt/ros/humble/share/ament_lint_auto/cmake)
-- Added test 'cppcheck' to perform static code analysis on C / C++ code
-- Configured cppcheck include dirs: $<BUILD_INTERFACE:/home/zeyadcode_jammy/shell_ws/src/sem-apc-example-project/shell_simulation/include>
-- Configured cppcheck exclude dirs and/or files: 
-- Added test 'flake8' to check Python code syntax and style conventions
-- Added test 'lint_cmake' to check CMake code style
-- Added test 'pep257' to check Python code against some of the docstring style conventions in PEP 257
-- Added test 'uncrustify' to check C / C++ code style
-- Configured uncrustify additional arguments: 
-- Added test 'xmllint' to check XML markup files
-- Configuring done
-- Generating done
-- Build files have been written to: /home/zeyadcode_jammy/shell_ws/src/build/shell_simulation
[  0%] Built target ament_cmake_python_symlink_shell_simulation
[ 50%] [32mBuilding CXX object CMakeFiles/example_control.dir/src/example_control.cpp.o[0m
running egg_info
creating shell_simulation.egg-info
writing shell_simulation.egg-info/PKG-INFO
writing dependency_links to shell_simulation.egg-info/dependency_links.txt
writing top-level names to shell_simulation.egg-info/top_level.txt
writing manifest file 'shell_simulation.egg-info/SOURCES.txt'
reading manifest file 'shell_simulation.egg-info/SOURCES.txt'
writing manifest file 'shell_simulation.egg-info/SOURCES.txt'
[ 50%] Built target ament_cmake_python_build_shell_simulation_egg
[100%] [32m[1mLinking CXX executable example_control[0m
[100%] Built target example_control
-- Install configuration: "RelWithDebInfo"
-- Execute custom install script
-- Symlinking: /home/zeyadcode_jammy/shell_ws/src/install/shell_simulation/share/shell_simulation//launch/shell_simulation.launch.py
-- Symlinking: /home/zeyadcode_jammy/shell_ws/src/install/shell_simulation/lib/shell_simulation/example_control
-- Symlinking: /home/zeyadcode_jammy/shell_ws/src/install/shell_simulation/lib/shell_simulation/example_control.py
-- Symlinking: /home/zeyadcode_jammy/shell_ws/src/install/shell_simulation/share/shell_simulation/environment/pythonpath.sh
-- Symlinking: /home/zeyadcode_jammy/shell_ws/src/install/shell_simulation/share/shell_simulation/environment/pythonpath.dsv
-- Symlinking: /home/zeyadcode_jammy/shell_ws/src/install/shell_simulation/local/lib/python3.10/dist-packages/shell_simulation-1.0.0-py3.10.egg-info/PKG-INFO
-- Symlinking: /home/zeyadcode_jammy/shell_ws/src/install/shell_simulation/local/lib/python3.10/dist-packages/shell_simulation-1.0.0-py3.10.egg-info/SOURCES.txt
-- Symlinking: /home/zeyadcode_jammy/shell_ws/src/install/shell_simulation/local/lib/python3.10/dist-packages/shell_simulation-1.0.0-py3.10.egg-info/dependency_links.txt
-- Symlinking: /home/zeyadcode_jammy/shell_ws/src/install/shell_simulation/local/lib/python3.10/dist-packages/shell_simulation-1.0.0-py3.10.egg-info/top_level.txt
-- Symlinking: /home/zeyadcode_jammy/shell_ws/src/install/shell_simulation/local/lib/python3.10/dist-packages/shell_simulation/__init__.py
-- Symlinking: /home/zeyadcode_jammy/shell_ws/src/install/shell_simulation/share/ament_index/resource_index/package_run_dependencies/shell_simulation
-- Symlinking: /home/zeyadcode_jammy/shell_ws/src/install/shell_simulation/share/ament_index/resource_index/parent_prefix_path/shell_simulation
-- Symlinking: /home/zeyadcode_jammy/shell_ws/src/install/shell_simulation/share/shell_simulation/environment/ament_prefix_path.sh
-- Symlinking: /home/zeyadcode_jammy/shell_ws/src/install/shell_simulation/share/shell_simulation/environment/ament_prefix_path.dsv
-- Symlinking: /home/zeyadcode_jammy/shell_ws/src/install/shell_simulation/share/shell_simulation/environment/path.sh
-- Symlinking: /home/zeyadcode_jammy/shell_ws/src/install/shell_simulation/share/shell_simulation/environment/path.dsv
-- Symlinking: /home/zeyadcode_jammy/shell_ws/src/install/shell_simulation/share/shell_simulation/local_setup.bash
-- Symlinking: /home/zeyadcode_jammy/shell_ws/src/install/shell_simulation/share/shell_simulation/local_setup.sh
-- Symlinking: /home/zeyadcode_jammy/shell_ws/src/install/shell_simulation/share/shell_simulation/local_setup.zsh
-- Symlinking: /home/zeyadcode_jammy/shell_ws/src/install/shell_simulation/share/shell_simulation/local_setup.dsv
-- Symlinking: /home/zeyadcode_jammy/shell_ws/src/install/shell_simulation/share/shell_simulation/package.dsv
-- Symlinking: /home/zeyadcode_jammy/shell_ws/src/install/shell_simulation/share/ament_index/resource_index/packages/shell_simulation
-- Symlinking: /home/zeyadcode_jammy/shell_ws/src/install/shell_simulation/share/shell_simulation/cmake/shell_simulationConfig.cmake
-- Symlinking: /home/zeyadcode_jammy/shell_ws/src/install/shell_simulation/share/shell_simulation/cmake/shell_simulationConfig-version.cmake
-- Symlinking: /home/zeyadcode_jammy/shell_ws/src/install/shell_simulation/share/shell_simulation/package.xml
Listing '/home/zeyadcode_jammy/shell_ws/src/install/shell_simulation/local/lib/python3.10/dist-packages/shell_simulation'...
Compiling '/home/zeyadcode_jammy/shell_ws/src/install/shell_simulation/local/lib/python3.10/dist-packages/shell_simulation/__init__.py'...
