[0.097s] Invoking command in '/home/zeyadcode_jammy/shell_ws/src/build/shell_simulation': CMAKE_PREFIX_PATH=/opt/ros/humble /usr/bin/cmake /home/zeyadcode_jammy/shell_ws/src/sem-apc-example-project/shell_simulation -DCMAKE_BUILD_TYPE=RelWithDebInfo -DAMENT_CMAKE_SYMLINK_INSTALL=1 -DCMAKE_INSTALL_PREFIX=/home/zeyadcode_jammy/shell_ws/src/install/shell_simulation
[0.237s] -- The C compiler identification is GNU 11.4.0
[0.346s] -- The CXX compiler identification is GNU 11.4.0
[0.361s] -- Detecting C compiler ABI info
[0.471s] -- Detecting C compiler ABI info - done
[0.491s] -- Check for working C compiler: /usr/bin/cc - skipped
[0.491s] -- Detecting C compile features
[0.492s] -- Detecting C compile features - done
[0.499s] -- Detecting CXX compiler ABI info
[0.711s] -- Detecting CXX compiler ABI info - done
[0.755s] -- Check for working CXX compiler: /usr/bin/c++ - skipped
[0.756s] -- Detecting CXX compile features
[0.761s] -- Detecting CXX compile features - done
[0.762s] -- Found ament_cmake: 1.3.11 (/opt/ros/humble/share/ament_cmake/cmake)
[0.998s] -- Found Python3: /usr/bin/python3 (found version "3.10.12") found components: Interpreter 
[1.065s] -- Override CMake install command with custom implementation using symlinks instead of copying resources
[1.101s] -- Found rclcpp: 16.0.12 (/opt/ros/humble/share/rclcpp/cmake)
[1.209s] -- Found rosidl_generator_c: 3.1.6 (/opt/ros/humble/share/rosidl_generator_c/cmake)
[1.230s] -- Found rosidl_adapter: 3.1.6 (/opt/ros/humble/share/rosidl_adapter/cmake)
[1.258s] -- Found rosidl_generator_cpp: 3.1.6 (/opt/ros/humble/share/rosidl_generator_cpp/cmake)
[1.359s] -- Using all available rosidl_typesupport_c: rosidl_typesupport_fastrtps_c;rosidl_typesupport_introspection_c
[1.457s] -- Using all available rosidl_typesupport_cpp: rosidl_typesupport_fastrtps_cpp;rosidl_typesupport_introspection_cpp
[1.651s] -- Found rmw_implementation_cmake: 6.1.2 (/opt/ros/humble/share/rmw_implementation_cmake/cmake)
[1.662s] -- Found rmw_fastrtps_cpp: 6.2.7 (/opt/ros/humble/share/rmw_fastrtps_cpp/cmake)
[1.825s] -- Found OpenSSL: /usr/lib/x86_64-linux-gnu/libcrypto.so (found version "3.0.2")  
[1.893s] -- Found FastRTPS: /opt/ros/humble/include  
[1.955s] -- Using RMW implementation 'rmw_fastrtps_cpp' as default
[1.973s] -- Looking for pthread.h
[2.111s] -- Looking for pthread.h - found
[2.111s] -- Performing Test CMAKE_HAVE_LIBC_PTHREAD
[2.361s] -- Performing Test CMAKE_HAVE_LIBC_PTHREAD - Success
[2.367s] -- Found Threads: TRUE  
[2.479s] -- Found rclcpp_components: 16.0.12 (/opt/ros/humble/share/rclcpp_components/cmake)
[2.513s] -- Found rclpy: 3.3.16 (/opt/ros/humble/share/rclpy/cmake)
[2.620s] -- Found ament_lint_auto: 0.12.12 (/opt/ros/humble/share/ament_lint_auto/cmake)
[2.711s] -- Added test 'cppcheck' to perform static code analysis on C / C++ code
[2.711s] -- Configured cppcheck include dirs: $<BUILD_INTERFACE:/home/zeyadcode_jammy/shell_ws/src/sem-apc-example-project/shell_simulation/include>
[2.711s] -- Configured cppcheck exclude dirs and/or files: 
[2.711s] -- Added test 'flake8' to check Python code syntax and style conventions
[2.711s] -- Added test 'lint_cmake' to check CMake code style
[2.712s] -- Added test 'pep257' to check Python code against some of the docstring style conventions in PEP 257
[2.712s] -- Added test 'uncrustify' to check C / C++ code style
[2.712s] -- Configured uncrustify additional arguments: 
[2.712s] -- Added test 'xmllint' to check XML markup files
[2.712s] -- Configuring done
[2.730s] -- Generating done
[2.743s] -- Build files have been written to: /home/zeyadcode_jammy/shell_ws/src/build/shell_simulation
[2.807s] Invoked command in '/home/zeyadcode_jammy/shell_ws/src/build/shell_simulation' returned '0': CMAKE_PREFIX_PATH=/opt/ros/humble /usr/bin/cmake /home/zeyadcode_jammy/shell_ws/src/sem-apc-example-project/shell_simulation -DCMAKE_BUILD_TYPE=RelWithDebInfo -DAMENT_CMAKE_SYMLINK_INSTALL=1 -DCMAKE_INSTALL_PREFIX=/home/zeyadcode_jammy/shell_ws/src/install/shell_simulation
[2.808s] Invoking command in '/home/zeyadcode_jammy/shell_ws/src/build/shell_simulation': CMAKE_PREFIX_PATH=/opt/ros/humble /usr/bin/cmake --build /home/zeyadcode_jammy/shell_ws/src/build/shell_simulation -- -j8 -l8
[3.033s] [  0%] Built target ament_cmake_python_symlink_shell_simulation
[3.070s] [ 50%] [32mBuilding CXX object CMakeFiles/example_control.dir/src/example_control.cpp.o[0m
[3.315s] running egg_info
[3.315s] creating shell_simulation.egg-info
[3.315s] writing shell_simulation.egg-info/PKG-INFO
[3.316s] writing dependency_links to shell_simulation.egg-info/dependency_links.txt
[3.316s] writing top-level names to shell_simulation.egg-info/top_level.txt
[3.316s] writing manifest file 'shell_simulation.egg-info/SOURCES.txt'
[3.317s] reading manifest file 'shell_simulation.egg-info/SOURCES.txt'
[3.318s] writing manifest file 'shell_simulation.egg-info/SOURCES.txt'
[3.363s] [ 50%] Built target ament_cmake_python_build_shell_simulation_egg
[21.262s] [100%] [32m[1mLinking CXX executable example_control[0m
[21.714s] [100%] Built target example_control
[21.749s] Invoked command in '/home/zeyadcode_jammy/shell_ws/src/build/shell_simulation' returned '0': CMAKE_PREFIX_PATH=/opt/ros/humble /usr/bin/cmake --build /home/zeyadcode_jammy/shell_ws/src/build/shell_simulation -- -j8 -l8
[21.749s] Invoking command in '/home/zeyadcode_jammy/shell_ws/src/build/shell_simulation': CMAKE_PREFIX_PATH=/opt/ros/humble /usr/bin/cmake --install /home/zeyadcode_jammy/shell_ws/src/build/shell_simulation
[21.764s] -- Install configuration: "RelWithDebInfo"
[21.764s] -- Execute custom install script
[21.766s] -- Symlinking: /home/zeyadcode_jammy/shell_ws/src/install/shell_simulation/share/shell_simulation//launch/shell_simulation.launch.py
[21.779s] -- Symlinking: /home/zeyadcode_jammy/shell_ws/src/install/shell_simulation/lib/shell_simulation/example_control
[21.793s] -- Symlinking: /home/zeyadcode_jammy/shell_ws/src/install/shell_simulation/lib/shell_simulation/example_control.py
[21.806s] -- Symlinking: /home/zeyadcode_jammy/shell_ws/src/install/shell_simulation/share/shell_simulation/environment/pythonpath.sh
[21.823s] -- Symlinking: /home/zeyadcode_jammy/shell_ws/src/install/shell_simulation/share/shell_simulation/environment/pythonpath.dsv
[21.841s] -- Symlinking: /home/zeyadcode_jammy/shell_ws/src/install/shell_simulation/local/lib/python3.10/dist-packages/shell_simulation-1.0.0-py3.10.egg-info/PKG-INFO
[21.856s] -- Symlinking: /home/zeyadcode_jammy/shell_ws/src/install/shell_simulation/local/lib/python3.10/dist-packages/shell_simulation-1.0.0-py3.10.egg-info/SOURCES.txt
[21.874s] -- Symlinking: /home/zeyadcode_jammy/shell_ws/src/install/shell_simulation/local/lib/python3.10/dist-packages/shell_simulation-1.0.0-py3.10.egg-info/dependency_links.txt
[21.895s] -- Symlinking: /home/zeyadcode_jammy/shell_ws/src/install/shell_simulation/local/lib/python3.10/dist-packages/shell_simulation-1.0.0-py3.10.egg-info/top_level.txt
[21.918s] -- Symlinking: /home/zeyadcode_jammy/shell_ws/src/install/shell_simulation/local/lib/python3.10/dist-packages/shell_simulation/__init__.py
[21.939s] -- Symlinking: /home/zeyadcode_jammy/shell_ws/src/install/shell_simulation/share/ament_index/resource_index/package_run_dependencies/shell_simulation
[21.963s] -- Symlinking: /home/zeyadcode_jammy/shell_ws/src/install/shell_simulation/share/ament_index/resource_index/parent_prefix_path/shell_simulation
[21.986s] -- Symlinking: /home/zeyadcode_jammy/shell_ws/src/install/shell_simulation/share/shell_simulation/environment/ament_prefix_path.sh
[22.001s] -- Symlinking: /home/zeyadcode_jammy/shell_ws/src/install/shell_simulation/share/shell_simulation/environment/ament_prefix_path.dsv
[22.013s] -- Symlinking: /home/zeyadcode_jammy/shell_ws/src/install/shell_simulation/share/shell_simulation/environment/path.sh
[22.028s] -- Symlinking: /home/zeyadcode_jammy/shell_ws/src/install/shell_simulation/share/shell_simulation/environment/path.dsv
[22.051s] -- Symlinking: /home/zeyadcode_jammy/shell_ws/src/install/shell_simulation/share/shell_simulation/local_setup.bash
[22.074s] -- Symlinking: /home/zeyadcode_jammy/shell_ws/src/install/shell_simulation/share/shell_simulation/local_setup.sh
[22.099s] -- Symlinking: /home/zeyadcode_jammy/shell_ws/src/install/shell_simulation/share/shell_simulation/local_setup.zsh
[22.122s] -- Symlinking: /home/zeyadcode_jammy/shell_ws/src/install/shell_simulation/share/shell_simulation/local_setup.dsv
[22.151s] -- Symlinking: /home/zeyadcode_jammy/shell_ws/src/install/shell_simulation/share/shell_simulation/package.dsv
[22.189s] -- Symlinking: /home/zeyadcode_jammy/shell_ws/src/install/shell_simulation/share/ament_index/resource_index/packages/shell_simulation
[22.204s] -- Symlinking: /home/zeyadcode_jammy/shell_ws/src/install/shell_simulation/share/shell_simulation/cmake/shell_simulationConfig.cmake
[22.218s] -- Symlinking: /home/zeyadcode_jammy/shell_ws/src/install/shell_simulation/share/shell_simulation/cmake/shell_simulationConfig-version.cmake
[22.241s] -- Symlinking: /home/zeyadcode_jammy/shell_ws/src/install/shell_simulation/share/shell_simulation/package.xml
[22.329s] Listing '/home/zeyadcode_jammy/shell_ws/src/install/shell_simulation/local/lib/python3.10/dist-packages/shell_simulation'...
[22.329s] Compiling '/home/zeyadcode_jammy/shell_ws/src/install/shell_simulation/local/lib/python3.10/dist-packages/shell_simulation/__init__.py'...
[22.348s] Invoked command in '/home/zeyadcode_jammy/shell_ws/src/build/shell_simulation' returned '0': CMAKE_PREFIX_PATH=/opt/ros/humble /usr/bin/cmake --install /home/zeyadcode_jammy/shell_ws/src/build/shell_simulation
