running develop
Removing /home/zeyadcode_jammy/ros_ws/src/install/roben_ai/lib/python3.10/site-packages/roben-ai.egg-link (link to .)
running egg_info
writing ../build/roben_ai/roben_ai.egg-info/PKG-INFO
writing dependency_links to ../build/roben_ai/roben_ai.egg-info/dependency_links.txt
writing entry points to ../build/roben_ai/roben_ai.egg-info/entry_points.txt
writing requirements to ../build/roben_ai/roben_ai.egg-info/requires.txt
writing top-level names to ../build/roben_ai/roben_ai.egg-info/top_level.txt
reading manifest file '../build/roben_ai/roben_ai.egg-info/SOURCES.txt'
writing manifest file '../build/roben_ai/roben_ai.egg-info/SOURCES.txt'
running build
running build_py
creating /home/zeyadcode_jammy/ros_ws/src/build/roben_ai/build
creating /home/zeyadcode_jammy/ros_ws/src/build/roben_ai/build/lib
creating /home/zeyadcode_jammy/ros_ws/src/build/roben_ai/build/lib/roben_ai
copying roben_ai/__init__.py -> /home/zeyadcode_jammy/ros_ws/src/build/roben_ai/build/lib/roben_ai
copying roben_ai/brain.py -> /home/zeyadcode_jammy/ros_ws/src/build/roben_ai/build/lib/roben_ai
creating /home/zeyadcode_jammy/ros_ws/src/build/roben_ai/build/lib/config
copying config/__init__.py -> /home/zeyadcode_jammy/ros_ws/src/build/roben_ai/build/lib/config
copying config/hyperparams.py -> /home/zeyadcode_jammy/ros_ws/src/build/roben_ai/build/lib/config
creating /home/zeyadcode_jammy/ros_ws/src/build/roben_ai/build/lib/ai_src
copying ai_src/eval.py -> /home/zeyadcode_jammy/ros_ws/src/build/roben_ai/build/lib/ai_src
copying ai_src/__init__.py -> /home/zeyadcode_jammy/ros_ws/src/build/roben_ai/build/lib/ai_src
copying ai_src/optuna_study.py -> /home/zeyadcode_jammy/ros_ws/src/build/roben_ai/build/lib/ai_src
creating /home/zeyadcode_jammy/ros_ws/src/build/roben_ai/build/lib/ai_src/gym_carla
copying ai_src/gym_carla/__init__.py -> /home/zeyadcode_jammy/ros_ws/src/build/roben_ai/build/lib/ai_src/gym_carla
copying ai_src/gym_carla/make_env.py -> /home/zeyadcode_jammy/ros_ws/src/build/roben_ai/build/lib/ai_src/gym_carla
creating /home/zeyadcode_jammy/ros_ws/src/build/roben_ai/build/lib/ai_src/training
copying ai_src/training/__init__.py -> /home/zeyadcode_jammy/ros_ws/src/build/roben_ai/build/lib/ai_src/training
copying ai_src/training/loss.py -> /home/zeyadcode_jammy/ros_ws/src/build/roben_ai/build/lib/ai_src/training
copying ai_src/training/trainer.py -> /home/zeyadcode_jammy/ros_ws/src/build/roben_ai/build/lib/ai_src/training
creating /home/zeyadcode_jammy/ros_ws/src/build/roben_ai/build/lib/ai_src/models
copying ai_src/models/__init__.py -> /home/zeyadcode_jammy/ros_ws/src/build/roben_ai/build/lib/ai_src/models
copying ai_src/models/actor.py -> /home/zeyadcode_jammy/ros_ws/src/build/roben_ai/build/lib/ai_src/models
copying ai_src/models/critic.py -> /home/zeyadcode_jammy/ros_ws/src/build/roben_ai/build/lib/ai_src/models
copying ai_src/models/backbone.py -> /home/zeyadcode_jammy/ros_ws/src/build/roben_ai/build/lib/ai_src/models
creating /home/zeyadcode_jammy/ros_ws/src/build/roben_ai/build/lib/ai_src/utils
copying ai_src/utils/__init__.py -> /home/zeyadcode_jammy/ros_ws/src/build/roben_ai/build/lib/ai_src/utils
copying ai_src/utils/types.py -> /home/zeyadcode_jammy/ros_ws/src/build/roben_ai/build/lib/ai_src/utils
creating /home/zeyadcode_jammy/ros_ws/src/build/roben_ai/build/lib/ai_src/gym_carla/envs
copying ai_src/gym_carla/envs/misc.py -> /home/zeyadcode_jammy/ros_ws/src/build/roben_ai/build/lib/ai_src/gym_carla/envs
copying ai_src/gym_carla/envs/__init__.py -> /home/zeyadcode_jammy/ros_ws/src/build/roben_ai/build/lib/ai_src/gym_carla/envs
copying ai_src/gym_carla/envs/carla_env.py -> /home/zeyadcode_jammy/ros_ws/src/build/roben_ai/build/lib/ai_src/gym_carla/envs
copying ai_src/gym_carla/envs/render.py -> /home/zeyadcode_jammy/ros_ws/src/build/roben_ai/build/lib/ai_src/gym_carla/envs
copying ai_src/gym_carla/envs/route_planner.py -> /home/zeyadcode_jammy/ros_ws/src/build/roben_ai/build/lib/ai_src/gym_carla/envs
running install
running install_lib
creating /home/zeyadcode_jammy/ros_ws/src/install/roben_ai/lib/python3.10/site-packages/roben_ai
copying /home/zeyadcode_jammy/ros_ws/src/build/roben_ai/build/lib/roben_ai/__init__.py -> /home/zeyadcode_jammy/ros_ws/src/install/roben_ai/lib/python3.10/site-packages/roben_ai
copying /home/zeyadcode_jammy/ros_ws/src/build/roben_ai/build/lib/roben_ai/brain.py -> /home/zeyadcode_jammy/ros_ws/src/install/roben_ai/lib/python3.10/site-packages/roben_ai
creating /home/zeyadcode_jammy/ros_ws/src/install/roben_ai/lib/python3.10/site-packages/config
copying /home/zeyadcode_jammy/ros_ws/src/build/roben_ai/build/lib/config/__init__.py -> /home/zeyadcode_jammy/ros_ws/src/install/roben_ai/lib/python3.10/site-packages/config
copying /home/zeyadcode_jammy/ros_ws/src/build/roben_ai/build/lib/config/hyperparams.py -> /home/zeyadcode_jammy/ros_ws/src/install/roben_ai/lib/python3.10/site-packages/config
creating /home/zeyadcode_jammy/ros_ws/src/install/roben_ai/lib/python3.10/site-packages/ai_src
copying /home/zeyadcode_jammy/ros_ws/src/build/roben_ai/build/lib/ai_src/eval.py -> /home/zeyadcode_jammy/ros_ws/src/install/roben_ai/lib/python3.10/site-packages/ai_src
creating /home/zeyadcode_jammy/ros_ws/src/install/roben_ai/lib/python3.10/site-packages/ai_src/gym_carla
copying /home/zeyadcode_jammy/ros_ws/src/build/roben_ai/build/lib/ai_src/gym_carla/__init__.py -> /home/zeyadcode_jammy/ros_ws/src/install/roben_ai/lib/python3.10/site-packages/ai_src/gym_carla
copying /home/zeyadcode_jammy/ros_ws/src/build/roben_ai/build/lib/ai_src/gym_carla/make_env.py -> /home/zeyadcode_jammy/ros_ws/src/install/roben_ai/lib/python3.10/site-packages/ai_src/gym_carla
creating /home/zeyadcode_jammy/ros_ws/src/install/roben_ai/lib/python3.10/site-packages/ai_src/gym_carla/envs
copying /home/zeyadcode_jammy/ros_ws/src/build/roben_ai/build/lib/ai_src/gym_carla/envs/misc.py -> /home/zeyadcode_jammy/ros_ws/src/install/roben_ai/lib/python3.10/site-packages/ai_src/gym_carla/envs
copying /home/zeyadcode_jammy/ros_ws/src/build/roben_ai/build/lib/ai_src/gym_carla/envs/__init__.py -> /home/zeyadcode_jammy/ros_ws/src/install/roben_ai/lib/python3.10/site-packages/ai_src/gym_carla/envs
copying /home/zeyadcode_jammy/ros_ws/src/build/roben_ai/build/lib/ai_src/gym_carla/envs/carla_env.py -> /home/zeyadcode_jammy/ros_ws/src/install/roben_ai/lib/python3.10/site-packages/ai_src/gym_carla/envs
copying /home/zeyadcode_jammy/ros_ws/src/build/roben_ai/build/lib/ai_src/gym_carla/envs/render.py -> /home/zeyadcode_jammy/ros_ws/src/install/roben_ai/lib/python3.10/site-packages/ai_src/gym_carla/envs
copying /home/zeyadcode_jammy/ros_ws/src/build/roben_ai/build/lib/ai_src/gym_carla/envs/route_planner.py -> /home/zeyadcode_jammy/ros_ws/src/install/roben_ai/lib/python3.10/site-packages/ai_src/gym_carla/envs
copying /home/zeyadcode_jammy/ros_ws/src/build/roben_ai/build/lib/ai_src/__init__.py -> /home/zeyadcode_jammy/ros_ws/src/install/roben_ai/lib/python3.10/site-packages/ai_src
creating /home/zeyadcode_jammy/ros_ws/src/install/roben_ai/lib/python3.10/site-packages/ai_src/training
copying /home/zeyadcode_jammy/ros_ws/src/build/roben_ai/build/lib/ai_src/training/__init__.py -> /home/zeyadcode_jammy/ros_ws/src/install/roben_ai/lib/python3.10/site-packages/ai_src/training
copying /home/zeyadcode_jammy/ros_ws/src/build/roben_ai/build/lib/ai_src/training/loss.py -> /home/zeyadcode_jammy/ros_ws/src/install/roben_ai/lib/python3.10/site-packages/ai_src/training
copying /home/zeyadcode_jammy/ros_ws/src/build/roben_ai/build/lib/ai_src/training/trainer.py -> /home/zeyadcode_jammy/ros_ws/src/install/roben_ai/lib/python3.10/site-packages/ai_src/training
creating /home/zeyadcode_jammy/ros_ws/src/install/roben_ai/lib/python3.10/site-packages/ai_src/models
copying /home/zeyadcode_jammy/ros_ws/src/build/roben_ai/build/lib/ai_src/models/__init__.py -> /home/zeyadcode_jammy/ros_ws/src/install/roben_ai/lib/python3.10/site-packages/ai_src/models
copying /home/zeyadcode_jammy/ros_ws/src/build/roben_ai/build/lib/ai_src/models/actor.py -> /home/zeyadcode_jammy/ros_ws/src/install/roben_ai/lib/python3.10/site-packages/ai_src/models
copying /home/zeyadcode_jammy/ros_ws/src/build/roben_ai/build/lib/ai_src/models/critic.py -> /home/zeyadcode_jammy/ros_ws/src/install/roben_ai/lib/python3.10/site-packages/ai_src/models
copying /home/zeyadcode_jammy/ros_ws/src/build/roben_ai/build/lib/ai_src/models/backbone.py -> /home/zeyadcode_jammy/ros_ws/src/install/roben_ai/lib/python3.10/site-packages/ai_src/models
copying /home/zeyadcode_jammy/ros_ws/src/build/roben_ai/build/lib/ai_src/optuna_study.py -> /home/zeyadcode_jammy/ros_ws/src/install/roben_ai/lib/python3.10/site-packages/ai_src
creating /home/zeyadcode_jammy/ros_ws/src/install/roben_ai/lib/python3.10/site-packages/ai_src/utils
copying /home/zeyadcode_jammy/ros_ws/src/build/roben_ai/build/lib/ai_src/utils/__init__.py -> /home/zeyadcode_jammy/ros_ws/src/install/roben_ai/lib/python3.10/site-packages/ai_src/utils
copying /home/zeyadcode_jammy/ros_ws/src/build/roben_ai/build/lib/ai_src/utils/types.py -> /home/zeyadcode_jammy/ros_ws/src/install/roben_ai/lib/python3.10/site-packages/ai_src/utils
byte-compiling /home/zeyadcode_jammy/ros_ws/src/install/roben_ai/lib/python3.10/site-packages/roben_ai/__init__.py to __init__.cpython-310.pyc
byte-compiling /home/zeyadcode_jammy/ros_ws/src/install/roben_ai/lib/python3.10/site-packages/roben_ai/brain.py to brain.cpython-310.pyc
byte-compiling /home/zeyadcode_jammy/ros_ws/src/install/roben_ai/lib/python3.10/site-packages/config/__init__.py to __init__.cpython-310.pyc
byte-compiling /home/zeyadcode_jammy/ros_ws/src/install/roben_ai/lib/python3.10/site-packages/config/hyperparams.py to hyperparams.cpython-310.pyc
byte-compiling /home/zeyadcode_jammy/ros_ws/src/install/roben_ai/lib/python3.10/site-packages/ai_src/eval.py to eval.cpython-310.pyc
byte-compiling /home/zeyadcode_jammy/ros_ws/src/install/roben_ai/lib/python3.10/site-packages/ai_src/gym_carla/__init__.py to __init__.cpython-310.pyc
byte-compiling /home/zeyadcode_jammy/ros_ws/src/install/roben_ai/lib/python3.10/site-packages/ai_src/gym_carla/make_env.py to make_env.cpython-310.pyc
byte-compiling /home/zeyadcode_jammy/ros_ws/src/install/roben_ai/lib/python3.10/site-packages/ai_src/gym_carla/envs/misc.py to misc.cpython-310.pyc
byte-compiling /home/zeyadcode_jammy/ros_ws/src/install/roben_ai/lib/python3.10/site-packages/ai_src/gym_carla/envs/__init__.py to __init__.cpython-310.pyc
byte-compiling /home/zeyadcode_jammy/ros_ws/src/install/roben_ai/lib/python3.10/site-packages/ai_src/gym_carla/envs/carla_env.py to carla_env.cpython-310.pyc
byte-compiling /home/zeyadcode_jammy/ros_ws/src/install/roben_ai/lib/python3.10/site-packages/ai_src/gym_carla/envs/render.py to render.cpython-310.pyc
byte-compiling /home/zeyadcode_jammy/ros_ws/src/install/roben_ai/lib/python3.10/site-packages/ai_src/gym_carla/envs/route_planner.py to route_planner.cpython-310.pyc
byte-compiling /home/zeyadcode_jammy/ros_ws/src/install/roben_ai/lib/python3.10/site-packages/ai_src/__init__.py to __init__.cpython-310.pyc
byte-compiling /home/zeyadcode_jammy/ros_ws/src/install/roben_ai/lib/python3.10/site-packages/ai_src/training/__init__.py to __init__.cpython-310.pyc
byte-compiling /home/zeyadcode_jammy/ros_ws/src/install/roben_ai/lib/python3.10/site-packages/ai_src/training/loss.py to loss.cpython-310.pyc
byte-compiling /home/zeyadcode_jammy/ros_ws/src/install/roben_ai/lib/python3.10/site-packages/ai_src/training/trainer.py to trainer.cpython-310.pyc
byte-compiling /home/zeyadcode_jammy/ros_ws/src/install/roben_ai/lib/python3.10/site-packages/ai_src/models/__init__.py to __init__.cpython-310.pyc
byte-compiling /home/zeyadcode_jammy/ros_ws/src/install/roben_ai/lib/python3.10/site-packages/ai_src/models/actor.py to actor.cpython-310.pyc
byte-compiling /home/zeyadcode_jammy/ros_ws/src/install/roben_ai/lib/python3.10/site-packages/ai_src/models/critic.py to critic.cpython-310.pyc
byte-compiling /home/zeyadcode_jammy/ros_ws/src/install/roben_ai/lib/python3.10/site-packages/ai_src/models/backbone.py to backbone.cpython-310.pyc
byte-compiling /home/zeyadcode_jammy/ros_ws/src/install/roben_ai/lib/python3.10/site-packages/ai_src/optuna_study.py to optuna_study.cpython-310.pyc
byte-compiling /home/zeyadcode_jammy/ros_ws/src/install/roben_ai/lib/python3.10/site-packages/ai_src/utils/__init__.py to __init__.cpython-310.pyc
byte-compiling /home/zeyadcode_jammy/ros_ws/src/install/roben_ai/lib/python3.10/site-packages/ai_src/utils/types.py to types.cpython-310.pyc
running install_data
copying resource/roben_ai -> /home/zeyadcode_jammy/ros_ws/src/install/roben_ai/share/ament_index/resource_index/packages
copying package.xml -> /home/zeyadcode_jammy/ros_ws/src/install/roben_ai/share/roben_ai
running install_egg_info
Copying ../build/roben_ai/roben_ai.egg-info to /home/zeyadcode_jammy/ros_ws/src/install/roben_ai/lib/python3.10/site-packages/roben_ai-0.0.0-py3.10.egg-info
running install_scripts
Installing brain script to /home/zeyadcode_jammy/ros_ws/src/install/roben_ai/lib/roben_ai
writing list of installed files to '/home/zeyadcode_jammy/ros_ws/src/build/roben_ai/install.log'
