[0.088s] Invoking command in '/home/zeyadcode_jammy/shell_ws/src/build/pcl_recorder': AMENT_PREFIX_PATH=/home/zeyadcode_jammy/shell_ws/src/install/carla_ros_bridge:/home/zeyadcode_jammy/shell_ws/src/install/carla_spawn_objects:/home/zeyadcode_jammy/shell_ws/src/install/carla_manual_control:/home/zeyadcode_jammy/shell_ws/src/install/ros_compatibility:/home/zeyadcode_jammy/shell_ws/src/install/carla_msgs:/home/zeyadcode_jammy/shell_ws/src/install/carla_common:${AMENT_PREFIX_PATH} CMAKE_PREFIX_PATH=/home/zeyadcode_jammy/shell_ws/src/install/carla_msgs:/opt/ros/humble LD_LIBRARY_PATH=/home/zeyadcode_jammy/shell_ws/src/install/carla_msgs/lib:${LD_LIBRARY_PATH} PYTHONPATH=/home/zeyadcode_jammy/shell_ws/src/build/carla_ros_bridge/src:/home/zeyadcode_jammy/shell_ws/src/install/carla_ros_bridge/lib/python3.10/site-packages:/home/zeyadcode_jammy/shell_ws/src/build/carla_spawn_objects:/home/zeyadcode_jammy/shell_ws/src/install/carla_spawn_objects/lib/python3.10/site-packages:/home/zeyadcode_jammy/shell_ws/src/build/carla_manual_control/src:/home/zeyadcode_jammy/shell_ws/src/install/carla_manual_control/lib/python3.10/site-packages:/home/zeyadcode_jammy/shell_ws/src/build/ros_compatibility/src:/home/zeyadcode_jammy/shell_ws/src/install/ros_compatibility/lib/python3.10/site-packages:/home/zeyadcode_jammy/shell_ws/src/install/carla_msgs/local/lib/python3.10/dist-packages:/home/zeyadcode_jammy/shell_ws/src/build/carla_common/src:/home/zeyadcode_jammy/shell_ws/src/install/carla_common/lib/python3.10/site-packages:${PYTHONPATH} /usr/bin/cmake /home/zeyadcode_jammy/shell_ws/src/sem-apc-ros-bridge/pcl_recorder -DCMAKE_BUILD_TYPE=RelWithDebInfo -DAMENT_CMAKE_SYMLINK_INSTALL=1 -DCMAKE_INSTALL_PREFIX=/home/zeyadcode_jammy/shell_ws/src/install/pcl_recorder
[0.243s] -- The C compiler identification is GNU 11.4.0
[0.424s] -- The CXX compiler identification is GNU 11.4.0
[0.455s] -- Detecting C compiler ABI info
[0.643s] -- Detecting C compiler ABI info - done
[0.657s] -- Check for working C compiler: /usr/bin/cc - skipped
[0.658s] -- Detecting C compile features
[0.659s] -- Detecting C compile features - done
[0.664s] -- Detecting CXX compiler ABI info
[0.841s] -- Detecting CXX compiler ABI info - done
[0.853s] -- Check for working CXX compiler: /usr/bin/c++ - skipped
[0.854s] -- Detecting CXX compile features
[0.855s] -- Detecting CXX compile features - done
[0.860s] -- Found ros_environment: 3.2.2 (/opt/ros/humble/share/ros_environment/cmake)
[0.864s] -- Found ament_cmake: 1.3.11 (/opt/ros/humble/share/ament_cmake/cmake)
[1.242s] -- Found Python3: /usr/bin/python3 (found version "3.10.12") found components: Interpreter 
[1.411s] -- Override CMake install command with custom implementation using symlinks instead of copying resources
[1.459s] -- Found rclcpp: 16.0.12 (/opt/ros/humble/share/rclcpp/cmake)
[1.513s] -- Found rosidl_generator_c: 3.1.6 (/opt/ros/humble/share/rosidl_generator_c/cmake)
[1.521s] -- Found rosidl_adapter: 3.1.6 (/opt/ros/humble/share/rosidl_adapter/cmake)
[1.537s] -- Found rosidl_generator_cpp: 3.1.6 (/opt/ros/humble/share/rosidl_generator_cpp/cmake)
[1.554s] -- Using all available rosidl_typesupport_c: rosidl_typesupport_fastrtps_c;rosidl_typesupport_introspection_c
[1.578s] -- Using all available rosidl_typesupport_cpp: rosidl_typesupport_fastrtps_cpp;rosidl_typesupport_introspection_cpp
[1.645s] -- Found rmw_implementation_cmake: 6.1.2 (/opt/ros/humble/share/rmw_implementation_cmake/cmake)
[1.647s] -- Found rmw_fastrtps_cpp: 6.2.7 (/opt/ros/humble/share/rmw_fastrtps_cpp/cmake)
[1.941s] -- Found OpenSSL: /usr/lib/x86_64-linux-gnu/libcrypto.so (found version "3.0.2")  
[2.033s] -- Found FastRTPS: /opt/ros/humble/include  
[2.104s] -- Using RMW implementation 'rmw_fastrtps_cpp' as default
[2.116s] -- Looking for pthread.h
[2.277s] -- Looking for pthread.h - found
[2.278s] -- Performing Test CMAKE_HAVE_LIBC_PTHREAD
[2.494s] -- Performing Test CMAKE_HAVE_LIBC_PTHREAD - Success
[2.501s] -- Found Threads: TRUE  
[2.605s] -- Found rclcpp_components: 16.0.12 (/opt/ros/humble/share/rclcpp_components/cmake)
[2.644s] -- Found sensor_msgs: 4.8.0 (/opt/ros/humble/share/sensor_msgs/cmake)
[2.688s] -- Found tf2: 0.25.12 (/opt/ros/humble/share/tf2/cmake)
[2.694s] -- Found tf2_eigen: 0.25.12 (/opt/ros/humble/share/tf2_eigen/cmake)
[2.807s] -- Found tf2_geometry_msgs: 0.25.12 (/opt/ros/humble/share/tf2_geometry_msgs/cmake)
[2.819s] -- Found eigen3_cmake_module: 0.1.1 (/opt/ros/humble/share/eigen3_cmake_module/cmake)
[2.819s] -- Found Eigen3: TRUE (found version "3.4.0") 
[2.819s] -- Ensuring Eigen3 include directory is part of orocos-kdl CMake target
[2.827s] -- Found pcl_conversions: 2.4.5 (/opt/ros/humble/share/pcl_conversions/cmake)
[2.887s] -- Checking for module 'eigen3'
[2.911s] --   Found eigen3, version 3.4.0
[3.003s] -- Found Eigen: /usr/include/eigen3 (Required is at least version "3.1") 
[3.003s] -- Eigen found (include: /usr/include/eigen3, version: 3.4.0)
[3.071s] -- Checking for module 'flann'
[3.108s] --   Found flann, version 1.9.1
[3.180s] -- Found FLANN: /usr/lib/x86_64-linux-gnu/libflann_cpp.so  
[3.181s] -- FLANN found (include: /usr/include, lib: /usr/lib/x86_64-linux-gnu/libflann_cpp.so)
[5.129s] -- Checking for module 'libusb-1.0'
[5.209s] --   Found libusb-1.0, version 1.0.25
[5.360s] -- Found libusb: /usr/lib/x86_64-linux-gnu/libusb-1.0.so  
[5.361s] -- OpenNI found (version: 1.5.4.0, include: /usr/include/ni, lib: /usr/lib/libOpenNI.so;libusb::libusb)
[5.472s] -- OpenNI2 found (version: 2.2.0.33, include: /usr/include/openni2, lib: /usr/lib/x86_64-linux-gnu/libOpenNI2.so;libusb::libusb)
[5.731s] -- Eigen found (include: /usr/include/eigen3, version: 3.4.0)
[5.740s] -- OpenNI found (version: 1.5.4.0, include: /usr/include/ni, lib: /usr/lib/libOpenNI.so;libusb::libusb)
[5.763s] -- OpenNI2 found (version: 2.2.0.33, include: /usr/include/openni2, lib: /usr/lib/x86_64-linux-gnu/libOpenNI2.so;libusb::libusb)
[5.988s] -- Found Qhull version 8.0.2
[6.300s] -- OpenNI found (version: 1.5.4.0, include: /usr/include/ni, lib: /usr/lib/libOpenNI.so;libusb::libusb)
[6.504s] -- Found PCL_COMMON: /usr/lib/x86_64-linux-gnu/libpcl_common.so  
[6.506s] -- Found PCL_KDTREE: /usr/lib/x86_64-linux-gnu/libpcl_kdtree.so  
[6.507s] -- Found PCL_OCTREE: /usr/lib/x86_64-linux-gnu/libpcl_octree.so  
[6.508s] -- Found PCL_SEARCH: /usr/lib/x86_64-linux-gnu/libpcl_search.so  
[6.509s] -- Found PCL_SAMPLE_CONSENSUS: /usr/lib/x86_64-linux-gnu/libpcl_sample_consensus.so  
[6.510s] -- Found PCL_FILTERS: /usr/lib/x86_64-linux-gnu/libpcl_filters.so  
[6.511s] -- Found PCL_2D: /usr/include/pcl-1.12  
[6.511s] -- Found PCL_GEOMETRY: /usr/include/pcl-1.12  
[6.514s] -- Found PCL_IO: /usr/lib/x86_64-linux-gnu/libpcl_io.so  
[6.514s] -- Found PCL_FEATURES: /usr/lib/x86_64-linux-gnu/libpcl_features.so  
[6.515s] -- Found PCL_ML: /usr/lib/x86_64-linux-gnu/libpcl_ml.so  
[6.516s] -- Found PCL_SEGMENTATION: /usr/lib/x86_64-linux-gnu/libpcl_segmentation.so  
[6.518s] -- Found PCL_VISUALIZATION: /usr/lib/x86_64-linux-gnu/libpcl_visualization.so  
[6.520s] -- Found PCL_SURFACE: /usr/lib/x86_64-linux-gnu/libpcl_surface.so  
[6.520s] -- Found PCL_REGISTRATION: /usr/lib/x86_64-linux-gnu/libpcl_registration.so  
[6.522s] -- Found PCL_KEYPOINTS: /usr/lib/x86_64-linux-gnu/libpcl_keypoints.so  
[6.523s] -- Found PCL_TRACKING: /usr/lib/x86_64-linux-gnu/libpcl_tracking.so  
[6.525s] -- Found PCL_RECOGNITION: /usr/lib/x86_64-linux-gnu/libpcl_recognition.so  
[6.526s] -- Found PCL_STEREO: /usr/lib/x86_64-linux-gnu/libpcl_stereo.so  
[6.527s] -- Found PCL_APPS: /usr/lib/x86_64-linux-gnu/libpcl_apps.so  
[6.528s] -- Found PCL_IN_HAND_SCANNER: /usr/include/pcl-1.12  
[6.529s] -- Found PCL_MODELER: /usr/include/pcl-1.12  
[6.529s] -- Found PCL_POINT_CLOUD_EDITOR: /usr/include/pcl-1.12  
[6.531s] -- Found PCL_OUTOFCORE: /usr/lib/x86_64-linux-gnu/libpcl_outofcore.so  
[6.532s] -- Found PCL_PEOPLE: /usr/lib/x86_64-linux-gnu/libpcl_people.so  
[6.540s] -- Found Boost: /usr/lib/x86_64-linux-gnu/cmake/Boost-1.74.0/BoostConfig.cmake (found version "1.74.0") found components: system 
[6.541s] [33mCMake Warning (dev) at CMakeLists.txt:62 (find_package):
[6.541s]   Policy CMP0074 is not set: find_package uses <PackageName>_ROOT variables.
[6.541s]   Run "cmake --help-policy CMP0074" for policy details.  Use the cmake_policy
[6.542s]   command to set the policy and suppress this warning.
[6.542s] 
[6.542s]   CMake variable PCL_ROOT is set to:
[6.542s] 
[6.542s]     /usr
[6.542s] 
[6.542s]   For compatibility, CMake is ignoring the variable.
[6.542s] This warning is for project developers.  Use -Wno-dev to suppress it.
[6.542s] [0m
[6.695s] -- Configuring done
[6.752s] -- Generating done
[6.768s] -- Build files have been written to: /home/zeyadcode_jammy/shell_ws/src/build/pcl_recorder
[6.796s] Invoked command in '/home/zeyadcode_jammy/shell_ws/src/build/pcl_recorder' returned '0': AMENT_PREFIX_PATH=/home/zeyadcode_jammy/shell_ws/src/install/carla_ros_bridge:/home/zeyadcode_jammy/shell_ws/src/install/carla_spawn_objects:/home/zeyadcode_jammy/shell_ws/src/install/carla_manual_control:/home/zeyadcode_jammy/shell_ws/src/install/ros_compatibility:/home/zeyadcode_jammy/shell_ws/src/install/carla_msgs:/home/zeyadcode_jammy/shell_ws/src/install/carla_common:${AMENT_PREFIX_PATH} CMAKE_PREFIX_PATH=/home/zeyadcode_jammy/shell_ws/src/install/carla_msgs:/opt/ros/humble LD_LIBRARY_PATH=/home/zeyadcode_jammy/shell_ws/src/install/carla_msgs/lib:${LD_LIBRARY_PATH} PYTHONPATH=/home/zeyadcode_jammy/shell_ws/src/build/carla_ros_bridge/src:/home/zeyadcode_jammy/shell_ws/src/install/carla_ros_bridge/lib/python3.10/site-packages:/home/zeyadcode_jammy/shell_ws/src/build/carla_spawn_objects:/home/zeyadcode_jammy/shell_ws/src/install/carla_spawn_objects/lib/python3.10/site-packages:/home/zeyadcode_jammy/shell_ws/src/build/carla_manual_control/src:/home/zeyadcode_jammy/shell_ws/src/install/carla_manual_control/lib/python3.10/site-packages:/home/zeyadcode_jammy/shell_ws/src/build/ros_compatibility/src:/home/zeyadcode_jammy/shell_ws/src/install/ros_compatibility/lib/python3.10/site-packages:/home/zeyadcode_jammy/shell_ws/src/install/carla_msgs/local/lib/python3.10/dist-packages:/home/zeyadcode_jammy/shell_ws/src/build/carla_common/src:/home/zeyadcode_jammy/shell_ws/src/install/carla_common/lib/python3.10/site-packages:${PYTHONPATH} /usr/bin/cmake /home/zeyadcode_jammy/shell_ws/src/sem-apc-ros-bridge/pcl_recorder -DCMAKE_BUILD_TYPE=RelWithDebInfo -DAMENT_CMAKE_SYMLINK_INSTALL=1 -DCMAKE_INSTALL_PREFIX=/home/zeyadcode_jammy/shell_ws/src/install/pcl_recorder
[6.796s] Invoking command in '/home/zeyadcode_jammy/shell_ws/src/build/pcl_recorder': AMENT_PREFIX_PATH=/home/zeyadcode_jammy/shell_ws/src/install/carla_ros_bridge:/home/zeyadcode_jammy/shell_ws/src/install/carla_spawn_objects:/home/zeyadcode_jammy/shell_ws/src/install/carla_manual_control:/home/zeyadcode_jammy/shell_ws/src/install/ros_compatibility:/home/zeyadcode_jammy/shell_ws/src/install/carla_msgs:/home/zeyadcode_jammy/shell_ws/src/install/carla_common:${AMENT_PREFIX_PATH} CMAKE_PREFIX_PATH=/home/zeyadcode_jammy/shell_ws/src/install/carla_msgs:/opt/ros/humble LD_LIBRARY_PATH=/home/zeyadcode_jammy/shell_ws/src/install/carla_msgs/lib:${LD_LIBRARY_PATH} PYTHONPATH=/home/zeyadcode_jammy/shell_ws/src/build/carla_ros_bridge/src:/home/zeyadcode_jammy/shell_ws/src/install/carla_ros_bridge/lib/python3.10/site-packages:/home/zeyadcode_jammy/shell_ws/src/build/carla_spawn_objects:/home/zeyadcode_jammy/shell_ws/src/install/carla_spawn_objects/lib/python3.10/site-packages:/home/zeyadcode_jammy/shell_ws/src/build/carla_manual_control/src:/home/zeyadcode_jammy/shell_ws/src/install/carla_manual_control/lib/python3.10/site-packages:/home/zeyadcode_jammy/shell_ws/src/build/ros_compatibility/src:/home/zeyadcode_jammy/shell_ws/src/install/ros_compatibility/lib/python3.10/site-packages:/home/zeyadcode_jammy/shell_ws/src/install/carla_msgs/local/lib/python3.10/dist-packages:/home/zeyadcode_jammy/shell_ws/src/build/carla_common/src:/home/zeyadcode_jammy/shell_ws/src/install/carla_common/lib/python3.10/site-packages:${PYTHONPATH} /usr/bin/cmake --build /home/zeyadcode_jammy/shell_ws/src/build/pcl_recorder -- -j8 -l8
[6.871s] [ 33%] [32mBuilding CXX object CMakeFiles/pcl_recorder_node.dir/src/PclRecorderROS2.cpp.o[0m
[39.081s] [ 66%] [32mBuilding CXX object CMakeFiles/pcl_recorder_node.dir/src/mainROS2.cpp.o[0m
[49.989s] [100%] [32m[1mLinking CXX executable pcl_recorder_node[0m
[50.864s] [100%] Built target pcl_recorder_node
[50.884s] Invoked command in '/home/zeyadcode_jammy/shell_ws/src/build/pcl_recorder' returned '0': AMENT_PREFIX_PATH=/home/zeyadcode_jammy/shell_ws/src/install/carla_ros_bridge:/home/zeyadcode_jammy/shell_ws/src/install/carla_spawn_objects:/home/zeyadcode_jammy/shell_ws/src/install/carla_manual_control:/home/zeyadcode_jammy/shell_ws/src/install/ros_compatibility:/home/zeyadcode_jammy/shell_ws/src/install/carla_msgs:/home/zeyadcode_jammy/shell_ws/src/install/carla_common:${AMENT_PREFIX_PATH} CMAKE_PREFIX_PATH=/home/zeyadcode_jammy/shell_ws/src/install/carla_msgs:/opt/ros/humble LD_LIBRARY_PATH=/home/zeyadcode_jammy/shell_ws/src/install/carla_msgs/lib:${LD_LIBRARY_PATH} PYTHONPATH=/home/zeyadcode_jammy/shell_ws/src/build/carla_ros_bridge/src:/home/zeyadcode_jammy/shell_ws/src/install/carla_ros_bridge/lib/python3.10/site-packages:/home/zeyadcode_jammy/shell_ws/src/build/carla_spawn_objects:/home/zeyadcode_jammy/shell_ws/src/install/carla_spawn_objects/lib/python3.10/site-packages:/home/zeyadcode_jammy/shell_ws/src/build/carla_manual_control/src:/home/zeyadcode_jammy/shell_ws/src/install/carla_manual_control/lib/python3.10/site-packages:/home/zeyadcode_jammy/shell_ws/src/build/ros_compatibility/src:/home/zeyadcode_jammy/shell_ws/src/install/ros_compatibility/lib/python3.10/site-packages:/home/zeyadcode_jammy/shell_ws/src/install/carla_msgs/local/lib/python3.10/dist-packages:/home/zeyadcode_jammy/shell_ws/src/build/carla_common/src:/home/zeyadcode_jammy/shell_ws/src/install/carla_common/lib/python3.10/site-packages:${PYTHONPATH} /usr/bin/cmake --build /home/zeyadcode_jammy/shell_ws/src/build/pcl_recorder -- -j8 -l8
[50.886s] Invoking command in '/home/zeyadcode_jammy/shell_ws/src/build/pcl_recorder': AMENT_PREFIX_PATH=/home/zeyadcode_jammy/shell_ws/src/install/carla_ros_bridge:/home/zeyadcode_jammy/shell_ws/src/install/carla_spawn_objects:/home/zeyadcode_jammy/shell_ws/src/install/carla_manual_control:/home/zeyadcode_jammy/shell_ws/src/install/ros_compatibility:/home/zeyadcode_jammy/shell_ws/src/install/carla_msgs:/home/zeyadcode_jammy/shell_ws/src/install/carla_common:${AMENT_PREFIX_PATH} CMAKE_PREFIX_PATH=/home/zeyadcode_jammy/shell_ws/src/install/carla_msgs:/opt/ros/humble LD_LIBRARY_PATH=/home/zeyadcode_jammy/shell_ws/src/install/carla_msgs/lib:${LD_LIBRARY_PATH} PYTHONPATH=/home/zeyadcode_jammy/shell_ws/src/build/carla_ros_bridge/src:/home/zeyadcode_jammy/shell_ws/src/install/carla_ros_bridge/lib/python3.10/site-packages:/home/zeyadcode_jammy/shell_ws/src/build/carla_spawn_objects:/home/zeyadcode_jammy/shell_ws/src/install/carla_spawn_objects/lib/python3.10/site-packages:/home/zeyadcode_jammy/shell_ws/src/build/carla_manual_control/src:/home/zeyadcode_jammy/shell_ws/src/install/carla_manual_control/lib/python3.10/site-packages:/home/zeyadcode_jammy/shell_ws/src/build/ros_compatibility/src:/home/zeyadcode_jammy/shell_ws/src/install/ros_compatibility/lib/python3.10/site-packages:/home/zeyadcode_jammy/shell_ws/src/install/carla_msgs/local/lib/python3.10/dist-packages:/home/zeyadcode_jammy/shell_ws/src/build/carla_common/src:/home/zeyadcode_jammy/shell_ws/src/install/carla_common/lib/python3.10/site-packages:${PYTHONPATH} /usr/bin/cmake --install /home/zeyadcode_jammy/shell_ws/src/build/pcl_recorder
[50.896s] -- Install configuration: "RelWithDebInfo"
[50.897s] -- Execute custom install script
[50.897s] -- Symlinking: /home/zeyadcode_jammy/shell_ws/src/install/pcl_recorder/lib/pcl_recorder/pcl_recorder_node
[50.910s] -- Symlinking: /home/zeyadcode_jammy/shell_ws/src/install/pcl_recorder/share/pcl_recorder//pcl_recorder.launch
[50.922s] -- Symlinking: /home/zeyadcode_jammy/shell_ws/src/install/pcl_recorder/share/pcl_recorder//pcl_recorder.launch.py
[50.935s] -- Symlinking: /home/zeyadcode_jammy/shell_ws/src/install/pcl_recorder/share/ament_index/resource_index/package_run_dependencies/pcl_recorder
[50.948s] -- Symlinking: /home/zeyadcode_jammy/shell_ws/src/install/pcl_recorder/share/ament_index/resource_index/parent_prefix_path/pcl_recorder
[50.962s] -- Symlinking: /home/zeyadcode_jammy/shell_ws/src/install/pcl_recorder/share/pcl_recorder/environment/ament_prefix_path.sh
[50.973s] -- Symlinking: /home/zeyadcode_jammy/shell_ws/src/install/pcl_recorder/share/pcl_recorder/environment/ament_prefix_path.dsv
[50.985s] -- Symlinking: /home/zeyadcode_jammy/shell_ws/src/install/pcl_recorder/share/pcl_recorder/environment/path.sh
[50.993s] -- Symlinking: /home/zeyadcode_jammy/shell_ws/src/install/pcl_recorder/share/pcl_recorder/environment/path.dsv
[51.008s] -- Symlinking: /home/zeyadcode_jammy/shell_ws/src/install/pcl_recorder/share/pcl_recorder/local_setup.bash
[51.022s] -- Symlinking: /home/zeyadcode_jammy/shell_ws/src/install/pcl_recorder/share/pcl_recorder/local_setup.sh
[51.035s] -- Symlinking: /home/zeyadcode_jammy/shell_ws/src/install/pcl_recorder/share/pcl_recorder/local_setup.zsh
[51.047s] -- Symlinking: /home/zeyadcode_jammy/shell_ws/src/install/pcl_recorder/share/pcl_recorder/local_setup.dsv
[51.059s] -- Symlinking: /home/zeyadcode_jammy/shell_ws/src/install/pcl_recorder/share/pcl_recorder/package.dsv
[51.069s] -- Symlinking: /home/zeyadcode_jammy/shell_ws/src/install/pcl_recorder/share/ament_index/resource_index/packages/pcl_recorder
[51.084s] -- Symlinking: /home/zeyadcode_jammy/shell_ws/src/install/pcl_recorder/share/pcl_recorder/cmake/pcl_recorderConfig.cmake
[51.093s] -- Symlinking: /home/zeyadcode_jammy/shell_ws/src/install/pcl_recorder/share/pcl_recorder/cmake/pcl_recorderConfig-version.cmake
[51.104s] -- Symlinking: /home/zeyadcode_jammy/shell_ws/src/install/pcl_recorder/share/pcl_recorder/package.xml
[51.121s] Invoked command in '/home/zeyadcode_jammy/shell_ws/src/build/pcl_recorder' returned '0': AMENT_PREFIX_PATH=/home/zeyadcode_jammy/shell_ws/src/install/carla_ros_bridge:/home/zeyadcode_jammy/shell_ws/src/install/carla_spawn_objects:/home/zeyadcode_jammy/shell_ws/src/install/carla_manual_control:/home/zeyadcode_jammy/shell_ws/src/install/ros_compatibility:/home/zeyadcode_jammy/shell_ws/src/install/carla_msgs:/home/zeyadcode_jammy/shell_ws/src/install/carla_common:${AMENT_PREFIX_PATH} CMAKE_PREFIX_PATH=/home/zeyadcode_jammy/shell_ws/src/install/carla_msgs:/opt/ros/humble LD_LIBRARY_PATH=/home/zeyadcode_jammy/shell_ws/src/install/carla_msgs/lib:${LD_LIBRARY_PATH} PYTHONPATH=/home/zeyadcode_jammy/shell_ws/src/build/carla_ros_bridge/src:/home/zeyadcode_jammy/shell_ws/src/install/carla_ros_bridge/lib/python3.10/site-packages:/home/zeyadcode_jammy/shell_ws/src/build/carla_spawn_objects:/home/zeyadcode_jammy/shell_ws/src/install/carla_spawn_objects/lib/python3.10/site-packages:/home/zeyadcode_jammy/shell_ws/src/build/carla_manual_control/src:/home/zeyadcode_jammy/shell_ws/src/install/carla_manual_control/lib/python3.10/site-packages:/home/zeyadcode_jammy/shell_ws/src/build/ros_compatibility/src:/home/zeyadcode_jammy/shell_ws/src/install/ros_compatibility/lib/python3.10/site-packages:/home/zeyadcode_jammy/shell_ws/src/install/carla_msgs/local/lib/python3.10/dist-packages:/home/zeyadcode_jammy/shell_ws/src/build/carla_common/src:/home/zeyadcode_jammy/shell_ws/src/install/carla_common/lib/python3.10/site-packages:${PYTHONPATH} /usr/bin/cmake --install /home/zeyadcode_jammy/shell_ws/src/build/pcl_recorder
