[2.915s] Invoking command in '/home/zeyadcode_jammy/shell_ws/src/build/carla_manual_control': AMENT_PREFIX_PATH=/home/zeyadcode_jammy/shell_ws/src/install/ros_compatibility:/home/zeyadcode_jammy/shell_ws/src/install/carla_msgs:${AMENT_PREFIX_PATH} CMAKE_PREFIX_PATH=/home/zeyadcode_jammy/shell_ws/src/install/carla_msgs LD_LIBRARY_PATH=/home/zeyadcode_jammy/shell_ws/src/install/carla_msgs/lib:${LD_LIBRARY_PATH} PYTHONPATH=/home/zeyadcode_jammy/shell_ws/src/build/carla_manual_control/prefix_override:/usr/lib/python3/dist-packages/colcon_core/task/python/colcon_distutils_commands:/home/zeyadcode_jammy/shell_ws/src/install/carla_manual_control/lib/python3.10/site-packages:/home/zeyadcode_jammy/shell_ws/src/build/ros_compatibility/src:/home/zeyadcode_jammy/shell_ws/src/install/ros_compatibility/lib/python3.10/site-packages:/home/zeyadcode_jammy/shell_ws/src/install/carla_msgs/local/lib/python3.10/dist-packages:${PYTHONPATH} /usr/bin/python3 -W ignore:setup.py install is deprecated -W ignore:easy_install command is deprecated setup.py develop --editable --build-directory /home/zeyadcode_jammy/shell_ws/src/build/carla_manual_control/build --no-deps symlink_data
[3.563s] running develop
[3.830s] running egg_info
[3.830s] creating src/carla_manual_control.egg-info
[3.831s] writing src/carla_manual_control.egg-info/PKG-INFO
[3.832s] writing dependency_links to src/carla_manual_control.egg-info/dependency_links.txt
[3.833s] writing entry points to src/carla_manual_control.egg-info/entry_points.txt
[3.834s] writing requirements to src/carla_manual_control.egg-info/requires.txt
[3.834s] writing top-level names to src/carla_manual_control.egg-info/top_level.txt
[3.836s] writing manifest file 'src/carla_manual_control.egg-info/SOURCES.txt'
[3.837s] reading manifest file 'src/carla_manual_control.egg-info/SOURCES.txt'
[3.838s] writing manifest file 'src/carla_manual_control.egg-info/SOURCES.txt'
[3.841s] running build_ext
[3.841s] Creating /home/zeyadcode_jammy/shell_ws/src/install/carla_manual_control/lib/python3.10/site-packages/carla-manual-control.egg-link (link to src)
[3.842s] Installing carla_manual_control script to /home/zeyadcode_jammy/shell_ws/src/install/carla_manual_control/lib/carla_manual_control
[3.844s] 
[3.844s] Installed /home/zeyadcode_jammy/shell_ws/src/build/carla_manual_control/src
[3.844s] running symlink_data
[3.848s] creating /home/zeyadcode_jammy/shell_ws/src/install/carla_manual_control/share/ament_index
[3.848s] creating /home/zeyadcode_jammy/shell_ws/src/install/carla_manual_control/share/ament_index/resource_index
[3.848s] creating /home/zeyadcode_jammy/shell_ws/src/install/carla_manual_control/share/ament_index/resource_index/packages
[3.848s] symbolically linking /home/zeyadcode_jammy/shell_ws/src/build/carla_manual_control/resource/carla_manual_control -> /home/zeyadcode_jammy/shell_ws/src/install/carla_manual_control/share/ament_index/resource_index/packages
[3.848s] symbolically linking /home/zeyadcode_jammy/shell_ws/src/build/carla_manual_control/package.xml -> /home/zeyadcode_jammy/shell_ws/src/install/carla_manual_control/share/carla_manual_control
[3.848s] symbolically linking /home/zeyadcode_jammy/shell_ws/src/build/carla_manual_control/launch/carla_manual_control.launch.py -> /home/zeyadcode_jammy/shell_ws/src/install/carla_manual_control/share/carla_manual_control
[3.898s] Invoked command in '/home/zeyadcode_jammy/shell_ws/src/build/carla_manual_control' returned '0': AMENT_PREFIX_PATH=/home/zeyadcode_jammy/shell_ws/src/install/ros_compatibility:/home/zeyadcode_jammy/shell_ws/src/install/carla_msgs:${AMENT_PREFIX_PATH} CMAKE_PREFIX_PATH=/home/zeyadcode_jammy/shell_ws/src/install/carla_msgs LD_LIBRARY_PATH=/home/zeyadcode_jammy/shell_ws/src/install/carla_msgs/lib:${LD_LIBRARY_PATH} PYTHONPATH=/home/zeyadcode_jammy/shell_ws/src/build/carla_manual_control/prefix_override:/usr/lib/python3/dist-packages/colcon_core/task/python/colcon_distutils_commands:/home/zeyadcode_jammy/shell_ws/src/install/carla_manual_control/lib/python3.10/site-packages:/home/zeyadcode_jammy/shell_ws/src/build/ros_compatibility/src:/home/zeyadcode_jammy/shell_ws/src/install/ros_compatibility/lib/python3.10/site-packages:/home/zeyadcode_jammy/shell_ws/src/install/carla_msgs/local/lib/python3.10/dist-packages:${PYTHONPATH} /usr/bin/python3 -W ignore:setup.py install is deprecated -W ignore:easy_install command is deprecated setup.py develop --editable --build-directory /home/zeyadcode_jammy/shell_ws/src/build/carla_manual_control/build --no-deps symlink_data
