[1.262s] Invoking command in '/home/zeyadcode_jammy/shell_ws/src/build/carla_shell_bridge': AMENT_PREFIX_PATH=/home/zeyadcode_jammy/shell_ws/src/install/carla_msgs:${AMENT_PREFIX_PATH} CMAKE_PREFIX_PATH=/home/zeyadcode_jammy/shell_ws/src/install/carla_msgs:/opt/ros/humble LD_LIBRARY_PATH=/home/zeyadcode_jammy/shell_ws/src/install/carla_msgs/lib:${LD_LIBRARY_PATH} PYTHONPATH=/home/zeyadcode_jammy/shell_ws/src/install/carla_msgs/local/lib/python3.10/dist-packages:${PYTHONPATH} /usr/bin/cmake /home/zeyadcode_jammy/shell_ws/src/sem-apc-carla-interface -DCMAKE_BUILD_TYPE=RelWithDebInfo -DAMENT_CMAKE_SYMLINK_INSTALL=1 -DCMAKE_INSTALL_PREFIX=/home/zeyadcode_jammy/shell_ws/src/install/carla_shell_bridge
[1.573s] -- The C compiler identification is GNU 11.4.0
[1.573s] -- The CXX compiler identification is GNU 11.4.0
[1.573s] -- Detecting C compiler ABI info
[1.574s] -- Detecting C compiler ABI info - done
[1.574s] -- Check for working C compiler: /usr/bin/cc - skipped
[1.574s] -- Detecting C compile features
[1.574s] -- Detecting C compile features - done
[1.574s] -- Detecting CXX compiler ABI info
[1.740s] -- Detecting CXX compiler ABI info - done
[1.764s] -- Check for working CXX compiler: /usr/bin/c++ - skipped
[1.764s] -- Detecting CXX compile features
[1.764s] -- Detecting CXX compile features - done
[1.768s] -- Found ament_cmake: 1.3.11 (/opt/ros/humble/share/ament_cmake/cmake)
[2.391s] -- Found Python3: /usr/bin/python3 (found version "3.10.12") found components: Interpreter 
[2.750s] -- Override CMake install command with custom implementation using symlinks instead of copying resources
[2.896s] -- Found rclcpp: 16.0.12 (/opt/ros/humble/share/rclcpp/cmake)
[3.043s] -- Found rosidl_generator_c: 3.1.6 (/opt/ros/humble/share/rosidl_generator_c/cmake)
[3.053s] -- Found rosidl_adapter: 3.1.6 (/opt/ros/humble/share/rosidl_adapter/cmake)
[3.069s] -- Found rosidl_generator_cpp: 3.1.6 (/opt/ros/humble/share/rosidl_generator_cpp/cmake)
[3.089s] -- Using all available rosidl_typesupport_c: rosidl_typesupport_fastrtps_c;rosidl_typesupport_introspection_c
[3.116s] -- Using all available rosidl_typesupport_cpp: rosidl_typesupport_fastrtps_cpp;rosidl_typesupport_introspection_cpp
[3.205s] -- Found rmw_implementation_cmake: 6.1.2 (/opt/ros/humble/share/rmw_implementation_cmake/cmake)
[3.212s] -- Found rmw_fastrtps_cpp: 6.2.7 (/opt/ros/humble/share/rmw_fastrtps_cpp/cmake)
[3.455s] -- Found OpenSSL: /usr/lib/x86_64-linux-gnu/libcrypto.so (found version "3.0.2")  
[3.581s] -- Found FastRTPS: /opt/ros/humble/include  
[3.668s] -- Using RMW implementation 'rmw_fastrtps_cpp' as default
[3.680s] -- Looking for pthread.h
[3.891s] -- Looking for pthread.h - found
[3.900s] -- Performing Test CMAKE_HAVE_LIBC_PTHREAD
[4.140s] -- Performing Test CMAKE_HAVE_LIBC_PTHREAD - Success
[4.142s] -- Found Threads: TRUE  
[4.337s] -- Found rclcpp_components: 16.0.12 (/opt/ros/humble/share/rclcpp_components/cmake)
[4.431s] -- Found rclpy: 3.3.16 (/opt/ros/humble/share/rclpy/cmake)
[4.435s] -- Found carla_msgs: 1.3.0 (/home/zeyadcode_jammy/shell_ws/src/install/carla_msgs/share/carla_msgs/cmake)
[4.750s] -- Found ament_lint_auto: 0.12.12 (/opt/ros/humble/share/ament_lint_auto/cmake)
[4.927s] -- Added test 'cppcheck' to perform static code analysis on C / C++ code
[4.928s] -- Configured cppcheck include dirs: 
[4.928s] -- Configured cppcheck exclude dirs and/or files: 
[4.931s] -- Added test 'flake8' to check Python code syntax and style conventions
[4.931s] -- Added test 'lint_cmake' to check CMake code style
[4.932s] -- Added test 'pep257' to check Python code against some of the docstring style conventions in PEP 257
[4.936s] -- Added test 'uncrustify' to check C / C++ code style
[4.937s] -- Configured uncrustify additional arguments: 
[4.939s] -- Added test 'xmllint' to check XML markup files
[4.940s] -- Configuring done
[4.977s] -- Generating done
[4.988s] -- Build files have been written to: /home/zeyadcode_jammy/shell_ws/src/build/carla_shell_bridge
[5.010s] Invoked command in '/home/zeyadcode_jammy/shell_ws/src/build/carla_shell_bridge' returned '0': AMENT_PREFIX_PATH=/home/zeyadcode_jammy/shell_ws/src/install/carla_msgs:${AMENT_PREFIX_PATH} CMAKE_PREFIX_PATH=/home/zeyadcode_jammy/shell_ws/src/install/carla_msgs:/opt/ros/humble LD_LIBRARY_PATH=/home/zeyadcode_jammy/shell_ws/src/install/carla_msgs/lib:${LD_LIBRARY_PATH} PYTHONPATH=/home/zeyadcode_jammy/shell_ws/src/install/carla_msgs/local/lib/python3.10/dist-packages:${PYTHONPATH} /usr/bin/cmake /home/zeyadcode_jammy/shell_ws/src/sem-apc-carla-interface -DCMAKE_BUILD_TYPE=RelWithDebInfo -DAMENT_CMAKE_SYMLINK_INSTALL=1 -DCMAKE_INSTALL_PREFIX=/home/zeyadcode_jammy/shell_ws/src/install/carla_shell_bridge
[5.019s] Invoking command in '/home/zeyadcode_jammy/shell_ws/src/build/carla_shell_bridge': AMENT_PREFIX_PATH=/home/zeyadcode_jammy/shell_ws/src/install/carla_msgs:${AMENT_PREFIX_PATH} CMAKE_PREFIX_PATH=/home/zeyadcode_jammy/shell_ws/src/install/carla_msgs:/opt/ros/humble LD_LIBRARY_PATH=/home/zeyadcode_jammy/shell_ws/src/install/carla_msgs/lib:${LD_LIBRARY_PATH} PYTHONPATH=/home/zeyadcode_jammy/shell_ws/src/install/carla_msgs/local/lib/python3.10/dist-packages:${PYTHONPATH} /usr/bin/cmake --build /home/zeyadcode_jammy/shell_ws/src/build/carla_shell_bridge -- -j8 -l8
[5.165s] [ 50%] [32mBuilding CXX object CMakeFiles/carla_vehicle_interface.dir/src/components/carla_vehicle_interface.cpp.o[0m
[37.612s] [100%] [32m[1mLinking CXX shared library libcarla_vehicle_interface.so[0m
[38.137s] [100%] Built target carla_vehicle_interface
[38.172s] [100%] Built target ament_cmake_python_symlink_carla_shell_bridge
[38.540s] running egg_info
[38.541s] creating carla_shell_bridge.egg-info
[38.542s] writing carla_shell_bridge.egg-info/PKG-INFO
[38.542s] writing dependency_links to carla_shell_bridge.egg-info/dependency_links.txt
[38.543s] writing top-level names to carla_shell_bridge.egg-info/top_level.txt
[38.543s] writing manifest file 'carla_shell_bridge.egg-info/SOURCES.txt'
[38.546s] reading manifest file 'carla_shell_bridge.egg-info/SOURCES.txt'
[38.547s] writing manifest file 'carla_shell_bridge.egg-info/SOURCES.txt'
[38.592s] [100%] Built target ament_cmake_python_build_carla_shell_bridge_egg
[38.618s] Invoked command in '/home/zeyadcode_jammy/shell_ws/src/build/carla_shell_bridge' returned '0': AMENT_PREFIX_PATH=/home/zeyadcode_jammy/shell_ws/src/install/carla_msgs:${AMENT_PREFIX_PATH} CMAKE_PREFIX_PATH=/home/zeyadcode_jammy/shell_ws/src/install/carla_msgs:/opt/ros/humble LD_LIBRARY_PATH=/home/zeyadcode_jammy/shell_ws/src/install/carla_msgs/lib:${LD_LIBRARY_PATH} PYTHONPATH=/home/zeyadcode_jammy/shell_ws/src/install/carla_msgs/local/lib/python3.10/dist-packages:${PYTHONPATH} /usr/bin/cmake --build /home/zeyadcode_jammy/shell_ws/src/build/carla_shell_bridge -- -j8 -l8
[38.620s] Invoking command in '/home/zeyadcode_jammy/shell_ws/src/build/carla_shell_bridge': AMENT_PREFIX_PATH=/home/zeyadcode_jammy/shell_ws/src/install/carla_msgs:${AMENT_PREFIX_PATH} CMAKE_PREFIX_PATH=/home/zeyadcode_jammy/shell_ws/src/install/carla_msgs:/opt/ros/humble LD_LIBRARY_PATH=/home/zeyadcode_jammy/shell_ws/src/install/carla_msgs/lib:${LD_LIBRARY_PATH} PYTHONPATH=/home/zeyadcode_jammy/shell_ws/src/install/carla_msgs/local/lib/python3.10/dist-packages:${PYTHONPATH} /usr/bin/cmake --install /home/zeyadcode_jammy/shell_ws/src/build/carla_shell_bridge
[38.632s] -- Install configuration: "RelWithDebInfo"
[38.633s] -- Execute custom install script
[38.634s] -- Symlinking: /home/zeyadcode_jammy/shell_ws/src/install/carla_shell_bridge/lib/libcarla_vehicle_interface.so
[38.657s] -- Symlinking: /home/zeyadcode_jammy/shell_ws/src/install/carla_shell_bridge/lib/carla_shell_bridge/map_loader.py
[38.678s] -- Symlinking: /home/zeyadcode_jammy/shell_ws/src/install/carla_shell_bridge/lib/carla_shell_bridge/traffic_generator.py
[38.697s] -- Symlinking: /home/zeyadcode_jammy/shell_ws/src/install/carla_shell_bridge/share/carla_shell_bridge//launch/main.launch.py
[38.710s] -- Symlinking: /home/zeyadcode_jammy/shell_ws/src/install/carla_shell_bridge/share/carla_shell_bridge//launch/objects.json
[38.726s] -- Symlinking: /home/zeyadcode_jammy/shell_ws/src/install/carla_shell_bridge/share/carla_shell_bridge/carla_config.yaml
[38.755s] -- Symlinking: /home/zeyadcode_jammy/shell_ws/src/install/carla_shell_bridge/share/carla_shell_bridge/environment/pythonpath.sh
[38.772s] -- Symlinking: /home/zeyadcode_jammy/shell_ws/src/install/carla_shell_bridge/share/carla_shell_bridge/environment/pythonpath.dsv
[38.791s] -- Symlinking: /home/zeyadcode_jammy/shell_ws/src/install/carla_shell_bridge/local/lib/python3.10/dist-packages/carla_shell_bridge-0.0.0-py3.10.egg-info/PKG-INFO
[38.813s] -- Symlinking: /home/zeyadcode_jammy/shell_ws/src/install/carla_shell_bridge/local/lib/python3.10/dist-packages/carla_shell_bridge-0.0.0-py3.10.egg-info/SOURCES.txt
[38.837s] -- Symlinking: /home/zeyadcode_jammy/shell_ws/src/install/carla_shell_bridge/local/lib/python3.10/dist-packages/carla_shell_bridge-0.0.0-py3.10.egg-info/dependency_links.txt
[38.849s] -- Symlinking: /home/zeyadcode_jammy/shell_ws/src/install/carla_shell_bridge/local/lib/python3.10/dist-packages/carla_shell_bridge-0.0.0-py3.10.egg-info/top_level.txt
[38.863s] -- Symlinking: /home/zeyadcode_jammy/shell_ws/src/install/carla_shell_bridge/local/lib/python3.10/dist-packages/carla_shell_bridge/__init__.py
[38.875s] -- Symlinking: /home/zeyadcode_jammy/shell_ws/src/install/carla_shell_bridge/share/ament_index/resource_index/package_run_dependencies/carla_shell_bridge
[38.897s] -- Symlinking: /home/zeyadcode_jammy/shell_ws/src/install/carla_shell_bridge/share/ament_index/resource_index/parent_prefix_path/carla_shell_bridge
[38.925s] -- Symlinking: /home/zeyadcode_jammy/shell_ws/src/install/carla_shell_bridge/share/carla_shell_bridge/environment/ament_prefix_path.sh
[38.963s] -- Symlinking: /home/zeyadcode_jammy/shell_ws/src/install/carla_shell_bridge/share/carla_shell_bridge/environment/ament_prefix_path.dsv
[38.989s] -- Symlinking: /home/zeyadcode_jammy/shell_ws/src/install/carla_shell_bridge/share/carla_shell_bridge/environment/path.sh
[39.007s] -- Symlinking: /home/zeyadcode_jammy/shell_ws/src/install/carla_shell_bridge/share/carla_shell_bridge/environment/path.dsv
[39.021s] -- Symlinking: /home/zeyadcode_jammy/shell_ws/src/install/carla_shell_bridge/share/carla_shell_bridge/local_setup.bash
[39.035s] -- Symlinking: /home/zeyadcode_jammy/shell_ws/src/install/carla_shell_bridge/share/carla_shell_bridge/local_setup.sh
[39.048s] -- Symlinking: /home/zeyadcode_jammy/shell_ws/src/install/carla_shell_bridge/share/carla_shell_bridge/local_setup.zsh
[39.062s] -- Symlinking: /home/zeyadcode_jammy/shell_ws/src/install/carla_shell_bridge/share/carla_shell_bridge/local_setup.dsv
[39.074s] -- Symlinking: /home/zeyadcode_jammy/shell_ws/src/install/carla_shell_bridge/share/carla_shell_bridge/package.dsv
[39.086s] -- Symlinking: /home/zeyadcode_jammy/shell_ws/src/install/carla_shell_bridge/share/ament_index/resource_index/packages/carla_shell_bridge
[39.098s] -- Symlinking: /home/zeyadcode_jammy/shell_ws/src/install/carla_shell_bridge/share/ament_index/resource_index/rclcpp_components/carla_shell_bridge
[39.110s] -- Symlinking: /home/zeyadcode_jammy/shell_ws/src/install/carla_shell_bridge/share/carla_shell_bridge/cmake/carla_shell_bridgeConfig.cmake
[39.122s] -- Symlinking: /home/zeyadcode_jammy/shell_ws/src/install/carla_shell_bridge/share/carla_shell_bridge/cmake/carla_shell_bridgeConfig-version.cmake
[39.135s] -- Symlinking: /home/zeyadcode_jammy/shell_ws/src/install/carla_shell_bridge/share/carla_shell_bridge/package.xml
[39.194s] Listing '/home/zeyadcode_jammy/shell_ws/src/install/carla_shell_bridge/local/lib/python3.10/dist-packages/carla_shell_bridge'...
[39.194s] Compiling '/home/zeyadcode_jammy/shell_ws/src/install/carla_shell_bridge/local/lib/python3.10/dist-packages/carla_shell_bridge/__init__.py'...
[39.202s] Invoked command in '/home/zeyadcode_jammy/shell_ws/src/build/carla_shell_bridge' returned '0': AMENT_PREFIX_PATH=/home/zeyadcode_jammy/shell_ws/src/install/carla_msgs:${AMENT_PREFIX_PATH} CMAKE_PREFIX_PATH=/home/zeyadcode_jammy/shell_ws/src/install/carla_msgs:/opt/ros/humble LD_LIBRARY_PATH=/home/zeyadcode_jammy/shell_ws/src/install/carla_msgs/lib:${LD_LIBRARY_PATH} PYTHONPATH=/home/zeyadcode_jammy/shell_ws/src/install/carla_msgs/local/lib/python3.10/dist-packages:${PYTHONPATH} /usr/bin/cmake --install /home/zeyadcode_jammy/shell_ws/src/build/carla_shell_bridge
