[0.919s] Invoking command in '/home/zeyadcode_jammy/shell_ws/src/build/carla_ackermann_control': AMENT_PREFIX_PATH=/home/zeyadcode_jammy/shell_ws/src/install/carla_ros_bridge:/home/zeyadcode_jammy/shell_ws/src/install/carla_spawn_objects:/home/zeyadcode_jammy/shell_ws/src/install/carla_manual_control:/home/zeyadcode_jammy/shell_ws/src/install/carla_ackermann_msgs:/home/zeyadcode_jammy/shell_ws/src/install/ros_compatibility:/home/zeyadcode_jammy/shell_ws/src/install/carla_msgs:/home/zeyadcode_jammy/shell_ws/src/install/carla_common:${AMENT_PREFIX_PATH} CMAKE_PREFIX_PATH=/home/zeyadcode_jammy/shell_ws/src/install/carla_ackermann_msgs:/home/zeyadcode_jammy/shell_ws/src/install/carla_msgs LD_LIBRARY_PATH=/home/zeyadcode_jammy/shell_ws/src/install/carla_ackermann_msgs/lib:/home/zeyadcode_jammy/shell_ws/src/install/carla_msgs/lib:${LD_LIBRARY_PATH} PYTHONPATH=/home/zeyadcode_jammy/shell_ws/src/build/carla_ackermann_control/prefix_override:/usr/lib/python3/dist-packages/colcon_core/task/python/colcon_distutils_commands:/home/zeyadcode_jammy/shell_ws/src/install/carla_ackermann_control/lib/python3.10/site-packages:/home/zeyadcode_jammy/shell_ws/src/build/carla_ros_bridge/src:/home/zeyadcode_jammy/shell_ws/src/install/carla_ros_bridge/lib/python3.10/site-packages:/home/zeyadcode_jammy/shell_ws/src/build/carla_spawn_objects:/home/zeyadcode_jammy/shell_ws/src/install/carla_spawn_objects/lib/python3.10/site-packages:/home/zeyadcode_jammy/shell_ws/src/build/carla_manual_control/src:/home/zeyadcode_jammy/shell_ws/src/install/carla_manual_control/lib/python3.10/site-packages:/home/zeyadcode_jammy/shell_ws/src/install/carla_ackermann_msgs/local/lib/python3.10/dist-packages:/home/zeyadcode_jammy/shell_ws/src/build/ros_compatibility/src:/home/zeyadcode_jammy/shell_ws/src/install/ros_compatibility/lib/python3.10/site-packages:/home/zeyadcode_jammy/shell_ws/src/install/carla_msgs/local/lib/python3.10/dist-packages:/home/zeyadcode_jammy/shell_ws/src/build/carla_common/src:/home/zeyadcode_jammy/shell_ws/src/install/carla_common/lib/python3.10/site-packages:${PYTHONPATH} /usr/bin/python3 -W ignore:setup.py install is deprecated -W ignore:easy_install command is deprecated setup.py develop --editable --build-directory /home/zeyadcode_jammy/shell_ws/src/build/carla_ackermann_control/build --no-deps symlink_data
[1.294s] running develop
[1.530s] running egg_info
[1.530s] creating src/carla_ackermann_control.egg-info
[1.530s] writing src/carla_ackermann_control.egg-info/PKG-INFO
[1.530s] writing dependency_links to src/carla_ackermann_control.egg-info/dependency_links.txt
[1.530s] writing entry points to src/carla_ackermann_control.egg-info/entry_points.txt
[1.530s] writing requirements to src/carla_ackermann_control.egg-info/requires.txt
[1.530s] writing top-level names to src/carla_ackermann_control.egg-info/top_level.txt
[1.530s] writing manifest file 'src/carla_ackermann_control.egg-info/SOURCES.txt'
[1.532s] reading manifest file 'src/carla_ackermann_control.egg-info/SOURCES.txt'
[1.533s] writing manifest file 'src/carla_ackermann_control.egg-info/SOURCES.txt'
[1.536s] running build_ext
[1.536s] Creating /home/zeyadcode_jammy/shell_ws/src/install/carla_ackermann_control/lib/python3.10/site-packages/carla-ackermann-control.egg-link (link to src)
[1.537s] Installing carla_ackermann_control_node script to /home/zeyadcode_jammy/shell_ws/src/install/carla_ackermann_control/lib/carla_ackermann_control
[1.538s] 
[1.538s] Installed /home/zeyadcode_jammy/shell_ws/src/build/carla_ackermann_control/src
[1.538s] running symlink_data
[1.538s] creating /home/zeyadcode_jammy/shell_ws/src/install/carla_ackermann_control/share/ament_index
[1.539s] creating /home/zeyadcode_jammy/shell_ws/src/install/carla_ackermann_control/share/ament_index/resource_index
[1.539s] creating /home/zeyadcode_jammy/shell_ws/src/install/carla_ackermann_control/share/ament_index/resource_index/packages
[1.539s] symbolically linking /home/zeyadcode_jammy/shell_ws/src/build/carla_ackermann_control/resource/carla_ackermann_control -> /home/zeyadcode_jammy/shell_ws/src/install/carla_ackermann_control/share/ament_index/resource_index/packages
[1.539s] symbolically linking /home/zeyadcode_jammy/shell_ws/src/build/carla_ackermann_control/package.xml -> /home/zeyadcode_jammy/shell_ws/src/install/carla_ackermann_control/share/carla_ackermann_control
[1.540s] symbolically linking /home/zeyadcode_jammy/shell_ws/src/build/carla_ackermann_control/launch/carla_ackermann_control.launch.py -> /home/zeyadcode_jammy/shell_ws/src/install/carla_ackermann_control/share/carla_ackermann_control
[1.540s] symbolically linking /home/zeyadcode_jammy/shell_ws/src/build/carla_ackermann_control/launch/carla_ros_bridge_with_ackermann_control.launch.py -> /home/zeyadcode_jammy/shell_ws/src/install/carla_ackermann_control/share/carla_ackermann_control
[1.540s] symbolically linking /home/zeyadcode_jammy/shell_ws/src/build/carla_ackermann_control/config/settings.yaml -> /home/zeyadcode_jammy/shell_ws/src/install/carla_ackermann_control/share/carla_ackermann_control
[1.592s] Invoked command in '/home/zeyadcode_jammy/shell_ws/src/build/carla_ackermann_control' returned '0': AMENT_PREFIX_PATH=/home/zeyadcode_jammy/shell_ws/src/install/carla_ros_bridge:/home/zeyadcode_jammy/shell_ws/src/install/carla_spawn_objects:/home/zeyadcode_jammy/shell_ws/src/install/carla_manual_control:/home/zeyadcode_jammy/shell_ws/src/install/carla_ackermann_msgs:/home/zeyadcode_jammy/shell_ws/src/install/ros_compatibility:/home/zeyadcode_jammy/shell_ws/src/install/carla_msgs:/home/zeyadcode_jammy/shell_ws/src/install/carla_common:${AMENT_PREFIX_PATH} CMAKE_PREFIX_PATH=/home/zeyadcode_jammy/shell_ws/src/install/carla_ackermann_msgs:/home/zeyadcode_jammy/shell_ws/src/install/carla_msgs LD_LIBRARY_PATH=/home/zeyadcode_jammy/shell_ws/src/install/carla_ackermann_msgs/lib:/home/zeyadcode_jammy/shell_ws/src/install/carla_msgs/lib:${LD_LIBRARY_PATH} PYTHONPATH=/home/zeyadcode_jammy/shell_ws/src/build/carla_ackermann_control/prefix_override:/usr/lib/python3/dist-packages/colcon_core/task/python/colcon_distutils_commands:/home/zeyadcode_jammy/shell_ws/src/install/carla_ackermann_control/lib/python3.10/site-packages:/home/zeyadcode_jammy/shell_ws/src/build/carla_ros_bridge/src:/home/zeyadcode_jammy/shell_ws/src/install/carla_ros_bridge/lib/python3.10/site-packages:/home/zeyadcode_jammy/shell_ws/src/build/carla_spawn_objects:/home/zeyadcode_jammy/shell_ws/src/install/carla_spawn_objects/lib/python3.10/site-packages:/home/zeyadcode_jammy/shell_ws/src/build/carla_manual_control/src:/home/zeyadcode_jammy/shell_ws/src/install/carla_manual_control/lib/python3.10/site-packages:/home/zeyadcode_jammy/shell_ws/src/install/carla_ackermann_msgs/local/lib/python3.10/dist-packages:/home/zeyadcode_jammy/shell_ws/src/build/ros_compatibility/src:/home/zeyadcode_jammy/shell_ws/src/install/ros_compatibility/lib/python3.10/site-packages:/home/zeyadcode_jammy/shell_ws/src/install/carla_msgs/local/lib/python3.10/dist-packages:/home/zeyadcode_jammy/shell_ws/src/build/carla_common/src:/home/zeyadcode_jammy/shell_ws/src/install/carla_common/lib/python3.10/site-packages:${PYTHONPATH} /usr/bin/python3 -W ignore:setup.py install is deprecated -W ignore:easy_install command is deprecated setup.py develop --editable --build-directory /home/zeyadcode_jammy/shell_ws/src/build/carla_ackermann_control/build --no-deps symlink_data
