[0.757s] Invoking command in '/home/zeyadcode_jammy/shell_ws/src/build/rqt_carla_control': PYTHONPATH=/home/zeyadcode_jammy/shell_ws/src/build/rqt_carla_control/prefix_override:/usr/lib/python3/dist-packages/colcon_core/task/python/colcon_distutils_commands:/home/zeyadcode_jammy/shell_ws/src/install/rqt_carla_control/lib/python3.10/site-packages:${PYTHONPATH} /usr/bin/python3 -W ignore:setup.py install is deprecated -W ignore:easy_install command is deprecated setup.py develop --editable --build-directory /home/zeyadcode_jammy/shell_ws/src/build/rqt_carla_control/build --no-deps symlink_data
[1.103s] running develop
[1.236s] running egg_info
[1.236s] creating src/rqt_carla_control.egg-info
[1.236s] writing src/rqt_carla_control.egg-info/PKG-INFO
[1.237s] writing dependency_links to src/rqt_carla_control.egg-info/dependency_links.txt
[1.239s] writing requirements to src/rqt_carla_control.egg-info/requires.txt
[1.239s] writing top-level names to src/rqt_carla_control.egg-info/top_level.txt
[1.239s] writing manifest file 'src/rqt_carla_control.egg-info/SOURCES.txt'
[1.239s] reading manifest file 'src/rqt_carla_control.egg-info/SOURCES.txt'
[1.239s] writing manifest file 'src/rqt_carla_control.egg-info/SOURCES.txt'
[1.241s] running build_ext
[1.242s] Creating /home/zeyadcode_jammy/shell_ws/src/install/rqt_carla_control/lib/python3.10/site-packages/rqt-carla-control.egg-link (link to src)
[1.245s] Installing rqt_carla_control script to /home/zeyadcode_jammy/shell_ws/src/install/rqt_carla_control/lib/rqt_carla_control
[1.245s] 
[1.245s] Installed /home/zeyadcode_jammy/shell_ws/src/build/rqt_carla_control/src
[1.245s] running symlink_data
[1.245s] creating /home/zeyadcode_jammy/shell_ws/src/install/rqt_carla_control/share/ament_index
[1.246s] creating /home/zeyadcode_jammy/shell_ws/src/install/rqt_carla_control/share/ament_index/resource_index
[1.246s] creating /home/zeyadcode_jammy/shell_ws/src/install/rqt_carla_control/share/ament_index/resource_index/packages
[1.246s] symbolically linking /home/zeyadcode_jammy/shell_ws/src/build/rqt_carla_control/resource/rqt_carla_control -> /home/zeyadcode_jammy/shell_ws/src/install/rqt_carla_control/share/ament_index/resource_index/packages
[1.246s] symbolically linking /home/zeyadcode_jammy/shell_ws/src/build/rqt_carla_control/package.xml -> /home/zeyadcode_jammy/shell_ws/src/install/rqt_carla_control/share/rqt_carla_control
[1.246s] symbolically linking /home/zeyadcode_jammy/shell_ws/src/build/rqt_carla_control/plugin.xml -> /home/zeyadcode_jammy/shell_ws/src/install/rqt_carla_control/share/rqt_carla_control
[1.247s] creating /home/zeyadcode_jammy/shell_ws/src/install/rqt_carla_control/share/rqt_carla_control/resource
[1.247s] symbolically linking /home/zeyadcode_jammy/shell_ws/src/build/rqt_carla_control/resource/CarlaControl.ui -> /home/zeyadcode_jammy/shell_ws/src/install/rqt_carla_control/share/rqt_carla_control/resource
[1.247s] symbolically linking /home/zeyadcode_jammy/shell_ws/src/build/rqt_carla_control/resource/pause.png -> /home/zeyadcode_jammy/shell_ws/src/install/rqt_carla_control/share/rqt_carla_control/resource
[1.247s] symbolically linking /home/zeyadcode_jammy/shell_ws/src/build/rqt_carla_control/resource/play.png -> /home/zeyadcode_jammy/shell_ws/src/install/rqt_carla_control/share/rqt_carla_control/resource
[1.247s] symbolically linking /home/zeyadcode_jammy/shell_ws/src/build/rqt_carla_control/resource/step_once.png -> /home/zeyadcode_jammy/shell_ws/src/install/rqt_carla_control/share/rqt_carla_control/resource
[1.291s] Invoked command in '/home/zeyadcode_jammy/shell_ws/src/build/rqt_carla_control' returned '0': PYTHONPATH=/home/zeyadcode_jammy/shell_ws/src/build/rqt_carla_control/prefix_override:/usr/lib/python3/dist-packages/colcon_core/task/python/colcon_distutils_commands:/home/zeyadcode_jammy/shell_ws/src/install/rqt_carla_control/lib/python3.10/site-packages:${PYTHONPATH} /usr/bin/python3 -W ignore:setup.py install is deprecated -W ignore:easy_install command is deprecated setup.py develop --editable --build-directory /home/zeyadcode_jammy/shell_ws/src/build/rqt_carla_control/build --no-deps symlink_data
