[1.693s] Invoking command in '/home/zeyadcode_jammy/shell_ws/src/build/carla_twist_to_control': PYTHONPATH=/home/zeyadcode_jammy/shell_ws/src/build/carla_twist_to_control/prefix_override:/usr/lib/python3/dist-packages/colcon_core/task/python/colcon_distutils_commands:/home/zeyadcode_jammy/shell_ws/src/install/carla_twist_to_control/lib/python3.10/site-packages:${PYTHONPATH} /usr/bin/python3 -W ignore:setup.py install is deprecated -W ignore:easy_install command is deprecated setup.py develop --editable --build-directory /home/zeyadcode_jammy/shell_ws/src/build/carla_twist_to_control/build --no-deps symlink_data
[2.300s] running develop
[2.301s] running egg_info
[2.301s] creating src/carla_twist_to_control.egg-info
[2.301s] writing src/carla_twist_to_control.egg-info/PKG-INFO
[2.301s] writing dependency_links to src/carla_twist_to_control.egg-info/dependency_links.txt
[2.301s] writing entry points to src/carla_twist_to_control.egg-info/entry_points.txt
[2.301s] writing requirements to src/carla_twist_to_control.egg-info/requires.txt
[2.301s] writing top-level names to src/carla_twist_to_control.egg-info/top_level.txt
[2.301s] writing manifest file 'src/carla_twist_to_control.egg-info/SOURCES.txt'
[2.301s] reading manifest file 'src/carla_twist_to_control.egg-info/SOURCES.txt'
[2.301s] writing manifest file 'src/carla_twist_to_control.egg-info/SOURCES.txt'
[2.301s] running build_ext
[2.302s] Creating /home/zeyadcode_jammy/shell_ws/src/install/carla_twist_to_control/lib/python3.10/site-packages/carla-twist-to-control.egg-link (link to src)
[2.302s] Installing carla_twist_to_control script to /home/zeyadcode_jammy/shell_ws/src/install/carla_twist_to_control/lib/carla_twist_to_control
[2.302s] 
[2.302s] Installed /home/zeyadcode_jammy/shell_ws/src/build/carla_twist_to_control/src
[2.302s] running symlink_data
[2.302s] creating /home/zeyadcode_jammy/shell_ws/src/install/carla_twist_to_control/share/ament_index
[2.302s] creating /home/zeyadcode_jammy/shell_ws/src/install/carla_twist_to_control/share/ament_index/resource_index
[2.302s] creating /home/zeyadcode_jammy/shell_ws/src/install/carla_twist_to_control/share/ament_index/resource_index/packages
[2.302s] symbolically linking /home/zeyadcode_jammy/shell_ws/src/build/carla_twist_to_control/resource/carla_twist_to_control -> /home/zeyadcode_jammy/shell_ws/src/install/carla_twist_to_control/share/ament_index/resource_index/packages
[2.302s] symbolically linking /home/zeyadcode_jammy/shell_ws/src/build/carla_twist_to_control/package.xml -> /home/zeyadcode_jammy/shell_ws/src/install/carla_twist_to_control/share/carla_twist_to_control
[2.302s] symbolically linking /home/zeyadcode_jammy/shell_ws/src/build/carla_twist_to_control/launch/carla_twist_to_control.launch.py -> /home/zeyadcode_jammy/shell_ws/src/install/carla_twist_to_control/share/carla_twist_to_control
[2.329s] Invoked command in '/home/zeyadcode_jammy/shell_ws/src/build/carla_twist_to_control' returned '0': PYTHONPATH=/home/zeyadcode_jammy/shell_ws/src/build/carla_twist_to_control/prefix_override:/usr/lib/python3/dist-packages/colcon_core/task/python/colcon_distutils_commands:/home/zeyadcode_jammy/shell_ws/src/install/carla_twist_to_control/lib/python3.10/site-packages:${PYTHONPATH} /usr/bin/python3 -W ignore:setup.py install is deprecated -W ignore:easy_install command is deprecated setup.py develop --editable --build-directory /home/zeyadcode_jammy/shell_ws/src/build/carla_twist_to_control/build --no-deps symlink_data
