[1.615s] Invoking command in '/home/zeyadcode_jammy/shell_ws/src/build/carla_common': PYTHONPATH=/home/zeyadcode_jammy/shell_ws/src/build/carla_common/prefix_override:/usr/lib/python3/dist-packages/colcon_core/task/python/colcon_distutils_commands:/home/zeyadcode_jammy/shell_ws/src/install/carla_common/lib/python3.10/site-packages:${PYTHONPATH} /usr/bin/python3 -W ignore:setup.py install is deprecated -W ignore:easy_install command is deprecated setup.py develop --editable --build-directory /home/zeyadcode_jammy/shell_ws/src/build/carla_common/build --no-deps symlink_data
[1.956s] running develop
[2.240s] running egg_info
[2.240s] creating src/carla_common.egg-info
[2.245s] writing src/carla_common.egg-info/PKG-INFO
[2.246s] writing dependency_links to src/carla_common.egg-info/dependency_links.txt
[2.246s] writing requirements to src/carla_common.egg-info/requires.txt
[2.246s] writing top-level names to src/carla_common.egg-info/top_level.txt
[2.246s] writing manifest file 'src/carla_common.egg-info/SOURCES.txt'
[2.252s] reading manifest file 'src/carla_common.egg-info/SOURCES.txt'
[2.253s] writing manifest file 'src/carla_common.egg-info/SOURCES.txt'
[2.261s] running build_ext
[2.261s] Creating /home/zeyadcode_jammy/shell_ws/src/install/carla_common/lib/python3.10/site-packages/carla-common.egg-link (link to src)
[2.261s] 
[2.264s] Installed /home/zeyadcode_jammy/shell_ws/src/build/carla_common/src
[2.266s] running symlink_data
[2.266s] creating /home/zeyadcode_jammy/shell_ws/src/install/carla_common/share/ament_index
[2.266s] creating /home/zeyadcode_jammy/shell_ws/src/install/carla_common/share/ament_index/resource_index
[2.266s] creating /home/zeyadcode_jammy/shell_ws/src/install/carla_common/share/ament_index/resource_index/packages
[2.266s] symbolically linking /home/zeyadcode_jammy/shell_ws/src/build/carla_common/resource/carla_common -> /home/zeyadcode_jammy/shell_ws/src/install/carla_common/share/ament_index/resource_index/packages
[2.270s] symbolically linking /home/zeyadcode_jammy/shell_ws/src/build/carla_common/package.xml -> /home/zeyadcode_jammy/shell_ws/src/install/carla_common/share/carla_common
[2.370s] Invoked command in '/home/zeyadcode_jammy/shell_ws/src/build/carla_common' returned '0': PYTHONPATH=/home/zeyadcode_jammy/shell_ws/src/build/carla_common/prefix_override:/usr/lib/python3/dist-packages/colcon_core/task/python/colcon_distutils_commands:/home/zeyadcode_jammy/shell_ws/src/install/carla_common/lib/python3.10/site-packages:${PYTHONPATH} /usr/bin/python3 -W ignore:setup.py install is deprecated -W ignore:easy_install command is deprecated setup.py develop --editable --build-directory /home/zeyadcode_jammy/shell_ws/src/build/carla_common/build --no-deps symlink_data
