[0.672s] Invoking command in '/home/zeyadcode_jammy/shell_ws/src/build/carla_ackermann_msgs': AMENT_PREFIX_PATH=/home/zeyadcode_jammy/shell_ws/src/install/carla_msgs:${AMENT_PREFIX_PATH} CMAKE_PREFIX_PATH=/home/zeyadcode_jammy/shell_ws/src/install/carla_msgs:/opt/ros/humble LD_LIBRARY_PATH=/home/zeyadcode_jammy/shell_ws/src/install/carla_msgs/lib:${LD_LIBRARY_PATH} PYTHONPATH=/home/zeyadcode_jammy/shell_ws/src/install/carla_msgs/local/lib/python3.10/dist-packages:${PYTHONPATH} /usr/bin/cmake /home/zeyadcode_jammy/shell_ws/src/sem-apc-ros-bridge/carla_ackermann_msgs -DCMAKE_BUILD_TYPE=RelWithDebInfo -DAMENT_CMAKE_SYMLINK_INSTALL=1 -DCMAKE_INSTALL_PREFIX=/home/zeyadcode_jammy/shell_ws/src/install/carla_ackermann_msgs
[1.601s] -- The C compiler identification is GNU 11.4.0
[1.601s] -- The CXX compiler identification is GNU 11.4.0
[1.601s] -- Detecting C compiler ABI info
[1.602s] -- Detecting C compiler ABI info - done
[1.602s] -- Check for working C compiler: /usr/bin/cc - skipped
[1.602s] -- Detecting C compile features
[1.602s] -- Detecting C compile features - done
[1.602s] -- Detecting CXX compiler ABI info
[1.602s] -- Detecting CXX compiler ABI info - done
[1.602s] -- Check for working CXX compiler: /usr/bin/c++ - skipped
[1.602s] -- Detecting CXX compile features
[1.602s] -- Detecting CXX compile features - done
[1.602s] -- Found ros_environment: 3.2.2 (/opt/ros/humble/share/ros_environment/cmake)
[1.602s] -- Found ament_cmake: 1.3.11 (/opt/ros/humble/share/ament_cmake/cmake)
[1.602s] -- Found Python3: /usr/bin/python3 (found version "3.10.12") found components: Interpreter 
[1.602s] -- Override CMake install command with custom implementation using symlinks instead of copying resources
[1.602s] -- Found builtin_interfaces: 1.2.1 (/opt/ros/humble/share/builtin_interfaces/cmake)
[1.603s] -- Found rosidl_generator_c: 3.1.6 (/opt/ros/humble/share/rosidl_generator_c/cmake)
[1.603s] -- Found rosidl_adapter: 3.1.6 (/opt/ros/humble/share/rosidl_adapter/cmake)
[1.603s] -- Found rosidl_generator_cpp: 3.1.6 (/opt/ros/humble/share/rosidl_generator_cpp/cmake)
[1.603s] -- Using all available rosidl_typesupport_c: rosidl_typesupport_fastrtps_c;rosidl_typesupport_introspection_c
[1.626s] -- Using all available rosidl_typesupport_cpp: rosidl_typesupport_fastrtps_cpp;rosidl_typesupport_introspection_cpp
[1.648s] -- Found std_msgs: 4.8.0 (/opt/ros/humble/share/std_msgs/cmake)
[1.673s] -- Found carla_msgs: 1.3.0 (/home/zeyadcode_jammy/shell_ws/src/install/carla_msgs/share/carla_msgs/cmake)
[1.750s] -- Found rosidl_default_generators: 1.2.0 (/opt/ros/humble/share/rosidl_default_generators/cmake)
[2.757s] -- Found ament_cmake_cppcheck: 0.12.12 (/opt/ros/humble/share/ament_cmake_cppcheck/cmake)
[2.760s] -- Found ament_cmake_cpplint: 0.12.12 (/opt/ros/humble/share/ament_cmake_cpplint/cmake)
[2.763s] -- Found ament_cmake_uncrustify: 0.12.12 (/opt/ros/humble/share/ament_cmake_uncrustify/cmake)
[2.767s] -- Found ament_cmake_ros: 0.10.0 (/opt/ros/humble/share/ament_cmake_ros/cmake)
[4.190s] -- Using all available rosidl_typesupport_c: rosidl_typesupport_fastrtps_c;rosidl_typesupport_introspection_c
[4.533s] -- Using all available rosidl_typesupport_cpp: rosidl_typesupport_fastrtps_cpp;rosidl_typesupport_introspection_cpp
[4.591s] -- Found PythonInterp: /usr/bin/python3 (found suitable version "3.10.12", minimum required is "3.6") 
[4.594s] -- Found python_cmake_module: 0.10.0 (/opt/ros/humble/share/python_cmake_module/cmake)
[4.657s] -- Found PythonLibs: /usr/lib/x86_64-linux-gnu/libpython3.10.so (found suitable version "3.10.12", minimum required is "3.5") 
[4.658s] -- Using PYTHON_EXECUTABLE: /usr/bin/python3
[4.661s] -- Using PYTHON_INCLUDE_DIRS: /usr/include/python3.10
[4.661s] -- Using PYTHON_LIBRARIES: /usr/lib/x86_64-linux-gnu/libpython3.10.so
[4.694s] -- Found PythonExtra: .so  
[4.876s] -- Found ament_cmake_flake8: 0.12.12 (/opt/ros/humble/share/ament_cmake_flake8/cmake)
[4.879s] -- Found ament_cmake_pep257: 0.12.12 (/opt/ros/humble/share/ament_cmake_pep257/cmake)
[4.885s] -- Found ament_lint_auto: 0.12.12 (/opt/ros/humble/share/ament_lint_auto/cmake)
[4.905s] -- Added test 'copyright' to check source files copyright and LICENSE
[4.905s] -- Added test 'lint_cmake' to check CMake code style
[4.906s] -- Added test 'xmllint' to check XML markup files
[4.913s] -- Configuring done
[4.994s] -- Generating done
[5.014s] -- Build files have been written to: /home/zeyadcode_jammy/shell_ws/src/build/carla_ackermann_msgs
[5.030s] Invoked command in '/home/zeyadcode_jammy/shell_ws/src/build/carla_ackermann_msgs' returned '0': AMENT_PREFIX_PATH=/home/zeyadcode_jammy/shell_ws/src/install/carla_msgs:${AMENT_PREFIX_PATH} CMAKE_PREFIX_PATH=/home/zeyadcode_jammy/shell_ws/src/install/carla_msgs:/opt/ros/humble LD_LIBRARY_PATH=/home/zeyadcode_jammy/shell_ws/src/install/carla_msgs/lib:${LD_LIBRARY_PATH} PYTHONPATH=/home/zeyadcode_jammy/shell_ws/src/install/carla_msgs/local/lib/python3.10/dist-packages:${PYTHONPATH} /usr/bin/cmake /home/zeyadcode_jammy/shell_ws/src/sem-apc-ros-bridge/carla_ackermann_msgs -DCMAKE_BUILD_TYPE=RelWithDebInfo -DAMENT_CMAKE_SYMLINK_INSTALL=1 -DCMAKE_INSTALL_PREFIX=/home/zeyadcode_jammy/shell_ws/src/install/carla_ackermann_msgs
[5.031s] Invoking command in '/home/zeyadcode_jammy/shell_ws/src/build/carla_ackermann_msgs': AMENT_PREFIX_PATH=/home/zeyadcode_jammy/shell_ws/src/install/carla_msgs:${AMENT_PREFIX_PATH} CMAKE_PREFIX_PATH=/home/zeyadcode_jammy/shell_ws/src/install/carla_msgs:/opt/ros/humble LD_LIBRARY_PATH=/home/zeyadcode_jammy/shell_ws/src/install/carla_msgs/lib:${LD_LIBRARY_PATH} PYTHONPATH=/home/zeyadcode_jammy/shell_ws/src/install/carla_msgs/local/lib/python3.10/dist-packages:${PYTHONPATH} /usr/bin/cmake --build /home/zeyadcode_jammy/shell_ws/src/build/carla_ackermann_msgs -- -j8 -l8
[5.131s] [  1%] [34m[1mGenerating C++ code for ROS interfaces[0m
[7.235s] [  1%] Built target carla_ackermann_msgs__cpp
[7.356s] [  1%] Built target ament_cmake_python_symlink_carla_ackermann_msgs
[7.392s] [  3%] [34m[1mGenerating C++ introspection for ROS interfaces[0m
[8.451s] [  4%] [32mBuilding CXX object CMakeFiles/carla_ackermann_msgs__rosidl_typesupport_introspection_cpp.dir/rosidl_typesupport_introspection_cpp/carla_ackermann_msgs/msg/detail/ego_vehicle_control_info__type_support.cpp.o[0m
[9.215s] [  6%] [32mBuilding CXX object CMakeFiles/carla_ackermann_msgs__rosidl_typesupport_introspection_cpp.dir/rosidl_typesupport_introspection_cpp/carla_ackermann_msgs/msg/detail/ego_vehicle_control_status__type_support.cpp.o[0m
[9.999s] [  7%] [32mBuilding CXX object CMakeFiles/carla_ackermann_msgs__rosidl_typesupport_introspection_cpp.dir/rosidl_typesupport_introspection_cpp/carla_ackermann_msgs/msg/detail/ego_vehicle_control_target__type_support.cpp.o[0m
[10.924s] [  9%] [32mBuilding CXX object CMakeFiles/carla_ackermann_msgs__rosidl_typesupport_introspection_cpp.dir/rosidl_typesupport_introspection_cpp/carla_ackermann_msgs/msg/detail/ego_vehicle_control_maxima__type_support.cpp.o[0m
[11.647s] [ 11%] [32mBuilding CXX object CMakeFiles/carla_ackermann_msgs__rosidl_typesupport_introspection_cpp.dir/rosidl_typesupport_introspection_cpp/carla_ackermann_msgs/msg/detail/ego_vehicle_control_current__type_support.cpp.o[0m
[12.229s] [ 12%] [32m[1mLinking CXX shared library libcarla_ackermann_msgs__rosidl_typesupport_introspection_cpp.so[0m
[12.317s] [ 12%] Built target carla_ackermann_msgs__rosidl_typesupport_introspection_cpp
[12.611s] running egg_info
[12.612s] creating carla_ackermann_msgs.egg-info
[12.613s] writing carla_ackermann_msgs.egg-info/PKG-INFO
[12.614s] writing dependency_links to carla_ackermann_msgs.egg-info/dependency_links.txt
[12.614s] writing top-level names to carla_ackermann_msgs.egg-info/top_level.txt
[12.614s] writing manifest file 'carla_ackermann_msgs.egg-info/SOURCES.txt'
[12.617s] reading manifest file 'carla_ackermann_msgs.egg-info/SOURCES.txt'
[12.619s] writing manifest file 'carla_ackermann_msgs.egg-info/SOURCES.txt'
[12.679s] [ 12%] Built target ament_cmake_python_build_carla_ackermann_msgs_egg
[12.694s] [ 14%] [34m[1mGenerating C++ type support for eProsima Fast-RTPS[0m
[13.663s] [ 15%] [32mBuilding CXX object CMakeFiles/carla_ackermann_msgs__rosidl_typesupport_fastrtps_cpp.dir/rosidl_typesupport_fastrtps_cpp/carla_ackermann_msgs/msg/detail/dds_fastrtps/ego_vehicle_control_info__type_support.cpp.o[0m
[14.313s] [ 17%] [32mBuilding CXX object CMakeFiles/carla_ackermann_msgs__rosidl_typesupport_fastrtps_cpp.dir/rosidl_typesupport_fastrtps_cpp/carla_ackermann_msgs/msg/detail/dds_fastrtps/ego_vehicle_control_target__type_support.cpp.o[0m
[14.950s] [ 19%] [32mBuilding CXX object CMakeFiles/carla_ackermann_msgs__rosidl_typesupport_fastrtps_cpp.dir/rosidl_typesupport_fastrtps_cpp/carla_ackermann_msgs/msg/detail/dds_fastrtps/ego_vehicle_control_status__type_support.cpp.o[0m
[15.633s] [ 20%] [32mBuilding CXX object CMakeFiles/carla_ackermann_msgs__rosidl_typesupport_fastrtps_cpp.dir/rosidl_typesupport_fastrtps_cpp/carla_ackermann_msgs/msg/detail/dds_fastrtps/ego_vehicle_control_maxima__type_support.cpp.o[0m
[16.280s] [ 22%] [32mBuilding CXX object CMakeFiles/carla_ackermann_msgs__rosidl_typesupport_fastrtps_cpp.dir/rosidl_typesupport_fastrtps_cpp/carla_ackermann_msgs/msg/detail/dds_fastrtps/ego_vehicle_control_current__type_support.cpp.o[0m
[17.009s] [ 23%] [32m[1mLinking CXX shared library libcarla_ackermann_msgs__rosidl_typesupport_fastrtps_cpp.so[0m
[17.117s] [ 23%] Built target carla_ackermann_msgs__rosidl_typesupport_fastrtps_cpp
[17.126s] [ 25%] [34m[1mGenerating C++ type support dispatch for ROS interfaces[0m
[17.916s] [ 26%] [32mBuilding CXX object CMakeFiles/carla_ackermann_msgs__rosidl_typesupport_cpp.dir/rosidl_typesupport_cpp/carla_ackermann_msgs/msg/ego_vehicle_control_info__type_support.cpp.o[0m
[18.352s] [ 28%] [32mBuilding CXX object CMakeFiles/carla_ackermann_msgs__rosidl_typesupport_cpp.dir/rosidl_typesupport_cpp/carla_ackermann_msgs/msg/ego_vehicle_control_target__type_support.cpp.o[0m
[18.801s] [ 30%] [32mBuilding CXX object CMakeFiles/carla_ackermann_msgs__rosidl_typesupport_cpp.dir/rosidl_typesupport_cpp/carla_ackermann_msgs/msg/ego_vehicle_control_status__type_support.cpp.o[0m
[19.242s] [ 31%] [32mBuilding CXX object CMakeFiles/carla_ackermann_msgs__rosidl_typesupport_cpp.dir/rosidl_typesupport_cpp/carla_ackermann_msgs/msg/ego_vehicle_control_maxima__type_support.cpp.o[0m
[19.694s] [ 33%] [32mBuilding CXX object CMakeFiles/carla_ackermann_msgs__rosidl_typesupport_cpp.dir/rosidl_typesupport_cpp/carla_ackermann_msgs/msg/ego_vehicle_control_current__type_support.cpp.o[0m
[20.102s] [ 34%] [32m[1mLinking CXX shared library libcarla_ackermann_msgs__rosidl_typesupport_cpp.so[0m
[20.165s] [ 34%] Built target carla_ackermann_msgs__rosidl_typesupport_cpp
[20.179s] [ 36%] [34m[1mGenerating C code for ROS interfaces[0m
[21.492s] [ 38%] [32mBuilding C object CMakeFiles/carla_ackermann_msgs__rosidl_generator_c.dir/rosidl_generator_c/carla_ackermann_msgs/msg/detail/ego_vehicle_control_info__functions.c.o[0m
[21.636s] [ 39%] [32mBuilding C object CMakeFiles/carla_ackermann_msgs__rosidl_generator_c.dir/rosidl_generator_c/carla_ackermann_msgs/msg/detail/ego_vehicle_control_target__functions.c.o[0m
[21.786s] [ 41%] [32mBuilding C object CMakeFiles/carla_ackermann_msgs__rosidl_generator_c.dir/rosidl_generator_c/carla_ackermann_msgs/msg/detail/ego_vehicle_control_status__functions.c.o[0m
[21.956s] [ 42%] [32mBuilding C object CMakeFiles/carla_ackermann_msgs__rosidl_generator_c.dir/rosidl_generator_c/carla_ackermann_msgs/msg/detail/ego_vehicle_control_maxima__functions.c.o[0m
[22.078s] [ 44%] [32mBuilding C object CMakeFiles/carla_ackermann_msgs__rosidl_generator_c.dir/rosidl_generator_c/carla_ackermann_msgs/msg/detail/ego_vehicle_control_current__functions.c.o[0m
[22.204s] [ 46%] [32m[1mLinking C shared library libcarla_ackermann_msgs__rosidl_generator_c.so[0m
[22.265s] [ 46%] Built target carla_ackermann_msgs__rosidl_generator_c
[22.282s] [ 47%] [34m[1mGenerating C type support for eProsima Fast-RTPS[0m
[23.229s] [ 49%] [32mBuilding CXX object CMakeFiles/carla_ackermann_msgs__rosidl_typesupport_fastrtps_c.dir/rosidl_typesupport_fastrtps_c/carla_ackermann_msgs/msg/detail/ego_vehicle_control_info__type_support_c.cpp.o[0m
[23.746s] [ 50%] [32mBuilding CXX object CMakeFiles/carla_ackermann_msgs__rosidl_typesupport_fastrtps_c.dir/rosidl_typesupport_fastrtps_c/carla_ackermann_msgs/msg/detail/ego_vehicle_control_target__type_support_c.cpp.o[0m
[24.263s] [ 52%] [32mBuilding CXX object CMakeFiles/carla_ackermann_msgs__rosidl_typesupport_fastrtps_c.dir/rosidl_typesupport_fastrtps_c/carla_ackermann_msgs/msg/detail/ego_vehicle_control_status__type_support_c.cpp.o[0m
[24.864s] [ 53%] [32mBuilding CXX object CMakeFiles/carla_ackermann_msgs__rosidl_typesupport_fastrtps_c.dir/rosidl_typesupport_fastrtps_c/carla_ackermann_msgs/msg/detail/ego_vehicle_control_maxima__type_support_c.cpp.o[0m
[25.408s] [ 55%] [32mBuilding CXX object CMakeFiles/carla_ackermann_msgs__rosidl_typesupport_fastrtps_c.dir/rosidl_typesupport_fastrtps_c/carla_ackermann_msgs/msg/detail/ego_vehicle_control_current__type_support_c.cpp.o[0m
[25.918s] [ 57%] [32m[1mLinking CXX shared library libcarla_ackermann_msgs__rosidl_typesupport_fastrtps_c.so[0m
[26.039s] [ 57%] Built target carla_ackermann_msgs__rosidl_typesupport_fastrtps_c
[26.063s] [ 58%] [34m[1mGenerating C type support dispatch for ROS interfaces[0m
[26.874s] [ 60%] [32mBuilding CXX object CMakeFiles/carla_ackermann_msgs__rosidl_typesupport_c.dir/rosidl_typesupport_c/carla_ackermann_msgs/msg/ego_vehicle_control_info__type_support.cpp.o[0m
[26.950s] [ 61%] [32mBuilding CXX object CMakeFiles/carla_ackermann_msgs__rosidl_typesupport_c.dir/rosidl_typesupport_c/carla_ackermann_msgs/msg/ego_vehicle_control_target__type_support.cpp.o[0m
[26.998s] [ 63%] [32mBuilding CXX object CMakeFiles/carla_ackermann_msgs__rosidl_typesupport_c.dir/rosidl_typesupport_c/carla_ackermann_msgs/msg/ego_vehicle_control_status__type_support.cpp.o[0m
[27.057s] [ 65%] [32mBuilding CXX object CMakeFiles/carla_ackermann_msgs__rosidl_typesupport_c.dir/rosidl_typesupport_c/carla_ackermann_msgs/msg/ego_vehicle_control_maxima__type_support.cpp.o[0m
[27.116s] [ 66%] [32mBuilding CXX object CMakeFiles/carla_ackermann_msgs__rosidl_typesupport_c.dir/rosidl_typesupport_c/carla_ackermann_msgs/msg/ego_vehicle_control_current__type_support.cpp.o[0m
[27.165s] [ 68%] [32m[1mLinking CXX shared library libcarla_ackermann_msgs__rosidl_typesupport_c.so[0m
[27.266s] [ 68%] Built target carla_ackermann_msgs__rosidl_typesupport_c
[27.279s] [ 69%] [34m[1mGenerating C introspection for ROS interfaces[0m
[28.285s] [ 71%] [32mBuilding C object CMakeFiles/carla_ackermann_msgs__rosidl_typesupport_introspection_c.dir/rosidl_typesupport_introspection_c/carla_ackermann_msgs/msg/detail/ego_vehicle_control_info__type_support.c.o[0m
[28.380s] [ 73%] [32mBuilding C object CMakeFiles/carla_ackermann_msgs__rosidl_typesupport_introspection_c.dir/rosidl_typesupport_introspection_c/carla_ackermann_msgs/msg/detail/ego_vehicle_control_target__type_support.c.o[0m
[28.458s] [ 74%] [32mBuilding C object CMakeFiles/carla_ackermann_msgs__rosidl_typesupport_introspection_c.dir/rosidl_typesupport_introspection_c/carla_ackermann_msgs/msg/detail/ego_vehicle_control_status__type_support.c.o[0m
[28.513s] [ 76%] [32mBuilding C object CMakeFiles/carla_ackermann_msgs__rosidl_typesupport_introspection_c.dir/rosidl_typesupport_introspection_c/carla_ackermann_msgs/msg/detail/ego_vehicle_control_maxima__type_support.c.o[0m
[28.565s] [ 77%] [32mBuilding C object CMakeFiles/carla_ackermann_msgs__rosidl_typesupport_introspection_c.dir/rosidl_typesupport_introspection_c/carla_ackermann_msgs/msg/detail/ego_vehicle_control_current__type_support.c.o[0m
[28.617s] [ 79%] [32m[1mLinking C shared library libcarla_ackermann_msgs__rosidl_typesupport_introspection_c.so[0m
[28.674s] [ 79%] Built target carla_ackermann_msgs__rosidl_typesupport_introspection_c
[28.708s] [ 79%] Built target carla_ackermann_msgs
[28.751s] [ 80%] [34m[1mGenerating Python code for ROS interfaces[0m
[30.440s] [ 80%] Built target carla_ackermann_msgs__py
[30.469s] [ 82%] [32mBuilding C object CMakeFiles/carla_ackermann_msgs__rosidl_generator_py.dir/rosidl_generator_py/carla_ackermann_msgs/msg/_ego_vehicle_control_info_s.c.o[0m
[30.750s] [ 84%] [32mBuilding C object CMakeFiles/carla_ackermann_msgs__rosidl_generator_py.dir/rosidl_generator_py/carla_ackermann_msgs/msg/_ego_vehicle_control_target_s.c.o[0m
[30.985s] [ 85%] [32mBuilding C object CMakeFiles/carla_ackermann_msgs__rosidl_generator_py.dir/rosidl_generator_py/carla_ackermann_msgs/msg/_ego_vehicle_control_status_s.c.o[0m
[31.201s] [ 87%] [32mBuilding C object CMakeFiles/carla_ackermann_msgs__rosidl_generator_py.dir/rosidl_generator_py/carla_ackermann_msgs/msg/_ego_vehicle_control_maxima_s.c.o[0m
[31.439s] [ 88%] [32mBuilding C object CMakeFiles/carla_ackermann_msgs__rosidl_generator_py.dir/rosidl_generator_py/carla_ackermann_msgs/msg/_ego_vehicle_control_current_s.c.o[0m
[31.633s] [ 90%] [32m[1mLinking C shared library rosidl_generator_py/carla_ackermann_msgs/libcarla_ackermann_msgs__rosidl_generator_py.so[0m
[31.757s] [ 90%] Built target carla_ackermann_msgs__rosidl_generator_py
[31.814s] [ 92%] [32mBuilding C object CMakeFiles/carla_ackermann_msgs__rosidl_typesupport_fastrtps_c__pyext.dir/rosidl_generator_py/carla_ackermann_msgs/_carla_ackermann_msgs_s.ep.rosidl_typesupport_fastrtps_c.c.o[0m
[32.095s] [ 93%] [32m[1mLinking C shared library rosidl_generator_py/carla_ackermann_msgs/carla_ackermann_msgs_s__rosidl_typesupport_fastrtps_c.cpython-310-x86_64-linux-gnu.so[0m
[32.224s] [ 93%] Built target carla_ackermann_msgs__rosidl_typesupport_fastrtps_c__pyext
[32.293s] [ 95%] [32mBuilding C object CMakeFiles/carla_ackermann_msgs__rosidl_typesupport_c__pyext.dir/rosidl_generator_py/carla_ackermann_msgs/_carla_ackermann_msgs_s.ep.rosidl_typesupport_c.c.o[0m
[32.719s] [ 96%] [32m[1mLinking C shared library rosidl_generator_py/carla_ackermann_msgs/carla_ackermann_msgs_s__rosidl_typesupport_c.cpython-310-x86_64-linux-gnu.so[0m
[32.805s] [ 96%] Built target carla_ackermann_msgs__rosidl_typesupport_c__pyext
[32.837s] [ 98%] [32mBuilding C object CMakeFiles/carla_ackermann_msgs__rosidl_typesupport_introspection_c__pyext.dir/rosidl_generator_py/carla_ackermann_msgs/_carla_ackermann_msgs_s.ep.rosidl_typesupport_introspection_c.c.o[0m
[33.197s] [100%] [32m[1mLinking C shared library rosidl_generator_py/carla_ackermann_msgs/carla_ackermann_msgs_s__rosidl_typesupport_introspection_c.cpython-310-x86_64-linux-gnu.so[0m
[33.257s] [100%] Built target carla_ackermann_msgs__rosidl_typesupport_introspection_c__pyext
[33.279s] Invoked command in '/home/zeyadcode_jammy/shell_ws/src/build/carla_ackermann_msgs' returned '0': AMENT_PREFIX_PATH=/home/zeyadcode_jammy/shell_ws/src/install/carla_msgs:${AMENT_PREFIX_PATH} CMAKE_PREFIX_PATH=/home/zeyadcode_jammy/shell_ws/src/install/carla_msgs:/opt/ros/humble LD_LIBRARY_PATH=/home/zeyadcode_jammy/shell_ws/src/install/carla_msgs/lib:${LD_LIBRARY_PATH} PYTHONPATH=/home/zeyadcode_jammy/shell_ws/src/install/carla_msgs/local/lib/python3.10/dist-packages:${PYTHONPATH} /usr/bin/cmake --build /home/zeyadcode_jammy/shell_ws/src/build/carla_ackermann_msgs -- -j8 -l8
[33.283s] Invoking command in '/home/zeyadcode_jammy/shell_ws/src/build/carla_ackermann_msgs': AMENT_PREFIX_PATH=/home/zeyadcode_jammy/shell_ws/src/install/carla_msgs:${AMENT_PREFIX_PATH} CMAKE_PREFIX_PATH=/home/zeyadcode_jammy/shell_ws/src/install/carla_msgs:/opt/ros/humble LD_LIBRARY_PATH=/home/zeyadcode_jammy/shell_ws/src/install/carla_msgs/lib:${LD_LIBRARY_PATH} PYTHONPATH=/home/zeyadcode_jammy/shell_ws/src/install/carla_msgs/local/lib/python3.10/dist-packages:${PYTHONPATH} /usr/bin/cmake --install /home/zeyadcode_jammy/shell_ws/src/build/carla_ackermann_msgs
[33.293s] -- Install configuration: "RelWithDebInfo"
[33.294s] -- Execute custom install script
[33.295s] -- Symlinking: /home/zeyadcode_jammy/shell_ws/src/install/carla_ackermann_msgs/share/ament_index/resource_index/rosidl_interfaces/carla_ackermann_msgs
[33.312s] -- Symlinking: /home/zeyadcode_jammy/shell_ws/src/install/carla_ackermann_msgs/include/carla_ackermann_msgs/carla_ackermann_msgs/msg/detail/ego_vehicle_control_current__functions.h
[33.325s] -- Symlinking: /home/zeyadcode_jammy/shell_ws/src/install/carla_ackermann_msgs/include/carla_ackermann_msgs/carla_ackermann_msgs/msg/detail/ego_vehicle_control_current__struct.h
[33.336s] -- Symlinking: /home/zeyadcode_jammy/shell_ws/src/install/carla_ackermann_msgs/include/carla_ackermann_msgs/carla_ackermann_msgs/msg/detail/ego_vehicle_control_current__type_support.h
[33.350s] -- Symlinking: /home/zeyadcode_jammy/shell_ws/src/install/carla_ackermann_msgs/include/carla_ackermann_msgs/carla_ackermann_msgs/msg/detail/ego_vehicle_control_info__functions.h
[33.362s] -- Symlinking: /home/zeyadcode_jammy/shell_ws/src/install/carla_ackermann_msgs/include/carla_ackermann_msgs/carla_ackermann_msgs/msg/detail/ego_vehicle_control_info__struct.h
[33.374s] -- Symlinking: /home/zeyadcode_jammy/shell_ws/src/install/carla_ackermann_msgs/include/carla_ackermann_msgs/carla_ackermann_msgs/msg/detail/ego_vehicle_control_info__type_support.h
[33.386s] -- Symlinking: /home/zeyadcode_jammy/shell_ws/src/install/carla_ackermann_msgs/include/carla_ackermann_msgs/carla_ackermann_msgs/msg/detail/ego_vehicle_control_maxima__functions.h
[33.413s] -- Symlinking: /home/zeyadcode_jammy/shell_ws/src/install/carla_ackermann_msgs/include/carla_ackermann_msgs/carla_ackermann_msgs/msg/detail/ego_vehicle_control_maxima__struct.h
[33.437s] -- Symlinking: /home/zeyadcode_jammy/shell_ws/src/install/carla_ackermann_msgs/include/carla_ackermann_msgs/carla_ackermann_msgs/msg/detail/ego_vehicle_control_maxima__type_support.h
[33.457s] -- Symlinking: /home/zeyadcode_jammy/shell_ws/src/install/carla_ackermann_msgs/include/carla_ackermann_msgs/carla_ackermann_msgs/msg/detail/ego_vehicle_control_status__functions.h
[33.469s] -- Symlinking: /home/zeyadcode_jammy/shell_ws/src/install/carla_ackermann_msgs/include/carla_ackermann_msgs/carla_ackermann_msgs/msg/detail/ego_vehicle_control_status__struct.h
[33.481s] -- Symlinking: /home/zeyadcode_jammy/shell_ws/src/install/carla_ackermann_msgs/include/carla_ackermann_msgs/carla_ackermann_msgs/msg/detail/ego_vehicle_control_status__type_support.h
[33.495s] -- Symlinking: /home/zeyadcode_jammy/shell_ws/src/install/carla_ackermann_msgs/include/carla_ackermann_msgs/carla_ackermann_msgs/msg/detail/ego_vehicle_control_target__functions.h
[33.508s] -- Symlinking: /home/zeyadcode_jammy/shell_ws/src/install/carla_ackermann_msgs/include/carla_ackermann_msgs/carla_ackermann_msgs/msg/detail/ego_vehicle_control_target__struct.h
[33.526s] -- Symlinking: /home/zeyadcode_jammy/shell_ws/src/install/carla_ackermann_msgs/include/carla_ackermann_msgs/carla_ackermann_msgs/msg/detail/ego_vehicle_control_target__type_support.h
[33.549s] -- Symlinking: /home/zeyadcode_jammy/shell_ws/src/install/carla_ackermann_msgs/include/carla_ackermann_msgs/carla_ackermann_msgs/msg/ego_vehicle_control_current.h
[33.571s] -- Symlinking: /home/zeyadcode_jammy/shell_ws/src/install/carla_ackermann_msgs/include/carla_ackermann_msgs/carla_ackermann_msgs/msg/ego_vehicle_control_info.h
[33.585s] -- Symlinking: /home/zeyadcode_jammy/shell_ws/src/install/carla_ackermann_msgs/include/carla_ackermann_msgs/carla_ackermann_msgs/msg/ego_vehicle_control_maxima.h
[33.607s] -- Symlinking: /home/zeyadcode_jammy/shell_ws/src/install/carla_ackermann_msgs/include/carla_ackermann_msgs/carla_ackermann_msgs/msg/ego_vehicle_control_status.h
[33.627s] -- Symlinking: /home/zeyadcode_jammy/shell_ws/src/install/carla_ackermann_msgs/include/carla_ackermann_msgs/carla_ackermann_msgs/msg/ego_vehicle_control_target.h
[33.648s] -- Symlinking: /home/zeyadcode_jammy/shell_ws/src/install/carla_ackermann_msgs/include/carla_ackermann_msgs/carla_ackermann_msgs/msg/rosidl_generator_c__visibility_control.h
[33.667s] -- Symlinking: /home/zeyadcode_jammy/shell_ws/src/install/carla_ackermann_msgs/share/carla_ackermann_msgs/environment/library_path.sh
[33.687s] -- Symlinking: /home/zeyadcode_jammy/shell_ws/src/install/carla_ackermann_msgs/share/carla_ackermann_msgs/environment/library_path.dsv
[33.713s] -- Symlinking: /home/zeyadcode_jammy/shell_ws/src/install/carla_ackermann_msgs/include/carla_ackermann_msgs/carla_ackermann_msgs/msg/detail/ego_vehicle_control_current__rosidl_typesupport_fastrtps_c.h
[33.733s] -- Symlinking: /home/zeyadcode_jammy/shell_ws/src/install/carla_ackermann_msgs/include/carla_ackermann_msgs/carla_ackermann_msgs/msg/detail/ego_vehicle_control_info__rosidl_typesupport_fastrtps_c.h
[33.746s] -- Symlinking: /home/zeyadcode_jammy/shell_ws/src/install/carla_ackermann_msgs/include/carla_ackermann_msgs/carla_ackermann_msgs/msg/detail/ego_vehicle_control_maxima__rosidl_typesupport_fastrtps_c.h
[33.758s] -- Symlinking: /home/zeyadcode_jammy/shell_ws/src/install/carla_ackermann_msgs/include/carla_ackermann_msgs/carla_ackermann_msgs/msg/detail/ego_vehicle_control_status__rosidl_typesupport_fastrtps_c.h
[33.770s] -- Symlinking: /home/zeyadcode_jammy/shell_ws/src/install/carla_ackermann_msgs/include/carla_ackermann_msgs/carla_ackermann_msgs/msg/detail/ego_vehicle_control_target__rosidl_typesupport_fastrtps_c.h
[33.783s] -- Symlinking: /home/zeyadcode_jammy/shell_ws/src/install/carla_ackermann_msgs/include/carla_ackermann_msgs/carla_ackermann_msgs/msg/rosidl_typesupport_fastrtps_c__visibility_control.h
[33.800s] -- Symlinking: /home/zeyadcode_jammy/shell_ws/src/install/carla_ackermann_msgs/include/carla_ackermann_msgs/carla_ackermann_msgs/msg/detail/ego_vehicle_control_current__builder.hpp
[33.812s] -- Symlinking: /home/zeyadcode_jammy/shell_ws/src/install/carla_ackermann_msgs/include/carla_ackermann_msgs/carla_ackermann_msgs/msg/detail/ego_vehicle_control_current__struct.hpp
[33.825s] -- Symlinking: /home/zeyadcode_jammy/shell_ws/src/install/carla_ackermann_msgs/include/carla_ackermann_msgs/carla_ackermann_msgs/msg/detail/ego_vehicle_control_current__traits.hpp
[33.837s] -- Symlinking: /home/zeyadcode_jammy/shell_ws/src/install/carla_ackermann_msgs/include/carla_ackermann_msgs/carla_ackermann_msgs/msg/detail/ego_vehicle_control_current__type_support.hpp
[33.851s] -- Symlinking: /home/zeyadcode_jammy/shell_ws/src/install/carla_ackermann_msgs/include/carla_ackermann_msgs/carla_ackermann_msgs/msg/detail/ego_vehicle_control_info__builder.hpp
[33.867s] -- Symlinking: /home/zeyadcode_jammy/shell_ws/src/install/carla_ackermann_msgs/include/carla_ackermann_msgs/carla_ackermann_msgs/msg/detail/ego_vehicle_control_info__struct.hpp
[33.898s] -- Symlinking: /home/zeyadcode_jammy/shell_ws/src/install/carla_ackermann_msgs/include/carla_ackermann_msgs/carla_ackermann_msgs/msg/detail/ego_vehicle_control_info__traits.hpp
[33.907s] -- Symlinking: /home/zeyadcode_jammy/shell_ws/src/install/carla_ackermann_msgs/include/carla_ackermann_msgs/carla_ackermann_msgs/msg/detail/ego_vehicle_control_info__type_support.hpp
[33.932s] -- Symlinking: /home/zeyadcode_jammy/shell_ws/src/install/carla_ackermann_msgs/include/carla_ackermann_msgs/carla_ackermann_msgs/msg/detail/ego_vehicle_control_maxima__builder.hpp
[33.962s] -- Symlinking: /home/zeyadcode_jammy/shell_ws/src/install/carla_ackermann_msgs/include/carla_ackermann_msgs/carla_ackermann_msgs/msg/detail/ego_vehicle_control_maxima__struct.hpp
[33.987s] -- Symlinking: /home/zeyadcode_jammy/shell_ws/src/install/carla_ackermann_msgs/include/carla_ackermann_msgs/carla_ackermann_msgs/msg/detail/ego_vehicle_control_maxima__traits.hpp
[34.010s] -- Symlinking: /home/zeyadcode_jammy/shell_ws/src/install/carla_ackermann_msgs/include/carla_ackermann_msgs/carla_ackermann_msgs/msg/detail/ego_vehicle_control_maxima__type_support.hpp
[34.030s] -- Symlinking: /home/zeyadcode_jammy/shell_ws/src/install/carla_ackermann_msgs/include/carla_ackermann_msgs/carla_ackermann_msgs/msg/detail/ego_vehicle_control_status__builder.hpp
[34.043s] -- Symlinking: /home/zeyadcode_jammy/shell_ws/src/install/carla_ackermann_msgs/include/carla_ackermann_msgs/carla_ackermann_msgs/msg/detail/ego_vehicle_control_status__struct.hpp
[34.056s] -- Symlinking: /home/zeyadcode_jammy/shell_ws/src/install/carla_ackermann_msgs/include/carla_ackermann_msgs/carla_ackermann_msgs/msg/detail/ego_vehicle_control_status__traits.hpp
[34.082s] -- Symlinking: /home/zeyadcode_jammy/shell_ws/src/install/carla_ackermann_msgs/include/carla_ackermann_msgs/carla_ackermann_msgs/msg/detail/ego_vehicle_control_status__type_support.hpp
[34.100s] -- Symlinking: /home/zeyadcode_jammy/shell_ws/src/install/carla_ackermann_msgs/include/carla_ackermann_msgs/carla_ackermann_msgs/msg/detail/ego_vehicle_control_target__builder.hpp
[34.140s] -- Symlinking: /home/zeyadcode_jammy/shell_ws/src/install/carla_ackermann_msgs/include/carla_ackermann_msgs/carla_ackermann_msgs/msg/detail/ego_vehicle_control_target__struct.hpp
[34.160s] -- Symlinking: /home/zeyadcode_jammy/shell_ws/src/install/carla_ackermann_msgs/include/carla_ackermann_msgs/carla_ackermann_msgs/msg/detail/ego_vehicle_control_target__traits.hpp
[34.171s] -- Symlinking: /home/zeyadcode_jammy/shell_ws/src/install/carla_ackermann_msgs/include/carla_ackermann_msgs/carla_ackermann_msgs/msg/detail/ego_vehicle_control_target__type_support.hpp
[34.187s] -- Symlinking: /home/zeyadcode_jammy/shell_ws/src/install/carla_ackermann_msgs/include/carla_ackermann_msgs/carla_ackermann_msgs/msg/ego_vehicle_control_current.hpp
[34.198s] -- Symlinking: /home/zeyadcode_jammy/shell_ws/src/install/carla_ackermann_msgs/include/carla_ackermann_msgs/carla_ackermann_msgs/msg/ego_vehicle_control_info.hpp
[34.210s] -- Symlinking: /home/zeyadcode_jammy/shell_ws/src/install/carla_ackermann_msgs/include/carla_ackermann_msgs/carla_ackermann_msgs/msg/ego_vehicle_control_maxima.hpp
[34.224s] -- Symlinking: /home/zeyadcode_jammy/shell_ws/src/install/carla_ackermann_msgs/include/carla_ackermann_msgs/carla_ackermann_msgs/msg/ego_vehicle_control_status.hpp
[34.235s] -- Symlinking: /home/zeyadcode_jammy/shell_ws/src/install/carla_ackermann_msgs/include/carla_ackermann_msgs/carla_ackermann_msgs/msg/ego_vehicle_control_target.hpp
[34.247s] -- Symlinking: /home/zeyadcode_jammy/shell_ws/src/install/carla_ackermann_msgs/include/carla_ackermann_msgs/carla_ackermann_msgs/msg/rosidl_generator_cpp__visibility_control.hpp
[34.261s] -- Symlinking: /home/zeyadcode_jammy/shell_ws/src/install/carla_ackermann_msgs/include/carla_ackermann_msgs/carla_ackermann_msgs/msg/detail/ego_vehicle_control_current__rosidl_typesupport_fastrtps_cpp.hpp
[34.271s] -- Symlinking: /home/zeyadcode_jammy/shell_ws/src/install/carla_ackermann_msgs/include/carla_ackermann_msgs/carla_ackermann_msgs/msg/detail/ego_vehicle_control_info__rosidl_typesupport_fastrtps_cpp.hpp
[34.283s] -- Symlinking: /home/zeyadcode_jammy/shell_ws/src/install/carla_ackermann_msgs/include/carla_ackermann_msgs/carla_ackermann_msgs/msg/detail/ego_vehicle_control_maxima__rosidl_typesupport_fastrtps_cpp.hpp
[34.295s] -- Symlinking: /home/zeyadcode_jammy/shell_ws/src/install/carla_ackermann_msgs/include/carla_ackermann_msgs/carla_ackermann_msgs/msg/detail/ego_vehicle_control_status__rosidl_typesupport_fastrtps_cpp.hpp
[34.308s] -- Symlinking: /home/zeyadcode_jammy/shell_ws/src/install/carla_ackermann_msgs/include/carla_ackermann_msgs/carla_ackermann_msgs/msg/detail/ego_vehicle_control_target__rosidl_typesupport_fastrtps_cpp.hpp
[34.326s] -- Symlinking: /home/zeyadcode_jammy/shell_ws/src/install/carla_ackermann_msgs/include/carla_ackermann_msgs/carla_ackermann_msgs/msg/rosidl_typesupport_fastrtps_cpp__visibility_control.h
[34.340s] -- Symlinking: /home/zeyadcode_jammy/shell_ws/src/install/carla_ackermann_msgs/include/carla_ackermann_msgs/carla_ackermann_msgs/msg/detail/ego_vehicle_control_current__rosidl_typesupport_introspection_c.h
[34.351s] -- Symlinking: /home/zeyadcode_jammy/shell_ws/src/install/carla_ackermann_msgs/include/carla_ackermann_msgs/carla_ackermann_msgs/msg/detail/ego_vehicle_control_info__rosidl_typesupport_introspection_c.h
[34.365s] -- Symlinking: /home/zeyadcode_jammy/shell_ws/src/install/carla_ackermann_msgs/include/carla_ackermann_msgs/carla_ackermann_msgs/msg/detail/ego_vehicle_control_maxima__rosidl_typesupport_introspection_c.h
[34.375s] -- Symlinking: /home/zeyadcode_jammy/shell_ws/src/install/carla_ackermann_msgs/include/carla_ackermann_msgs/carla_ackermann_msgs/msg/detail/ego_vehicle_control_status__rosidl_typesupport_introspection_c.h
[34.387s] -- Symlinking: /home/zeyadcode_jammy/shell_ws/src/install/carla_ackermann_msgs/include/carla_ackermann_msgs/carla_ackermann_msgs/msg/detail/ego_vehicle_control_target__rosidl_typesupport_introspection_c.h
[34.398s] -- Symlinking: /home/zeyadcode_jammy/shell_ws/src/install/carla_ackermann_msgs/include/carla_ackermann_msgs/carla_ackermann_msgs/msg/rosidl_typesupport_introspection_c__visibility_control.h
[34.412s] -- Symlinking: /home/zeyadcode_jammy/shell_ws/src/install/carla_ackermann_msgs/include/carla_ackermann_msgs/carla_ackermann_msgs/msg/detail/ego_vehicle_control_current__rosidl_typesupport_introspection_cpp.hpp
[34.426s] -- Symlinking: /home/zeyadcode_jammy/shell_ws/src/install/carla_ackermann_msgs/include/carla_ackermann_msgs/carla_ackermann_msgs/msg/detail/ego_vehicle_control_info__rosidl_typesupport_introspection_cpp.hpp
[34.438s] -- Symlinking: /home/zeyadcode_jammy/shell_ws/src/install/carla_ackermann_msgs/include/carla_ackermann_msgs/carla_ackermann_msgs/msg/detail/ego_vehicle_control_maxima__rosidl_typesupport_introspection_cpp.hpp
[34.453s] -- Symlinking: /home/zeyadcode_jammy/shell_ws/src/install/carla_ackermann_msgs/include/carla_ackermann_msgs/carla_ackermann_msgs/msg/detail/ego_vehicle_control_status__rosidl_typesupport_introspection_cpp.hpp
[34.465s] -- Symlinking: /home/zeyadcode_jammy/shell_ws/src/install/carla_ackermann_msgs/include/carla_ackermann_msgs/carla_ackermann_msgs/msg/detail/ego_vehicle_control_target__rosidl_typesupport_introspection_cpp.hpp
[34.480s] -- Symlinking: /home/zeyadcode_jammy/shell_ws/src/install/carla_ackermann_msgs/share/carla_ackermann_msgs/environment/pythonpath.sh
[34.489s] -- Symlinking: /home/zeyadcode_jammy/shell_ws/src/install/carla_ackermann_msgs/share/carla_ackermann_msgs/environment/pythonpath.dsv
[34.505s] -- Symlinking: /home/zeyadcode_jammy/shell_ws/src/install/carla_ackermann_msgs/local/lib/python3.10/dist-packages/carla_ackermann_msgs-1.0.0-py3.10.egg-info/PKG-INFO
[34.522s] -- Symlinking: /home/zeyadcode_jammy/shell_ws/src/install/carla_ackermann_msgs/local/lib/python3.10/dist-packages/carla_ackermann_msgs-1.0.0-py3.10.egg-info/SOURCES.txt
[34.536s] -- Symlinking: /home/zeyadcode_jammy/shell_ws/src/install/carla_ackermann_msgs/local/lib/python3.10/dist-packages/carla_ackermann_msgs-1.0.0-py3.10.egg-info/dependency_links.txt
[34.552s] -- Symlinking: /home/zeyadcode_jammy/shell_ws/src/install/carla_ackermann_msgs/local/lib/python3.10/dist-packages/carla_ackermann_msgs-1.0.0-py3.10.egg-info/top_level.txt
[34.568s] -- Symlinking: /home/zeyadcode_jammy/shell_ws/src/install/carla_ackermann_msgs/local/lib/python3.10/dist-packages/carla_ackermann_msgs/__init__.py
[34.586s] -- Symlinking: /home/zeyadcode_jammy/shell_ws/src/install/carla_ackermann_msgs/local/lib/python3.10/dist-packages/carla_ackermann_msgs/_carla_ackermann_msgs_s.ep.rosidl_typesupport_c.c
[34.603s] -- Symlinking: /home/zeyadcode_jammy/shell_ws/src/install/carla_ackermann_msgs/local/lib/python3.10/dist-packages/carla_ackermann_msgs/_carla_ackermann_msgs_s.ep.rosidl_typesupport_fastrtps_c.c
[34.617s] -- Symlinking: /home/zeyadcode_jammy/shell_ws/src/install/carla_ackermann_msgs/local/lib/python3.10/dist-packages/carla_ackermann_msgs/_carla_ackermann_msgs_s.ep.rosidl_typesupport_introspection_c.c
[34.647s] -- Symlinking: /home/zeyadcode_jammy/shell_ws/src/install/carla_ackermann_msgs/local/lib/python3.10/dist-packages/carla_ackermann_msgs/carla_ackermann_msgs_s__rosidl_typesupport_c.cpython-310-x86_64-linux-gnu.so
[34.672s] -- Symlinking: /home/zeyadcode_jammy/shell_ws/src/install/carla_ackermann_msgs/local/lib/python3.10/dist-packages/carla_ackermann_msgs/carla_ackermann_msgs_s__rosidl_typesupport_fastrtps_c.cpython-310-x86_64-linux-gnu.so
[34.689s] -- Symlinking: /home/zeyadcode_jammy/shell_ws/src/install/carla_ackermann_msgs/local/lib/python3.10/dist-packages/carla_ackermann_msgs/carla_ackermann_msgs_s__rosidl_typesupport_introspection_c.cpython-310-x86_64-linux-gnu.so
[34.704s] -- Symlinking: /home/zeyadcode_jammy/shell_ws/src/install/carla_ackermann_msgs/local/lib/python3.10/dist-packages/carla_ackermann_msgs/libcarla_ackermann_msgs__rosidl_generator_py.so
[34.723s] -- Symlinking: /home/zeyadcode_jammy/shell_ws/src/install/carla_ackermann_msgs/local/lib/python3.10/dist-packages/carla_ackermann_msgs/msg/__init__.py
[34.735s] -- Symlinking: /home/zeyadcode_jammy/shell_ws/src/install/carla_ackermann_msgs/local/lib/python3.10/dist-packages/carla_ackermann_msgs/msg/_ego_vehicle_control_current.py
[34.749s] -- Symlinking: /home/zeyadcode_jammy/shell_ws/src/install/carla_ackermann_msgs/local/lib/python3.10/dist-packages/carla_ackermann_msgs/msg/_ego_vehicle_control_current_s.c
[34.767s] -- Symlinking: /home/zeyadcode_jammy/shell_ws/src/install/carla_ackermann_msgs/local/lib/python3.10/dist-packages/carla_ackermann_msgs/msg/_ego_vehicle_control_info.py
[34.793s] -- Symlinking: /home/zeyadcode_jammy/shell_ws/src/install/carla_ackermann_msgs/local/lib/python3.10/dist-packages/carla_ackermann_msgs/msg/_ego_vehicle_control_info_s.c
[34.821s] -- Symlinking: /home/zeyadcode_jammy/shell_ws/src/install/carla_ackermann_msgs/local/lib/python3.10/dist-packages/carla_ackermann_msgs/msg/_ego_vehicle_control_maxima.py
[34.843s] -- Symlinking: /home/zeyadcode_jammy/shell_ws/src/install/carla_ackermann_msgs/local/lib/python3.10/dist-packages/carla_ackermann_msgs/msg/_ego_vehicle_control_maxima_s.c
[34.861s] -- Symlinking: /home/zeyadcode_jammy/shell_ws/src/install/carla_ackermann_msgs/local/lib/python3.10/dist-packages/carla_ackermann_msgs/msg/_ego_vehicle_control_status.py
[34.869s] -- Symlinking: /home/zeyadcode_jammy/shell_ws/src/install/carla_ackermann_msgs/local/lib/python3.10/dist-packages/carla_ackermann_msgs/msg/_ego_vehicle_control_status_s.c
[34.900s] -- Symlinking: /home/zeyadcode_jammy/shell_ws/src/install/carla_ackermann_msgs/local/lib/python3.10/dist-packages/carla_ackermann_msgs/msg/_ego_vehicle_control_target.py
[34.917s] -- Symlinking: /home/zeyadcode_jammy/shell_ws/src/install/carla_ackermann_msgs/local/lib/python3.10/dist-packages/carla_ackermann_msgs/msg/_ego_vehicle_control_target_s.c
[34.934s] -- Up-to-date symlink: /home/zeyadcode_jammy/shell_ws/src/install/carla_ackermann_msgs/local/lib/python3.10/dist-packages/carla_ackermann_msgs/carla_ackermann_msgs_s__rosidl_typesupport_fastrtps_c.cpython-310-x86_64-linux-gnu.so
[34.934s] -- Up-to-date symlink: /home/zeyadcode_jammy/shell_ws/src/install/carla_ackermann_msgs/local/lib/python3.10/dist-packages/carla_ackermann_msgs/carla_ackermann_msgs_s__rosidl_typesupport_introspection_c.cpython-310-x86_64-linux-gnu.so
[34.935s] -- Up-to-date symlink: /home/zeyadcode_jammy/shell_ws/src/install/carla_ackermann_msgs/local/lib/python3.10/dist-packages/carla_ackermann_msgs/carla_ackermann_msgs_s__rosidl_typesupport_c.cpython-310-x86_64-linux-gnu.so
[34.935s] -- Symlinking: /home/zeyadcode_jammy/shell_ws/src/install/carla_ackermann_msgs/share/carla_ackermann_msgs/msg/EgoVehicleControlInfo.idl
[34.947s] -- Symlinking: /home/zeyadcode_jammy/shell_ws/src/install/carla_ackermann_msgs/share/carla_ackermann_msgs/msg/EgoVehicleControlCurrent.idl
[34.960s] -- Symlinking: /home/zeyadcode_jammy/shell_ws/src/install/carla_ackermann_msgs/share/carla_ackermann_msgs/msg/EgoVehicleControlMaxima.idl
[34.972s] -- Symlinking: /home/zeyadcode_jammy/shell_ws/src/install/carla_ackermann_msgs/share/carla_ackermann_msgs/msg/EgoVehicleControlStatus.idl
[34.983s] -- Symlinking: /home/zeyadcode_jammy/shell_ws/src/install/carla_ackermann_msgs/share/carla_ackermann_msgs/msg/EgoVehicleControlTarget.idl
[34.999s] -- Symlinking: /home/zeyadcode_jammy/shell_ws/src/install/carla_ackermann_msgs/share/carla_ackermann_msgs/msg/EgoVehicleControlInfo.msg
[35.015s] -- Symlinking: /home/zeyadcode_jammy/shell_ws/src/install/carla_ackermann_msgs/share/carla_ackermann_msgs/msg/EgoVehicleControlCurrent.msg
[35.028s] -- Symlinking: /home/zeyadcode_jammy/shell_ws/src/install/carla_ackermann_msgs/share/carla_ackermann_msgs/msg/EgoVehicleControlMaxima.msg
[35.045s] -- Symlinking: /home/zeyadcode_jammy/shell_ws/src/install/carla_ackermann_msgs/share/carla_ackermann_msgs/msg/EgoVehicleControlStatus.msg
[35.058s] -- Symlinking: /home/zeyadcode_jammy/shell_ws/src/install/carla_ackermann_msgs/share/carla_ackermann_msgs/msg/EgoVehicleControlTarget.msg
[35.077s] -- Symlinking: /home/zeyadcode_jammy/shell_ws/src/install/carla_ackermann_msgs/share/ament_index/resource_index/package_run_dependencies/carla_ackermann_msgs
[35.098s] -- Symlinking: /home/zeyadcode_jammy/shell_ws/src/install/carla_ackermann_msgs/share/ament_index/resource_index/parent_prefix_path/carla_ackermann_msgs
[35.122s] -- Symlinking: /home/zeyadcode_jammy/shell_ws/src/install/carla_ackermann_msgs/share/carla_ackermann_msgs/environment/ament_prefix_path.sh
[35.145s] -- Symlinking: /home/zeyadcode_jammy/shell_ws/src/install/carla_ackermann_msgs/share/carla_ackermann_msgs/environment/ament_prefix_path.dsv
[35.170s] -- Symlinking: /home/zeyadcode_jammy/shell_ws/src/install/carla_ackermann_msgs/share/carla_ackermann_msgs/environment/path.sh
[35.194s] -- Symlinking: /home/zeyadcode_jammy/shell_ws/src/install/carla_ackermann_msgs/share/carla_ackermann_msgs/environment/path.dsv
[35.207s] -- Symlinking: /home/zeyadcode_jammy/shell_ws/src/install/carla_ackermann_msgs/share/carla_ackermann_msgs/local_setup.bash
[35.221s] -- Symlinking: /home/zeyadcode_jammy/shell_ws/src/install/carla_ackermann_msgs/share/carla_ackermann_msgs/local_setup.sh
[35.235s] -- Symlinking: /home/zeyadcode_jammy/shell_ws/src/install/carla_ackermann_msgs/share/carla_ackermann_msgs/local_setup.zsh
[35.249s] -- Symlinking: /home/zeyadcode_jammy/shell_ws/src/install/carla_ackermann_msgs/share/carla_ackermann_msgs/local_setup.dsv
[35.263s] -- Symlinking: /home/zeyadcode_jammy/shell_ws/src/install/carla_ackermann_msgs/share/carla_ackermann_msgs/package.dsv
[35.278s] -- Symlinking: /home/zeyadcode_jammy/shell_ws/src/install/carla_ackermann_msgs/share/ament_index/resource_index/packages/carla_ackermann_msgs
[35.293s] -- Symlinking: /home/zeyadcode_jammy/shell_ws/src/install/carla_ackermann_msgs/share/carla_ackermann_msgs/cmake/rosidl_cmake-extras.cmake
[35.307s] -- Symlinking: /home/zeyadcode_jammy/shell_ws/src/install/carla_ackermann_msgs/share/carla_ackermann_msgs/cmake/ament_cmake_export_dependencies-extras.cmake
[35.323s] -- Symlinking: /home/zeyadcode_jammy/shell_ws/src/install/carla_ackermann_msgs/share/carla_ackermann_msgs/cmake/ament_cmake_export_include_directories-extras.cmake
[35.335s] -- Symlinking: /home/zeyadcode_jammy/shell_ws/src/install/carla_ackermann_msgs/share/carla_ackermann_msgs/cmake/ament_cmake_export_libraries-extras.cmake
[35.369s] -- Symlinking: /home/zeyadcode_jammy/shell_ws/src/install/carla_ackermann_msgs/share/carla_ackermann_msgs/cmake/ament_cmake_export_targets-extras.cmake
[35.411s] -- Symlinking: /home/zeyadcode_jammy/shell_ws/src/install/carla_ackermann_msgs/share/carla_ackermann_msgs/cmake/rosidl_cmake_export_typesupport_targets-extras.cmake
[35.433s] -- Symlinking: /home/zeyadcode_jammy/shell_ws/src/install/carla_ackermann_msgs/share/carla_ackermann_msgs/cmake/rosidl_cmake_export_typesupport_libraries-extras.cmake
[35.453s] -- Symlinking: /home/zeyadcode_jammy/shell_ws/src/install/carla_ackermann_msgs/share/carla_ackermann_msgs/cmake/carla_ackermann_msgsConfig.cmake
[35.474s] -- Symlinking: /home/zeyadcode_jammy/shell_ws/src/install/carla_ackermann_msgs/share/carla_ackermann_msgs/cmake/carla_ackermann_msgsConfig-version.cmake
[35.498s] -- Symlinking: /home/zeyadcode_jammy/shell_ws/src/install/carla_ackermann_msgs/share/carla_ackermann_msgs/package.xml
[35.528s] -- Installing: /home/zeyadcode_jammy/shell_ws/src/install/carla_ackermann_msgs/lib/libcarla_ackermann_msgs__rosidl_generator_c.so
[35.528s] -- Set runtime path of "/home/zeyadcode_jammy/shell_ws/src/install/carla_ackermann_msgs/lib/libcarla_ackermann_msgs__rosidl_generator_c.so" to ""
[35.528s] -- Installing: /home/zeyadcode_jammy/shell_ws/src/install/carla_ackermann_msgs/lib/libcarla_ackermann_msgs__rosidl_typesupport_fastrtps_c.so
[35.528s] -- Set runtime path of "/home/zeyadcode_jammy/shell_ws/src/install/carla_ackermann_msgs/lib/libcarla_ackermann_msgs__rosidl_typesupport_fastrtps_c.so" to ""
[35.528s] -- Installing: /home/zeyadcode_jammy/shell_ws/src/install/carla_ackermann_msgs/lib/libcarla_ackermann_msgs__rosidl_typesupport_fastrtps_cpp.so
[35.533s] -- Set runtime path of "/home/zeyadcode_jammy/shell_ws/src/install/carla_ackermann_msgs/lib/libcarla_ackermann_msgs__rosidl_typesupport_fastrtps_cpp.so" to ""
[35.534s] -- Installing: /home/zeyadcode_jammy/shell_ws/src/install/carla_ackermann_msgs/lib/libcarla_ackermann_msgs__rosidl_typesupport_introspection_c.so
[35.534s] -- Set runtime path of "/home/zeyadcode_jammy/shell_ws/src/install/carla_ackermann_msgs/lib/libcarla_ackermann_msgs__rosidl_typesupport_introspection_c.so" to ""
[35.534s] -- Installing: /home/zeyadcode_jammy/shell_ws/src/install/carla_ackermann_msgs/lib/libcarla_ackermann_msgs__rosidl_typesupport_c.so
[35.534s] -- Set runtime path of "/home/zeyadcode_jammy/shell_ws/src/install/carla_ackermann_msgs/lib/libcarla_ackermann_msgs__rosidl_typesupport_c.so" to ""
[35.534s] -- Installing: /home/zeyadcode_jammy/shell_ws/src/install/carla_ackermann_msgs/lib/libcarla_ackermann_msgs__rosidl_typesupport_introspection_cpp.so
[35.534s] -- Set runtime path of "/home/zeyadcode_jammy/shell_ws/src/install/carla_ackermann_msgs/lib/libcarla_ackermann_msgs__rosidl_typesupport_introspection_cpp.so" to ""
[35.534s] -- Installing: /home/zeyadcode_jammy/shell_ws/src/install/carla_ackermann_msgs/lib/libcarla_ackermann_msgs__rosidl_typesupport_cpp.so
[35.534s] -- Set runtime path of "/home/zeyadcode_jammy/shell_ws/src/install/carla_ackermann_msgs/lib/libcarla_ackermann_msgs__rosidl_typesupport_cpp.so" to ""
[35.633s] Listing '/home/zeyadcode_jammy/shell_ws/src/install/carla_ackermann_msgs/local/lib/python3.10/dist-packages/carla_ackermann_msgs'...
[35.633s] Compiling '/home/zeyadcode_jammy/shell_ws/src/install/carla_ackermann_msgs/local/lib/python3.10/dist-packages/carla_ackermann_msgs/__init__.py'...
[35.633s] Listing '/home/zeyadcode_jammy/shell_ws/src/install/carla_ackermann_msgs/local/lib/python3.10/dist-packages/carla_ackermann_msgs/msg'...
[35.633s] Compiling '/home/zeyadcode_jammy/shell_ws/src/install/carla_ackermann_msgs/local/lib/python3.10/dist-packages/carla_ackermann_msgs/msg/__init__.py'...
[35.633s] Compiling '/home/zeyadcode_jammy/shell_ws/src/install/carla_ackermann_msgs/local/lib/python3.10/dist-packages/carla_ackermann_msgs/msg/_ego_vehicle_control_current.py'...
[35.633s] Compiling '/home/zeyadcode_jammy/shell_ws/src/install/carla_ackermann_msgs/local/lib/python3.10/dist-packages/carla_ackermann_msgs/msg/_ego_vehicle_control_info.py'...
[35.633s] Compiling '/home/zeyadcode_jammy/shell_ws/src/install/carla_ackermann_msgs/local/lib/python3.10/dist-packages/carla_ackermann_msgs/msg/_ego_vehicle_control_maxima.py'...
[35.633s] Compiling '/home/zeyadcode_jammy/shell_ws/src/install/carla_ackermann_msgs/local/lib/python3.10/dist-packages/carla_ackermann_msgs/msg/_ego_vehicle_control_status.py'...
[35.633s] Compiling '/home/zeyadcode_jammy/shell_ws/src/install/carla_ackermann_msgs/local/lib/python3.10/dist-packages/carla_ackermann_msgs/msg/_ego_vehicle_control_target.py'...
[35.642s] -- Installing: /home/zeyadcode_jammy/shell_ws/src/install/carla_ackermann_msgs/lib/libcarla_ackermann_msgs__rosidl_generator_py.so
[35.643s] -- Set runtime path of "/home/zeyadcode_jammy/shell_ws/src/install/carla_ackermann_msgs/lib/libcarla_ackermann_msgs__rosidl_generator_py.so" to ""
[35.643s] -- Installing: /home/zeyadcode_jammy/shell_ws/src/install/carla_ackermann_msgs/share/carla_ackermann_msgs/cmake/export_carla_ackermann_msgs__rosidl_generator_cExport.cmake
[35.644s] -- Installing: /home/zeyadcode_jammy/shell_ws/src/install/carla_ackermann_msgs/share/carla_ackermann_msgs/cmake/export_carla_ackermann_msgs__rosidl_generator_cExport-relwithdebinfo.cmake
[35.645s] -- Installing: /home/zeyadcode_jammy/shell_ws/src/install/carla_ackermann_msgs/share/carla_ackermann_msgs/cmake/export_carla_ackermann_msgs__rosidl_typesupport_fastrtps_cExport.cmake
[35.645s] -- Installing: /home/zeyadcode_jammy/shell_ws/src/install/carla_ackermann_msgs/share/carla_ackermann_msgs/cmake/export_carla_ackermann_msgs__rosidl_typesupport_fastrtps_cExport-relwithdebinfo.cmake
[35.645s] -- Installing: /home/zeyadcode_jammy/shell_ws/src/install/carla_ackermann_msgs/share/carla_ackermann_msgs/cmake/export_carla_ackermann_msgs__rosidl_generator_cppExport.cmake
[35.646s] -- Installing: /home/zeyadcode_jammy/shell_ws/src/install/carla_ackermann_msgs/share/carla_ackermann_msgs/cmake/export_carla_ackermann_msgs__rosidl_typesupport_fastrtps_cppExport.cmake
[35.653s] -- Installing: /home/zeyadcode_jammy/shell_ws/src/install/carla_ackermann_msgs/share/carla_ackermann_msgs/cmake/export_carla_ackermann_msgs__rosidl_typesupport_fastrtps_cppExport-relwithdebinfo.cmake
[35.653s] -- Installing: /home/zeyadcode_jammy/shell_ws/src/install/carla_ackermann_msgs/share/carla_ackermann_msgs/cmake/carla_ackermann_msgs__rosidl_typesupport_introspection_cExport.cmake
[35.653s] -- Installing: /home/zeyadcode_jammy/shell_ws/src/install/carla_ackermann_msgs/share/carla_ackermann_msgs/cmake/carla_ackermann_msgs__rosidl_typesupport_introspection_cExport-relwithdebinfo.cmake
[35.654s] -- Installing: /home/zeyadcode_jammy/shell_ws/src/install/carla_ackermann_msgs/share/carla_ackermann_msgs/cmake/carla_ackermann_msgs__rosidl_typesupport_cExport.cmake
[35.654s] -- Installing: /home/zeyadcode_jammy/shell_ws/src/install/carla_ackermann_msgs/share/carla_ackermann_msgs/cmake/carla_ackermann_msgs__rosidl_typesupport_cExport-relwithdebinfo.cmake
[35.654s] -- Installing: /home/zeyadcode_jammy/shell_ws/src/install/carla_ackermann_msgs/share/carla_ackermann_msgs/cmake/carla_ackermann_msgs__rosidl_typesupport_introspection_cppExport.cmake
[35.654s] -- Installing: /home/zeyadcode_jammy/shell_ws/src/install/carla_ackermann_msgs/share/carla_ackermann_msgs/cmake/carla_ackermann_msgs__rosidl_typesupport_introspection_cppExport-relwithdebinfo.cmake
[35.654s] -- Installing: /home/zeyadcode_jammy/shell_ws/src/install/carla_ackermann_msgs/share/carla_ackermann_msgs/cmake/carla_ackermann_msgs__rosidl_typesupport_cppExport.cmake
[35.654s] -- Installing: /home/zeyadcode_jammy/shell_ws/src/install/carla_ackermann_msgs/share/carla_ackermann_msgs/cmake/carla_ackermann_msgs__rosidl_typesupport_cppExport-relwithdebinfo.cmake
[35.654s] -- Installing: /home/zeyadcode_jammy/shell_ws/src/install/carla_ackermann_msgs/share/carla_ackermann_msgs/cmake/export_carla_ackermann_msgs__rosidl_generator_pyExport.cmake
[35.654s] -- Installing: /home/zeyadcode_jammy/shell_ws/src/install/carla_ackermann_msgs/share/carla_ackermann_msgs/cmake/export_carla_ackermann_msgs__rosidl_generator_pyExport-relwithdebinfo.cmake
[35.660s] Invoked command in '/home/zeyadcode_jammy/shell_ws/src/build/carla_ackermann_msgs' returned '0': AMENT_PREFIX_PATH=/home/zeyadcode_jammy/shell_ws/src/install/carla_msgs:${AMENT_PREFIX_PATH} CMAKE_PREFIX_PATH=/home/zeyadcode_jammy/shell_ws/src/install/carla_msgs:/opt/ros/humble LD_LIBRARY_PATH=/home/zeyadcode_jammy/shell_ws/src/install/carla_msgs/lib:${LD_LIBRARY_PATH} PYTHONPATH=/home/zeyadcode_jammy/shell_ws/src/install/carla_msgs/local/lib/python3.10/dist-packages:${PYTHONPATH} /usr/bin/cmake --install /home/zeyadcode_jammy/shell_ws/src/build/carla_ackermann_msgs
