[1.115s] Invoking command in '/home/zeyadcode_jammy/shell_ws/src/build/carla_ros_bridge': AMENT_PREFIX_PATH=/home/zeyadcode_jammy/shell_ws/src/install/carla_spawn_objects:/home/zeyadcode_jammy/shell_ws/src/install/carla_manual_control:/home/zeyadcode_jammy/shell_ws/src/install/ros_compatibility:/home/zeyadcode_jammy/shell_ws/src/install/carla_msgs:/home/zeyadcode_jammy/shell_ws/src/install/carla_common:${AMENT_PREFIX_PATH} CMAKE_PREFIX_PATH=/home/zeyadcode_jammy/shell_ws/src/install/carla_msgs LD_LIBRARY_PATH=/home/zeyadcode_jammy/shell_ws/src/install/carla_msgs/lib:${LD_LIBRARY_PATH} PYTHONPATH=/home/zeyadcode_jammy/shell_ws/src/build/carla_ros_bridge/prefix_override:/usr/lib/python3/dist-packages/colcon_core/task/python/colcon_distutils_commands:/home/zeyadcode_jammy/shell_ws/src/install/carla_ros_bridge/lib/python3.10/site-packages:/home/zeyadcode_jammy/shell_ws/src/build/carla_spawn_objects:/home/zeyadcode_jammy/shell_ws/src/install/carla_spawn_objects/lib/python3.10/site-packages:/home/zeyadcode_jammy/shell_ws/src/build/carla_manual_control/src:/home/zeyadcode_jammy/shell_ws/src/install/carla_manual_control/lib/python3.10/site-packages:/home/zeyadcode_jammy/shell_ws/src/build/ros_compatibility/src:/home/zeyadcode_jammy/shell_ws/src/install/ros_compatibility/lib/python3.10/site-packages:/home/zeyadcode_jammy/shell_ws/src/install/carla_msgs/local/lib/python3.10/dist-packages:/home/zeyadcode_jammy/shell_ws/src/build/carla_common/src:/home/zeyadcode_jammy/shell_ws/src/install/carla_common/lib/python3.10/site-packages:${PYTHONPATH} /usr/bin/python3 -W ignore:setup.py install is deprecated -W ignore:easy_install command is deprecated setup.py develop --editable --build-directory /home/zeyadcode_jammy/shell_ws/src/build/carla_ros_bridge/build --no-deps symlink_data
[1.510s] running develop
[1.753s] running egg_info
[1.753s] creating src/carla_ros_bridge.egg-info
[1.753s] writing src/carla_ros_bridge.egg-info/PKG-INFO
[1.753s] writing dependency_links to src/carla_ros_bridge.egg-info/dependency_links.txt
[1.754s] writing entry points to src/carla_ros_bridge.egg-info/entry_points.txt
[1.754s] writing requirements to src/carla_ros_bridge.egg-info/requires.txt
[1.758s] writing top-level names to src/carla_ros_bridge.egg-info/top_level.txt
[1.759s] writing manifest file 'src/carla_ros_bridge.egg-info/SOURCES.txt'
[1.759s] reading manifest file 'src/carla_ros_bridge.egg-info/SOURCES.txt'
[1.759s] writing manifest file 'src/carla_ros_bridge.egg-info/SOURCES.txt'
[1.763s] running build_ext
[1.764s] Creating /home/zeyadcode_jammy/shell_ws/src/install/carla_ros_bridge/lib/python3.10/site-packages/carla-ros-bridge.egg-link (link to src)
[1.768s] Installing bridge script to /home/zeyadcode_jammy/shell_ws/src/install/carla_ros_bridge/lib/carla_ros_bridge
[1.769s] 
[1.770s] Installed /home/zeyadcode_jammy/shell_ws/src/build/carla_ros_bridge/src
[1.770s] running symlink_data
[1.770s] creating /home/zeyadcode_jammy/shell_ws/src/install/carla_ros_bridge/share/ament_index
[1.770s] creating /home/zeyadcode_jammy/shell_ws/src/install/carla_ros_bridge/share/ament_index/resource_index
[1.770s] creating /home/zeyadcode_jammy/shell_ws/src/install/carla_ros_bridge/share/ament_index/resource_index/packages
[1.771s] symbolically linking /home/zeyadcode_jammy/shell_ws/src/build/carla_ros_bridge/resource/carla_ros_bridge -> /home/zeyadcode_jammy/shell_ws/src/install/carla_ros_bridge/share/ament_index/resource_index/packages
[1.771s] symbolically linking /home/zeyadcode_jammy/shell_ws/src/build/carla_ros_bridge/package.xml -> /home/zeyadcode_jammy/shell_ws/src/install/carla_ros_bridge/share/carla_ros_bridge
[1.775s] symbolically linking /home/zeyadcode_jammy/shell_ws/src/build/carla_ros_bridge/launch/carla_ros_bridge.launch.py -> /home/zeyadcode_jammy/shell_ws/src/install/carla_ros_bridge/share/carla_ros_bridge
[1.775s] symbolically linking /home/zeyadcode_jammy/shell_ws/src/build/carla_ros_bridge/launch/carla_ros_bridge_with_example_ego_vehicle.launch.py -> /home/zeyadcode_jammy/shell_ws/src/install/carla_ros_bridge/share/carla_ros_bridge
[1.775s] creating /home/zeyadcode_jammy/shell_ws/src/install/carla_ros_bridge/share/carla_ros_bridge/test
[1.775s] symbolically linking /home/zeyadcode_jammy/shell_ws/src/build/carla_ros_bridge/test/test_objects.json -> /home/zeyadcode_jammy/shell_ws/src/install/carla_ros_bridge/share/carla_ros_bridge/test
[1.835s] Invoked command in '/home/zeyadcode_jammy/shell_ws/src/build/carla_ros_bridge' returned '0': AMENT_PREFIX_PATH=/home/zeyadcode_jammy/shell_ws/src/install/carla_spawn_objects:/home/zeyadcode_jammy/shell_ws/src/install/carla_manual_control:/home/zeyadcode_jammy/shell_ws/src/install/ros_compatibility:/home/zeyadcode_jammy/shell_ws/src/install/carla_msgs:/home/zeyadcode_jammy/shell_ws/src/install/carla_common:${AMENT_PREFIX_PATH} CMAKE_PREFIX_PATH=/home/zeyadcode_jammy/shell_ws/src/install/carla_msgs LD_LIBRARY_PATH=/home/zeyadcode_jammy/shell_ws/src/install/carla_msgs/lib:${LD_LIBRARY_PATH} PYTHONPATH=/home/zeyadcode_jammy/shell_ws/src/build/carla_ros_bridge/prefix_override:/usr/lib/python3/dist-packages/colcon_core/task/python/colcon_distutils_commands:/home/zeyadcode_jammy/shell_ws/src/install/carla_ros_bridge/lib/python3.10/site-packages:/home/zeyadcode_jammy/shell_ws/src/build/carla_spawn_objects:/home/zeyadcode_jammy/shell_ws/src/install/carla_spawn_objects/lib/python3.10/site-packages:/home/zeyadcode_jammy/shell_ws/src/build/carla_manual_control/src:/home/zeyadcode_jammy/shell_ws/src/install/carla_manual_control/lib/python3.10/site-packages:/home/zeyadcode_jammy/shell_ws/src/build/ros_compatibility/src:/home/zeyadcode_jammy/shell_ws/src/install/ros_compatibility/lib/python3.10/site-packages:/home/zeyadcode_jammy/shell_ws/src/install/carla_msgs/local/lib/python3.10/dist-packages:/home/zeyadcode_jammy/shell_ws/src/build/carla_common/src:/home/zeyadcode_jammy/shell_ws/src/install/carla_common/lib/python3.10/site-packages:${PYTHONPATH} /usr/bin/python3 -W ignore:setup.py install is deprecated -W ignore:easy_install command is deprecated setup.py develop --editable --build-directory /home/zeyadcode_jammy/shell_ws/src/build/carla_ros_bridge/build --no-deps symlink_data
