[0.402s] Invoking command in '/home/zeyadcode_jammy/shell_ws/src/build/carla_waypoint_types': CMAKE_PREFIX_PATH=/opt/ros/humble /usr/bin/cmake /home/zeyadcode_jammy/shell_ws/src/sem-apc-ros-bridge/carla_waypoint_types -DCMAKE_BUILD_TYPE=RelWithDebInfo -DAMENT_CMAKE_SYMLINK_INSTALL=1 -DCMAKE_INSTALL_PREFIX=/home/zeyadcode_jammy/shell_ws/src/install/carla_waypoint_types
[0.868s] -- The C compiler identification is GNU 11.4.0
[0.868s] -- The CXX compiler identification is GNU 11.4.0
[0.868s] -- Detecting C compiler ABI info
[0.868s] -- Detecting C compiler ABI info - done
[0.869s] -- Check for working C compiler: /usr/bin/cc - skipped
[0.869s] -- Detecting C compile features
[0.869s] -- Detecting C compile features - done
[0.869s] -- Detecting CXX compiler ABI info
[0.869s] -- Detecting CXX compiler ABI info - done
[0.869s] -- Check for working CXX compiler: /usr/bin/c++ - skipped
[0.869s] -- Detecting CXX compile features
[0.869s] -- Detecting CXX compile features - done
[0.869s] -- Found ros_environment: 3.2.2 (/opt/ros/humble/share/ros_environment/cmake)
[0.869s] -- Found ament_cmake: 1.3.11 (/opt/ros/humble/share/ament_cmake/cmake)
[0.869s] -- Found Python3: /usr/bin/python3 (found version "3.10.12") found components: Interpreter 
[0.934s] -- Override CMake install command with custom implementation using symlinks instead of copying resources
[0.955s] -- Found nav_msgs: 4.8.0 (/opt/ros/humble/share/nav_msgs/cmake)
[0.986s] -- Found rosidl_generator_c: 3.1.6 (/opt/ros/humble/share/rosidl_generator_c/cmake)
[0.993s] -- Found rosidl_adapter: 3.1.6 (/opt/ros/humble/share/rosidl_adapter/cmake)
[1.000s] -- Found rosidl_generator_cpp: 3.1.6 (/opt/ros/humble/share/rosidl_generator_cpp/cmake)
[1.015s] -- Using all available rosidl_typesupport_c: rosidl_typesupport_fastrtps_c;rosidl_typesupport_introspection_c
[1.039s] -- Using all available rosidl_typesupport_cpp: rosidl_typesupport_fastrtps_cpp;rosidl_typesupport_introspection_cpp
[1.099s] -- Found rosidl_default_generators: 1.2.0 (/opt/ros/humble/share/rosidl_default_generators/cmake)
[1.627s] -- Found ament_cmake_cppcheck: 0.12.12 (/opt/ros/humble/share/ament_cmake_cppcheck/cmake)
[1.627s] -- Found ament_cmake_cpplint: 0.12.12 (/opt/ros/humble/share/ament_cmake_cpplint/cmake)
[1.629s] -- Found ament_cmake_uncrustify: 0.12.12 (/opt/ros/humble/share/ament_cmake_uncrustify/cmake)
[1.637s] -- Found ament_cmake_ros: 0.10.0 (/opt/ros/humble/share/ament_cmake_ros/cmake)
[2.438s] -- Using all available rosidl_typesupport_c: rosidl_typesupport_fastrtps_c;rosidl_typesupport_introspection_c
[2.697s] -- Using all available rosidl_typesupport_cpp: rosidl_typesupport_fastrtps_cpp;rosidl_typesupport_introspection_cpp
[2.721s] -- Found PythonInterp: /usr/bin/python3 (found suitable version "3.10.12", minimum required is "3.6") 
[2.723s] -- Found python_cmake_module: 0.10.0 (/opt/ros/humble/share/python_cmake_module/cmake)
[2.755s] -- Found PythonLibs: /usr/lib/x86_64-linux-gnu/libpython3.10.so (found suitable version "3.10.12", minimum required is "3.5") 
[2.755s] -- Using PYTHON_EXECUTABLE: /usr/bin/python3
[2.755s] -- Using PYTHON_INCLUDE_DIRS: /usr/include/python3.10
[2.755s] -- Using PYTHON_LIBRARIES: /usr/lib/x86_64-linux-gnu/libpython3.10.so
[2.785s] -- Found PythonExtra: .so  
[2.880s] -- Found ament_cmake_flake8: 0.12.12 (/opt/ros/humble/share/ament_cmake_flake8/cmake)
[2.882s] -- Found ament_cmake_pep257: 0.12.12 (/opt/ros/humble/share/ament_cmake_pep257/cmake)
[2.888s] -- Found ament_lint_auto: 0.12.12 (/opt/ros/humble/share/ament_lint_auto/cmake)
[2.918s] -- Added test 'copyright' to check source files copyright and LICENSE
[2.919s] -- Added test 'lint_cmake' to check CMake code style
[2.923s] -- Added test 'xmllint' to check XML markup files
[2.942s] -- Configuring done
[3.000s] -- Generating done
[3.017s] -- Build files have been written to: /home/zeyadcode_jammy/shell_ws/src/build/carla_waypoint_types
[3.088s] Invoked command in '/home/zeyadcode_jammy/shell_ws/src/build/carla_waypoint_types' returned '0': CMAKE_PREFIX_PATH=/opt/ros/humble /usr/bin/cmake /home/zeyadcode_jammy/shell_ws/src/sem-apc-ros-bridge/carla_waypoint_types -DCMAKE_BUILD_TYPE=RelWithDebInfo -DAMENT_CMAKE_SYMLINK_INSTALL=1 -DCMAKE_INSTALL_PREFIX=/home/zeyadcode_jammy/shell_ws/src/install/carla_waypoint_types
[3.088s] Invoking command in '/home/zeyadcode_jammy/shell_ws/src/build/carla_waypoint_types': CMAKE_PREFIX_PATH=/opt/ros/humble /usr/bin/cmake --build /home/zeyadcode_jammy/shell_ws/src/build/carla_waypoint_types -- -j8 -l8
[3.180s] [  2%] [34m[1mGenerating C code for ROS interfaces[0m
[3.191s] [  4%] [34m[1mGenerating C++ code for ROS interfaces[0m
[3.226s] [  4%] Built target ament_cmake_python_symlink_carla_waypoint_types
[3.611s] running egg_info
[3.611s] creating carla_waypoint_types.egg-info
[3.611s] writing carla_waypoint_types.egg-info/PKG-INFO
[3.611s] writing dependency_links to carla_waypoint_types.egg-info/dependency_links.txt
[3.611s] writing top-level names to carla_waypoint_types.egg-info/top_level.txt
[3.611s] writing manifest file 'carla_waypoint_types.egg-info/SOURCES.txt'
[3.616s] reading manifest file 'carla_waypoint_types.egg-info/SOURCES.txt'
[3.616s] writing manifest file 'carla_waypoint_types.egg-info/SOURCES.txt'
[3.660s] [  4%] Built target ament_cmake_python_build_carla_waypoint_types_egg
[4.156s] [  6%] [32mBuilding C object CMakeFiles/carla_waypoint_types__rosidl_generator_c.dir/rosidl_generator_c/carla_waypoint_types/srv/detail/get_waypoint__functions.c.o[0m
[4.161s] [  8%] [32mBuilding C object CMakeFiles/carla_waypoint_types__rosidl_generator_c.dir/rosidl_generator_c/carla_waypoint_types/msg/detail/carla_waypoint__functions.c.o[0m
[4.176s] [ 10%] [32mBuilding C object CMakeFiles/carla_waypoint_types__rosidl_generator_c.dir/rosidl_generator_c/carla_waypoint_types/srv/detail/get_actor_waypoint__functions.c.o[0m
[4.729s] [ 12%] [32m[1mLinking C shared library libcarla_waypoint_types__rosidl_generator_c.so[0m
[4.801s] [ 12%] Built target carla_waypoint_types__rosidl_generator_c
[4.816s] [ 12%] Built target carla_waypoint_types__cpp
[4.825s] [ 14%] [34m[1mGenerating C type support for eProsima Fast-RTPS[0m
[4.837s] [ 17%] [34m[1mGenerating C introspection for ROS interfaces[0m
[4.842s] [ 19%] [34m[1mGenerating C type support dispatch for ROS interfaces[0m
[4.853s] [ 21%] [34m[1mGenerating C++ introspection for ROS interfaces[0m
[6.320s] [ 23%] [32mBuilding CXX object CMakeFiles/carla_waypoint_types__rosidl_typesupport_fastrtps_c.dir/rosidl_typesupport_fastrtps_c/carla_waypoint_types/msg/detail/carla_waypoint__type_support_c.cpp.o[0m
[6.353s] [ 27%] [32mBuilding CXX object CMakeFiles/carla_waypoint_types__rosidl_typesupport_fastrtps_c.dir/rosidl_typesupport_fastrtps_c/carla_waypoint_types/srv/detail/get_waypoint__type_support_c.cpp.o[0m
[6.353s] [ 27%] [32mBuilding CXX object CMakeFiles/carla_waypoint_types__rosidl_typesupport_fastrtps_c.dir/rosidl_typesupport_fastrtps_c/carla_waypoint_types/srv/detail/get_actor_waypoint__type_support_c.cpp.o[0m
[6.613s] [ 29%] [32mBuilding CXX object CMakeFiles/carla_waypoint_types__rosidl_typesupport_c.dir/rosidl_typesupport_c/carla_waypoint_types/srv/get_waypoint__type_support.cpp.o[0m
[6.633s] [ 31%] [32mBuilding CXX object CMakeFiles/carla_waypoint_types__rosidl_typesupport_c.dir/rosidl_typesupport_c/carla_waypoint_types/srv/get_actor_waypoint__type_support.cpp.o[0m
[6.682s] [ 34%] [32mBuilding CXX object CMakeFiles/carla_waypoint_types__rosidl_typesupport_c.dir/rosidl_typesupport_c/carla_waypoint_types/msg/carla_waypoint__type_support.cpp.o[0m
[6.857s] [ 36%] [32m[1mLinking CXX shared library libcarla_waypoint_types__rosidl_typesupport_c.so[0m
[7.152s] [ 36%] Built target carla_waypoint_types__rosidl_typesupport_c
[7.181s] [ 38%] [34m[1mGenerating C++ type support for eProsima Fast-RTPS[0m
[7.196s] [ 40%] [34m[1mGenerating C++ type support dispatch for ROS interfaces[0m
[7.344s] [ 42%] [32mBuilding CXX object CMakeFiles/carla_waypoint_types__rosidl_typesupport_introspection_cpp.dir/rosidl_typesupport_introspection_cpp/carla_waypoint_types/msg/detail/carla_waypoint__type_support.cpp.o[0m
[7.434s] [ 44%] [32mBuilding CXX object CMakeFiles/carla_waypoint_types__rosidl_typesupport_introspection_cpp.dir/rosidl_typesupport_introspection_cpp/carla_waypoint_types/srv/detail/get_waypoint__type_support.cpp.o[0m
[7.754s] [ 46%] [32mBuilding C object CMakeFiles/carla_waypoint_types__rosidl_typesupport_introspection_c.dir/rosidl_typesupport_introspection_c/carla_waypoint_types/msg/detail/carla_waypoint__type_support.c.o[0m
[7.913s] [ 48%] [32mBuilding C object CMakeFiles/carla_waypoint_types__rosidl_typesupport_introspection_c.dir/rosidl_typesupport_introspection_c/carla_waypoint_types/srv/detail/get_waypoint__type_support.c.o[0m
[8.043s] [ 51%] [32mBuilding C object CMakeFiles/carla_waypoint_types__rosidl_typesupport_introspection_c.dir/rosidl_typesupport_introspection_c/carla_waypoint_types/srv/detail/get_actor_waypoint__type_support.c.o[0m
[8.161s] [ 53%] [32m[1mLinking C shared library libcarla_waypoint_types__rosidl_typesupport_introspection_c.so[0m
[8.252s] [ 55%] [32mBuilding CXX object CMakeFiles/carla_waypoint_types__rosidl_typesupport_fastrtps_cpp.dir/rosidl_typesupport_fastrtps_cpp/carla_waypoint_types/msg/detail/dds_fastrtps/carla_waypoint__type_support.cpp.o[0m
[8.415s] [ 55%] Built target carla_waypoint_types__rosidl_typesupport_introspection_c
[8.438s] [ 57%] [32mBuilding CXX object CMakeFiles/carla_waypoint_types__rosidl_typesupport_introspection_cpp.dir/rosidl_typesupport_introspection_cpp/carla_waypoint_types/srv/detail/get_actor_waypoint__type_support.cpp.o[0m
[8.472s] [ 59%] [32mBuilding CXX object CMakeFiles/carla_waypoint_types__rosidl_typesupport_fastrtps_cpp.dir/rosidl_typesupport_fastrtps_cpp/carla_waypoint_types/srv/detail/dds_fastrtps/get_waypoint__type_support.cpp.o[0m
[9.201s] [ 61%] [32mBuilding CXX object CMakeFiles/carla_waypoint_types__rosidl_typesupport_cpp.dir/rosidl_typesupport_cpp/carla_waypoint_types/msg/carla_waypoint__type_support.cpp.o[0m
[9.780s] [ 63%] [32mBuilding CXX object CMakeFiles/carla_waypoint_types__rosidl_typesupport_cpp.dir/rosidl_typesupport_cpp/carla_waypoint_types/srv/get_waypoint__type_support.cpp.o[0m
[9.851s] [ 65%] [32mBuilding CXX object CMakeFiles/carla_waypoint_types__rosidl_typesupport_fastrtps_cpp.dir/rosidl_typesupport_fastrtps_cpp/carla_waypoint_types/srv/detail/dds_fastrtps/get_actor_waypoint__type_support.cpp.o[0m
[10.166s] [ 68%] [32m[1mLinking CXX shared library libcarla_waypoint_types__rosidl_typesupport_fastrtps_c.so[0m
[10.253s] [ 70%] [32mBuilding CXX object CMakeFiles/carla_waypoint_types__rosidl_typesupport_cpp.dir/rosidl_typesupport_cpp/carla_waypoint_types/srv/get_actor_waypoint__type_support.cpp.o[0m
[10.794s] [ 70%] Built target carla_waypoint_types__rosidl_typesupport_fastrtps_c
[11.455s] [ 72%] [32m[1mLinking CXX shared library libcarla_waypoint_types__rosidl_typesupport_cpp.so[0m
[11.581s] [ 72%] Built target carla_waypoint_types__rosidl_typesupport_cpp
[11.956s] [ 74%] [32m[1mLinking CXX shared library libcarla_waypoint_types__rosidl_typesupport_fastrtps_cpp.so[0m
[12.149s] [ 76%] [32m[1mLinking CXX shared library libcarla_waypoint_types__rosidl_typesupport_introspection_cpp.so[0m
[12.240s] [ 76%] Built target carla_waypoint_types__rosidl_typesupport_introspection_cpp
[12.310s] [ 76%] Built target carla_waypoint_types__rosidl_typesupport_fastrtps_cpp
[12.382s] [ 76%] Built target carla_waypoint_types
[12.449s] [ 78%] [34m[1mGenerating Python code for ROS interfaces[0m
[14.947s] [ 78%] Built target carla_waypoint_types__py
[15.083s] [ 80%] [32mBuilding C object CMakeFiles/carla_waypoint_types__rosidl_generator_py.dir/rosidl_generator_py/carla_waypoint_types/msg/_carla_waypoint_s.c.o[0m
[15.388s] [ 82%] [32mBuilding C object CMakeFiles/carla_waypoint_types__rosidl_generator_py.dir/rosidl_generator_py/carla_waypoint_types/srv/_get_actor_waypoint_s.c.o[0m
[15.622s] [ 85%] [32mBuilding C object CMakeFiles/carla_waypoint_types__rosidl_generator_py.dir/rosidl_generator_py/carla_waypoint_types/srv/_get_waypoint_s.c.o[0m
[15.902s] [ 87%] [32m[1mLinking C shared library rosidl_generator_py/carla_waypoint_types/libcarla_waypoint_types__rosidl_generator_py.so[0m
[16.011s] [ 87%] Built target carla_waypoint_types__rosidl_generator_py
[16.091s] [ 89%] [32mBuilding C object CMakeFiles/carla_waypoint_types__rosidl_typesupport_fastrtps_c__pyext.dir/rosidl_generator_py/carla_waypoint_types/_carla_waypoint_types_s.ep.rosidl_typesupport_fastrtps_c.c.o[0m
[16.473s] [ 91%] [32m[1mLinking C shared library rosidl_generator_py/carla_waypoint_types/carla_waypoint_types_s__rosidl_typesupport_fastrtps_c.cpython-310-x86_64-linux-gnu.so[0m
[16.604s] [ 91%] Built target carla_waypoint_types__rosidl_typesupport_fastrtps_c__pyext
[16.660s] [ 93%] [32mBuilding C object CMakeFiles/carla_waypoint_types__rosidl_typesupport_c__pyext.dir/rosidl_generator_py/carla_waypoint_types/_carla_waypoint_types_s.ep.rosidl_typesupport_c.c.o[0m
[17.165s] [ 95%] [32m[1mLinking C shared library rosidl_generator_py/carla_waypoint_types/carla_waypoint_types_s__rosidl_typesupport_c.cpython-310-x86_64-linux-gnu.so[0m
[17.273s] [ 95%] Built target carla_waypoint_types__rosidl_typesupport_c__pyext
[17.305s] [ 97%] [32mBuilding C object CMakeFiles/carla_waypoint_types__rosidl_typesupport_introspection_c__pyext.dir/rosidl_generator_py/carla_waypoint_types/_carla_waypoint_types_s.ep.rosidl_typesupport_introspection_c.c.o[0m
[17.645s] [100%] [32m[1mLinking C shared library rosidl_generator_py/carla_waypoint_types/carla_waypoint_types_s__rosidl_typesupport_introspection_c.cpython-310-x86_64-linux-gnu.so[0m
[17.748s] [100%] Built target carla_waypoint_types__rosidl_typesupport_introspection_c__pyext
[17.790s] Invoked command in '/home/zeyadcode_jammy/shell_ws/src/build/carla_waypoint_types' returned '0': CMAKE_PREFIX_PATH=/opt/ros/humble /usr/bin/cmake --build /home/zeyadcode_jammy/shell_ws/src/build/carla_waypoint_types -- -j8 -l8
[17.812s] Invoking command in '/home/zeyadcode_jammy/shell_ws/src/build/carla_waypoint_types': CMAKE_PREFIX_PATH=/opt/ros/humble /usr/bin/cmake --install /home/zeyadcode_jammy/shell_ws/src/build/carla_waypoint_types
[17.835s] -- Install configuration: "RelWithDebInfo"
[17.836s] -- Execute custom install script
[17.837s] -- Symlinking: /home/zeyadcode_jammy/shell_ws/src/install/carla_waypoint_types/share/ament_index/resource_index/rosidl_interfaces/carla_waypoint_types
[17.849s] -- Symlinking: /home/zeyadcode_jammy/shell_ws/src/install/carla_waypoint_types/include/carla_waypoint_types/carla_waypoint_types/msg/carla_waypoint.h
[17.865s] -- Symlinking: /home/zeyadcode_jammy/shell_ws/src/install/carla_waypoint_types/include/carla_waypoint_types/carla_waypoint_types/msg/detail/carla_waypoint__functions.h
[17.879s] -- Symlinking: /home/zeyadcode_jammy/shell_ws/src/install/carla_waypoint_types/include/carla_waypoint_types/carla_waypoint_types/msg/detail/carla_waypoint__struct.h
[17.895s] -- Symlinking: /home/zeyadcode_jammy/shell_ws/src/install/carla_waypoint_types/include/carla_waypoint_types/carla_waypoint_types/msg/detail/carla_waypoint__type_support.h
[17.910s] -- Symlinking: /home/zeyadcode_jammy/shell_ws/src/install/carla_waypoint_types/include/carla_waypoint_types/carla_waypoint_types/msg/rosidl_generator_c__visibility_control.h
[17.932s] -- Symlinking: /home/zeyadcode_jammy/shell_ws/src/install/carla_waypoint_types/include/carla_waypoint_types/carla_waypoint_types/srv/detail/get_actor_waypoint__functions.h
[17.954s] -- Symlinking: /home/zeyadcode_jammy/shell_ws/src/install/carla_waypoint_types/include/carla_waypoint_types/carla_waypoint_types/srv/detail/get_actor_waypoint__struct.h
[17.975s] -- Symlinking: /home/zeyadcode_jammy/shell_ws/src/install/carla_waypoint_types/include/carla_waypoint_types/carla_waypoint_types/srv/detail/get_actor_waypoint__type_support.h
[18.003s] -- Symlinking: /home/zeyadcode_jammy/shell_ws/src/install/carla_waypoint_types/include/carla_waypoint_types/carla_waypoint_types/srv/detail/get_waypoint__functions.h
[18.024s] -- Symlinking: /home/zeyadcode_jammy/shell_ws/src/install/carla_waypoint_types/include/carla_waypoint_types/carla_waypoint_types/srv/detail/get_waypoint__struct.h
[18.043s] -- Symlinking: /home/zeyadcode_jammy/shell_ws/src/install/carla_waypoint_types/include/carla_waypoint_types/carla_waypoint_types/srv/detail/get_waypoint__type_support.h
[18.065s] -- Symlinking: /home/zeyadcode_jammy/shell_ws/src/install/carla_waypoint_types/include/carla_waypoint_types/carla_waypoint_types/srv/get_actor_waypoint.h
[18.079s] -- Symlinking: /home/zeyadcode_jammy/shell_ws/src/install/carla_waypoint_types/include/carla_waypoint_types/carla_waypoint_types/srv/get_waypoint.h
[18.098s] -- Symlinking: /home/zeyadcode_jammy/shell_ws/src/install/carla_waypoint_types/share/carla_waypoint_types/environment/library_path.sh
[18.115s] -- Symlinking: /home/zeyadcode_jammy/shell_ws/src/install/carla_waypoint_types/share/carla_waypoint_types/environment/library_path.dsv
[18.137s] -- Symlinking: /home/zeyadcode_jammy/shell_ws/src/install/carla_waypoint_types/include/carla_waypoint_types/carla_waypoint_types/msg/detail/carla_waypoint__rosidl_typesupport_fastrtps_c.h
[18.158s] -- Symlinking: /home/zeyadcode_jammy/shell_ws/src/install/carla_waypoint_types/include/carla_waypoint_types/carla_waypoint_types/msg/rosidl_typesupport_fastrtps_c__visibility_control.h
[18.177s] -- Symlinking: /home/zeyadcode_jammy/shell_ws/src/install/carla_waypoint_types/include/carla_waypoint_types/carla_waypoint_types/srv/detail/get_actor_waypoint__rosidl_typesupport_fastrtps_c.h
[18.203s] -- Symlinking: /home/zeyadcode_jammy/shell_ws/src/install/carla_waypoint_types/include/carla_waypoint_types/carla_waypoint_types/srv/detail/get_waypoint__rosidl_typesupport_fastrtps_c.h
[18.227s] -- Symlinking: /home/zeyadcode_jammy/shell_ws/src/install/carla_waypoint_types/include/carla_waypoint_types/carla_waypoint_types/msg/carla_waypoint.hpp
[18.247s] -- Symlinking: /home/zeyadcode_jammy/shell_ws/src/install/carla_waypoint_types/include/carla_waypoint_types/carla_waypoint_types/msg/detail/carla_waypoint__builder.hpp
[18.267s] -- Symlinking: /home/zeyadcode_jammy/shell_ws/src/install/carla_waypoint_types/include/carla_waypoint_types/carla_waypoint_types/msg/detail/carla_waypoint__struct.hpp
[18.291s] -- Symlinking: /home/zeyadcode_jammy/shell_ws/src/install/carla_waypoint_types/include/carla_waypoint_types/carla_waypoint_types/msg/detail/carla_waypoint__traits.hpp
[18.314s] -- Symlinking: /home/zeyadcode_jammy/shell_ws/src/install/carla_waypoint_types/include/carla_waypoint_types/carla_waypoint_types/msg/detail/carla_waypoint__type_support.hpp
[18.343s] -- Symlinking: /home/zeyadcode_jammy/shell_ws/src/install/carla_waypoint_types/include/carla_waypoint_types/carla_waypoint_types/msg/rosidl_generator_cpp__visibility_control.hpp
[18.361s] -- Symlinking: /home/zeyadcode_jammy/shell_ws/src/install/carla_waypoint_types/include/carla_waypoint_types/carla_waypoint_types/srv/detail/get_actor_waypoint__builder.hpp
[18.387s] -- Symlinking: /home/zeyadcode_jammy/shell_ws/src/install/carla_waypoint_types/include/carla_waypoint_types/carla_waypoint_types/srv/detail/get_actor_waypoint__struct.hpp
[18.406s] -- Symlinking: /home/zeyadcode_jammy/shell_ws/src/install/carla_waypoint_types/include/carla_waypoint_types/carla_waypoint_types/srv/detail/get_actor_waypoint__traits.hpp
[18.431s] -- Symlinking: /home/zeyadcode_jammy/shell_ws/src/install/carla_waypoint_types/include/carla_waypoint_types/carla_waypoint_types/srv/detail/get_actor_waypoint__type_support.hpp
[18.449s] -- Symlinking: /home/zeyadcode_jammy/shell_ws/src/install/carla_waypoint_types/include/carla_waypoint_types/carla_waypoint_types/srv/detail/get_waypoint__builder.hpp
[18.473s] -- Symlinking: /home/zeyadcode_jammy/shell_ws/src/install/carla_waypoint_types/include/carla_waypoint_types/carla_waypoint_types/srv/detail/get_waypoint__struct.hpp
[18.495s] -- Symlinking: /home/zeyadcode_jammy/shell_ws/src/install/carla_waypoint_types/include/carla_waypoint_types/carla_waypoint_types/srv/detail/get_waypoint__traits.hpp
[18.515s] -- Symlinking: /home/zeyadcode_jammy/shell_ws/src/install/carla_waypoint_types/include/carla_waypoint_types/carla_waypoint_types/srv/detail/get_waypoint__type_support.hpp
[18.525s] -- Symlinking: /home/zeyadcode_jammy/shell_ws/src/install/carla_waypoint_types/include/carla_waypoint_types/carla_waypoint_types/srv/get_actor_waypoint.hpp
[18.536s] -- Symlinking: /home/zeyadcode_jammy/shell_ws/src/install/carla_waypoint_types/include/carla_waypoint_types/carla_waypoint_types/srv/get_waypoint.hpp
[18.547s] -- Symlinking: /home/zeyadcode_jammy/shell_ws/src/install/carla_waypoint_types/include/carla_waypoint_types/carla_waypoint_types/msg/detail/carla_waypoint__rosidl_typesupport_fastrtps_cpp.hpp
[18.567s] -- Symlinking: /home/zeyadcode_jammy/shell_ws/src/install/carla_waypoint_types/include/carla_waypoint_types/carla_waypoint_types/msg/rosidl_typesupport_fastrtps_cpp__visibility_control.h
[18.588s] -- Symlinking: /home/zeyadcode_jammy/shell_ws/src/install/carla_waypoint_types/include/carla_waypoint_types/carla_waypoint_types/srv/detail/get_actor_waypoint__rosidl_typesupport_fastrtps_cpp.hpp
[18.639s] -- Symlinking: /home/zeyadcode_jammy/shell_ws/src/install/carla_waypoint_types/include/carla_waypoint_types/carla_waypoint_types/srv/detail/get_waypoint__rosidl_typesupport_fastrtps_cpp.hpp
[18.667s] -- Symlinking: /home/zeyadcode_jammy/shell_ws/src/install/carla_waypoint_types/include/carla_waypoint_types/carla_waypoint_types/msg/detail/carla_waypoint__rosidl_typesupport_introspection_c.h
[18.685s] -- Symlinking: /home/zeyadcode_jammy/shell_ws/src/install/carla_waypoint_types/include/carla_waypoint_types/carla_waypoint_types/msg/rosidl_typesupport_introspection_c__visibility_control.h
[18.707s] -- Symlinking: /home/zeyadcode_jammy/shell_ws/src/install/carla_waypoint_types/include/carla_waypoint_types/carla_waypoint_types/srv/detail/get_actor_waypoint__rosidl_typesupport_introspection_c.h
[18.737s] -- Symlinking: /home/zeyadcode_jammy/shell_ws/src/install/carla_waypoint_types/include/carla_waypoint_types/carla_waypoint_types/srv/detail/get_waypoint__rosidl_typesupport_introspection_c.h
[18.756s] -- Symlinking: /home/zeyadcode_jammy/shell_ws/src/install/carla_waypoint_types/include/carla_waypoint_types/carla_waypoint_types/msg/detail/carla_waypoint__rosidl_typesupport_introspection_cpp.hpp
[18.780s] -- Symlinking: /home/zeyadcode_jammy/shell_ws/src/install/carla_waypoint_types/include/carla_waypoint_types/carla_waypoint_types/srv/detail/get_actor_waypoint__rosidl_typesupport_introspection_cpp.hpp
[18.795s] -- Symlinking: /home/zeyadcode_jammy/shell_ws/src/install/carla_waypoint_types/include/carla_waypoint_types/carla_waypoint_types/srv/detail/get_waypoint__rosidl_typesupport_introspection_cpp.hpp
[18.818s] -- Symlinking: /home/zeyadcode_jammy/shell_ws/src/install/carla_waypoint_types/share/carla_waypoint_types/environment/pythonpath.sh
[18.841s] -- Symlinking: /home/zeyadcode_jammy/shell_ws/src/install/carla_waypoint_types/share/carla_waypoint_types/environment/pythonpath.dsv
[18.871s] -- Symlinking: /home/zeyadcode_jammy/shell_ws/src/install/carla_waypoint_types/local/lib/python3.10/dist-packages/carla_waypoint_types-0.1.0-py3.10.egg-info/PKG-INFO
[18.907s] -- Symlinking: /home/zeyadcode_jammy/shell_ws/src/install/carla_waypoint_types/local/lib/python3.10/dist-packages/carla_waypoint_types-0.1.0-py3.10.egg-info/SOURCES.txt
[18.923s] -- Symlinking: /home/zeyadcode_jammy/shell_ws/src/install/carla_waypoint_types/local/lib/python3.10/dist-packages/carla_waypoint_types-0.1.0-py3.10.egg-info/dependency_links.txt
[18.949s] -- Symlinking: /home/zeyadcode_jammy/shell_ws/src/install/carla_waypoint_types/local/lib/python3.10/dist-packages/carla_waypoint_types-0.1.0-py3.10.egg-info/top_level.txt
[18.974s] -- Symlinking: /home/zeyadcode_jammy/shell_ws/src/install/carla_waypoint_types/local/lib/python3.10/dist-packages/carla_waypoint_types/__init__.py
[18.989s] -- Symlinking: /home/zeyadcode_jammy/shell_ws/src/install/carla_waypoint_types/local/lib/python3.10/dist-packages/carla_waypoint_types/_carla_waypoint_types_s.ep.rosidl_typesupport_c.c
[19.001s] -- Symlinking: /home/zeyadcode_jammy/shell_ws/src/install/carla_waypoint_types/local/lib/python3.10/dist-packages/carla_waypoint_types/_carla_waypoint_types_s.ep.rosidl_typesupport_fastrtps_c.c
[19.027s] -- Symlinking: /home/zeyadcode_jammy/shell_ws/src/install/carla_waypoint_types/local/lib/python3.10/dist-packages/carla_waypoint_types/_carla_waypoint_types_s.ep.rosidl_typesupport_introspection_c.c
[19.048s] -- Symlinking: /home/zeyadcode_jammy/shell_ws/src/install/carla_waypoint_types/local/lib/python3.10/dist-packages/carla_waypoint_types/carla_waypoint_types_s__rosidl_typesupport_c.cpython-310-x86_64-linux-gnu.so
[19.070s] -- Symlinking: /home/zeyadcode_jammy/shell_ws/src/install/carla_waypoint_types/local/lib/python3.10/dist-packages/carla_waypoint_types/carla_waypoint_types_s__rosidl_typesupport_fastrtps_c.cpython-310-x86_64-linux-gnu.so
[19.091s] -- Symlinking: /home/zeyadcode_jammy/shell_ws/src/install/carla_waypoint_types/local/lib/python3.10/dist-packages/carla_waypoint_types/carla_waypoint_types_s__rosidl_typesupport_introspection_c.cpython-310-x86_64-linux-gnu.so
[19.111s] -- Symlinking: /home/zeyadcode_jammy/shell_ws/src/install/carla_waypoint_types/local/lib/python3.10/dist-packages/carla_waypoint_types/libcarla_waypoint_types__rosidl_generator_py.so
[19.122s] -- Symlinking: /home/zeyadcode_jammy/shell_ws/src/install/carla_waypoint_types/local/lib/python3.10/dist-packages/carla_waypoint_types/msg/__init__.py
[19.132s] -- Symlinking: /home/zeyadcode_jammy/shell_ws/src/install/carla_waypoint_types/local/lib/python3.10/dist-packages/carla_waypoint_types/msg/_carla_waypoint.py
[19.142s] -- Symlinking: /home/zeyadcode_jammy/shell_ws/src/install/carla_waypoint_types/local/lib/python3.10/dist-packages/carla_waypoint_types/msg/_carla_waypoint_s.c
[19.160s] -- Symlinking: /home/zeyadcode_jammy/shell_ws/src/install/carla_waypoint_types/local/lib/python3.10/dist-packages/carla_waypoint_types/srv/__init__.py
[19.180s] -- Symlinking: /home/zeyadcode_jammy/shell_ws/src/install/carla_waypoint_types/local/lib/python3.10/dist-packages/carla_waypoint_types/srv/_get_actor_waypoint.py
[19.202s] -- Symlinking: /home/zeyadcode_jammy/shell_ws/src/install/carla_waypoint_types/local/lib/python3.10/dist-packages/carla_waypoint_types/srv/_get_actor_waypoint_s.c
[19.224s] -- Symlinking: /home/zeyadcode_jammy/shell_ws/src/install/carla_waypoint_types/local/lib/python3.10/dist-packages/carla_waypoint_types/srv/_get_waypoint.py
[19.244s] -- Symlinking: /home/zeyadcode_jammy/shell_ws/src/install/carla_waypoint_types/local/lib/python3.10/dist-packages/carla_waypoint_types/srv/_get_waypoint_s.c
[19.259s] -- Up-to-date symlink: /home/zeyadcode_jammy/shell_ws/src/install/carla_waypoint_types/local/lib/python3.10/dist-packages/carla_waypoint_types/carla_waypoint_types_s__rosidl_typesupport_fastrtps_c.cpython-310-x86_64-linux-gnu.so
[19.259s] -- Up-to-date symlink: /home/zeyadcode_jammy/shell_ws/src/install/carla_waypoint_types/local/lib/python3.10/dist-packages/carla_waypoint_types/carla_waypoint_types_s__rosidl_typesupport_introspection_c.cpython-310-x86_64-linux-gnu.so
[19.260s] -- Up-to-date symlink: /home/zeyadcode_jammy/shell_ws/src/install/carla_waypoint_types/local/lib/python3.10/dist-packages/carla_waypoint_types/carla_waypoint_types_s__rosidl_typesupport_c.cpython-310-x86_64-linux-gnu.so
[19.261s] -- Symlinking: /home/zeyadcode_jammy/shell_ws/src/install/carla_waypoint_types/share/carla_waypoint_types/msg/CarlaWaypoint.idl
[19.272s] -- Symlinking: /home/zeyadcode_jammy/shell_ws/src/install/carla_waypoint_types/share/carla_waypoint_types/srv/GetWaypoint.idl
[19.281s] -- Symlinking: /home/zeyadcode_jammy/shell_ws/src/install/carla_waypoint_types/share/carla_waypoint_types/srv/GetActorWaypoint.idl
[19.302s] -- Symlinking: /home/zeyadcode_jammy/shell_ws/src/install/carla_waypoint_types/share/carla_waypoint_types/msg/CarlaWaypoint.msg
[19.324s] -- Symlinking: /home/zeyadcode_jammy/shell_ws/src/install/carla_waypoint_types/share/carla_waypoint_types/srv/GetWaypoint.srv
[19.336s] -- Symlinking: /home/zeyadcode_jammy/shell_ws/src/install/carla_waypoint_types/share/carla_waypoint_types/srv/GetWaypoint_Request.msg
[19.348s] -- Symlinking: /home/zeyadcode_jammy/shell_ws/src/install/carla_waypoint_types/share/carla_waypoint_types/srv/GetWaypoint_Response.msg
[19.358s] -- Symlinking: /home/zeyadcode_jammy/shell_ws/src/install/carla_waypoint_types/share/carla_waypoint_types/srv/GetActorWaypoint.srv
[19.371s] -- Symlinking: /home/zeyadcode_jammy/shell_ws/src/install/carla_waypoint_types/share/carla_waypoint_types/srv/GetActorWaypoint_Request.msg
[19.392s] -- Symlinking: /home/zeyadcode_jammy/shell_ws/src/install/carla_waypoint_types/share/carla_waypoint_types/srv/GetActorWaypoint_Response.msg
[19.409s] -- Symlinking: /home/zeyadcode_jammy/shell_ws/src/install/carla_waypoint_types/share/ament_index/resource_index/package_run_dependencies/carla_waypoint_types
[19.433s] -- Symlinking: /home/zeyadcode_jammy/shell_ws/src/install/carla_waypoint_types/share/ament_index/resource_index/parent_prefix_path/carla_waypoint_types
[19.449s] -- Symlinking: /home/zeyadcode_jammy/shell_ws/src/install/carla_waypoint_types/share/carla_waypoint_types/environment/ament_prefix_path.sh
[19.460s] -- Symlinking: /home/zeyadcode_jammy/shell_ws/src/install/carla_waypoint_types/share/carla_waypoint_types/environment/ament_prefix_path.dsv
[19.471s] -- Symlinking: /home/zeyadcode_jammy/shell_ws/src/install/carla_waypoint_types/share/carla_waypoint_types/environment/path.sh
[19.487s] -- Symlinking: /home/zeyadcode_jammy/shell_ws/src/install/carla_waypoint_types/share/carla_waypoint_types/environment/path.dsv
[19.498s] -- Symlinking: /home/zeyadcode_jammy/shell_ws/src/install/carla_waypoint_types/share/carla_waypoint_types/local_setup.bash
[19.508s] -- Symlinking: /home/zeyadcode_jammy/shell_ws/src/install/carla_waypoint_types/share/carla_waypoint_types/local_setup.sh
[19.521s] -- Symlinking: /home/zeyadcode_jammy/shell_ws/src/install/carla_waypoint_types/share/carla_waypoint_types/local_setup.zsh
[19.538s] -- Symlinking: /home/zeyadcode_jammy/shell_ws/src/install/carla_waypoint_types/share/carla_waypoint_types/local_setup.dsv
[19.557s] -- Symlinking: /home/zeyadcode_jammy/shell_ws/src/install/carla_waypoint_types/share/carla_waypoint_types/package.dsv
[19.575s] -- Symlinking: /home/zeyadcode_jammy/shell_ws/src/install/carla_waypoint_types/share/ament_index/resource_index/packages/carla_waypoint_types
[19.591s] -- Symlinking: /home/zeyadcode_jammy/shell_ws/src/install/carla_waypoint_types/share/carla_waypoint_types/cmake/rosidl_cmake-extras.cmake
[19.625s] -- Symlinking: /home/zeyadcode_jammy/shell_ws/src/install/carla_waypoint_types/share/carla_waypoint_types/cmake/ament_cmake_export_dependencies-extras.cmake
[19.651s] -- Symlinking: /home/zeyadcode_jammy/shell_ws/src/install/carla_waypoint_types/share/carla_waypoint_types/cmake/ament_cmake_export_include_directories-extras.cmake
[19.676s] -- Symlinking: /home/zeyadcode_jammy/shell_ws/src/install/carla_waypoint_types/share/carla_waypoint_types/cmake/ament_cmake_export_libraries-extras.cmake
[19.696s] -- Symlinking: /home/zeyadcode_jammy/shell_ws/src/install/carla_waypoint_types/share/carla_waypoint_types/cmake/ament_cmake_export_targets-extras.cmake
[19.707s] -- Symlinking: /home/zeyadcode_jammy/shell_ws/src/install/carla_waypoint_types/share/carla_waypoint_types/cmake/rosidl_cmake_export_typesupport_targets-extras.cmake
[19.725s] -- Symlinking: /home/zeyadcode_jammy/shell_ws/src/install/carla_waypoint_types/share/carla_waypoint_types/cmake/rosidl_cmake_export_typesupport_libraries-extras.cmake
[19.745s] -- Symlinking: /home/zeyadcode_jammy/shell_ws/src/install/carla_waypoint_types/share/carla_waypoint_types/cmake/carla_waypoint_typesConfig.cmake
[19.755s] -- Symlinking: /home/zeyadcode_jammy/shell_ws/src/install/carla_waypoint_types/share/carla_waypoint_types/cmake/carla_waypoint_typesConfig-version.cmake
[19.769s] -- Symlinking: /home/zeyadcode_jammy/shell_ws/src/install/carla_waypoint_types/share/carla_waypoint_types/package.xml
[19.787s] -- Installing: /home/zeyadcode_jammy/shell_ws/src/install/carla_waypoint_types/lib/libcarla_waypoint_types__rosidl_generator_c.so
[19.789s] -- Set runtime path of "/home/zeyadcode_jammy/shell_ws/src/install/carla_waypoint_types/lib/libcarla_waypoint_types__rosidl_generator_c.so" to ""
[19.790s] -- Installing: /home/zeyadcode_jammy/shell_ws/src/install/carla_waypoint_types/lib/libcarla_waypoint_types__rosidl_typesupport_fastrtps_c.so
[19.791s] -- Set runtime path of "/home/zeyadcode_jammy/shell_ws/src/install/carla_waypoint_types/lib/libcarla_waypoint_types__rosidl_typesupport_fastrtps_c.so" to ""
[19.791s] -- Installing: /home/zeyadcode_jammy/shell_ws/src/install/carla_waypoint_types/lib/libcarla_waypoint_types__rosidl_typesupport_fastrtps_cpp.so
[19.793s] -- Set runtime path of "/home/zeyadcode_jammy/shell_ws/src/install/carla_waypoint_types/lib/libcarla_waypoint_types__rosidl_typesupport_fastrtps_cpp.so" to ""
[19.793s] -- Installing: /home/zeyadcode_jammy/shell_ws/src/install/carla_waypoint_types/lib/libcarla_waypoint_types__rosidl_typesupport_introspection_c.so
[19.794s] -- Set runtime path of "/home/zeyadcode_jammy/shell_ws/src/install/carla_waypoint_types/lib/libcarla_waypoint_types__rosidl_typesupport_introspection_c.so" to ""
[19.794s] -- Installing: /home/zeyadcode_jammy/shell_ws/src/install/carla_waypoint_types/lib/libcarla_waypoint_types__rosidl_typesupport_c.so
[19.796s] -- Set runtime path of "/home/zeyadcode_jammy/shell_ws/src/install/carla_waypoint_types/lib/libcarla_waypoint_types__rosidl_typesupport_c.so" to ""
[19.796s] -- Installing: /home/zeyadcode_jammy/shell_ws/src/install/carla_waypoint_types/lib/libcarla_waypoint_types__rosidl_typesupport_introspection_cpp.so
[19.798s] -- Set runtime path of "/home/zeyadcode_jammy/shell_ws/src/install/carla_waypoint_types/lib/libcarla_waypoint_types__rosidl_typesupport_introspection_cpp.so" to ""
[19.798s] -- Installing: /home/zeyadcode_jammy/shell_ws/src/install/carla_waypoint_types/lib/libcarla_waypoint_types__rosidl_typesupport_cpp.so
[19.798s] -- Set runtime path of "/home/zeyadcode_jammy/shell_ws/src/install/carla_waypoint_types/lib/libcarla_waypoint_types__rosidl_typesupport_cpp.so" to ""
[19.884s] Listing '/home/zeyadcode_jammy/shell_ws/src/install/carla_waypoint_types/local/lib/python3.10/dist-packages/carla_waypoint_types'...
[19.884s] Compiling '/home/zeyadcode_jammy/shell_ws/src/install/carla_waypoint_types/local/lib/python3.10/dist-packages/carla_waypoint_types/__init__.py'...
[19.884s] Listing '/home/zeyadcode_jammy/shell_ws/src/install/carla_waypoint_types/local/lib/python3.10/dist-packages/carla_waypoint_types/msg'...
[19.884s] Compiling '/home/zeyadcode_jammy/shell_ws/src/install/carla_waypoint_types/local/lib/python3.10/dist-packages/carla_waypoint_types/msg/__init__.py'...
[19.884s] Compiling '/home/zeyadcode_jammy/shell_ws/src/install/carla_waypoint_types/local/lib/python3.10/dist-packages/carla_waypoint_types/msg/_carla_waypoint.py'...
[19.884s] Listing '/home/zeyadcode_jammy/shell_ws/src/install/carla_waypoint_types/local/lib/python3.10/dist-packages/carla_waypoint_types/srv'...
[19.884s] Compiling '/home/zeyadcode_jammy/shell_ws/src/install/carla_waypoint_types/local/lib/python3.10/dist-packages/carla_waypoint_types/srv/__init__.py'...
[19.884s] Compiling '/home/zeyadcode_jammy/shell_ws/src/install/carla_waypoint_types/local/lib/python3.10/dist-packages/carla_waypoint_types/srv/_get_actor_waypoint.py'...
[19.884s] Compiling '/home/zeyadcode_jammy/shell_ws/src/install/carla_waypoint_types/local/lib/python3.10/dist-packages/carla_waypoint_types/srv/_get_waypoint.py'...
[19.892s] -- Installing: /home/zeyadcode_jammy/shell_ws/src/install/carla_waypoint_types/lib/libcarla_waypoint_types__rosidl_generator_py.so
[19.892s] -- Set runtime path of "/home/zeyadcode_jammy/shell_ws/src/install/carla_waypoint_types/lib/libcarla_waypoint_types__rosidl_generator_py.so" to ""
[19.892s] -- Installing: /home/zeyadcode_jammy/shell_ws/src/install/carla_waypoint_types/share/carla_waypoint_types/cmake/export_carla_waypoint_types__rosidl_generator_cExport.cmake
[19.892s] -- Installing: /home/zeyadcode_jammy/shell_ws/src/install/carla_waypoint_types/share/carla_waypoint_types/cmake/export_carla_waypoint_types__rosidl_generator_cExport-relwithdebinfo.cmake
[19.892s] -- Installing: /home/zeyadcode_jammy/shell_ws/src/install/carla_waypoint_types/share/carla_waypoint_types/cmake/export_carla_waypoint_types__rosidl_typesupport_fastrtps_cExport.cmake
[19.892s] -- Installing: /home/zeyadcode_jammy/shell_ws/src/install/carla_waypoint_types/share/carla_waypoint_types/cmake/export_carla_waypoint_types__rosidl_typesupport_fastrtps_cExport-relwithdebinfo.cmake
[19.892s] -- Installing: /home/zeyadcode_jammy/shell_ws/src/install/carla_waypoint_types/share/carla_waypoint_types/cmake/export_carla_waypoint_types__rosidl_generator_cppExport.cmake
[19.892s] -- Installing: /home/zeyadcode_jammy/shell_ws/src/install/carla_waypoint_types/share/carla_waypoint_types/cmake/export_carla_waypoint_types__rosidl_typesupport_fastrtps_cppExport.cmake
[19.892s] -- Installing: /home/zeyadcode_jammy/shell_ws/src/install/carla_waypoint_types/share/carla_waypoint_types/cmake/export_carla_waypoint_types__rosidl_typesupport_fastrtps_cppExport-relwithdebinfo.cmake
[19.892s] -- Installing: /home/zeyadcode_jammy/shell_ws/src/install/carla_waypoint_types/share/carla_waypoint_types/cmake/carla_waypoint_types__rosidl_typesupport_introspection_cExport.cmake
[19.892s] -- Installing: /home/zeyadcode_jammy/shell_ws/src/install/carla_waypoint_types/share/carla_waypoint_types/cmake/carla_waypoint_types__rosidl_typesupport_introspection_cExport-relwithdebinfo.cmake
[19.892s] -- Installing: /home/zeyadcode_jammy/shell_ws/src/install/carla_waypoint_types/share/carla_waypoint_types/cmake/carla_waypoint_types__rosidl_typesupport_cExport.cmake
[19.893s] -- Installing: /home/zeyadcode_jammy/shell_ws/src/install/carla_waypoint_types/share/carla_waypoint_types/cmake/carla_waypoint_types__rosidl_typesupport_cExport-relwithdebinfo.cmake
[19.893s] -- Installing: /home/zeyadcode_jammy/shell_ws/src/install/carla_waypoint_types/share/carla_waypoint_types/cmake/carla_waypoint_types__rosidl_typesupport_introspection_cppExport.cmake
[19.893s] -- Installing: /home/zeyadcode_jammy/shell_ws/src/install/carla_waypoint_types/share/carla_waypoint_types/cmake/carla_waypoint_types__rosidl_typesupport_introspection_cppExport-relwithdebinfo.cmake
[19.893s] -- Installing: /home/zeyadcode_jammy/shell_ws/src/install/carla_waypoint_types/share/carla_waypoint_types/cmake/carla_waypoint_types__rosidl_typesupport_cppExport.cmake
[19.893s] -- Installing: /home/zeyadcode_jammy/shell_ws/src/install/carla_waypoint_types/share/carla_waypoint_types/cmake/carla_waypoint_types__rosidl_typesupport_cppExport-relwithdebinfo.cmake
[19.893s] -- Installing: /home/zeyadcode_jammy/shell_ws/src/install/carla_waypoint_types/share/carla_waypoint_types/cmake/export_carla_waypoint_types__rosidl_generator_pyExport.cmake
[19.893s] -- Installing: /home/zeyadcode_jammy/shell_ws/src/install/carla_waypoint_types/share/carla_waypoint_types/cmake/export_carla_waypoint_types__rosidl_generator_pyExport-relwithdebinfo.cmake
[19.904s] Invoked command in '/home/zeyadcode_jammy/shell_ws/src/build/carla_waypoint_types' returned '0': CMAKE_PREFIX_PATH=/opt/ros/humble /usr/bin/cmake --install /home/zeyadcode_jammy/shell_ws/src/build/carla_waypoint_types
