[1.048s] Invoking command in '/home/zeyadcode_jammy/shell_ws/src/build/carla_waypoint_publisher': AMENT_PREFIX_PATH=/home/zeyadcode_jammy/shell_ws/src/install/ros_compatibility:/home/zeyadcode_jammy/shell_ws/src/install/carla_waypoint_types:${AMENT_PREFIX_PATH} CMAKE_PREFIX_PATH=/home/zeyadcode_jammy/shell_ws/src/install/carla_waypoint_types LD_LIBRARY_PATH=/home/zeyadcode_jammy/shell_ws/src/install/carla_waypoint_types/lib:${LD_LIBRARY_PATH} PYTHONPATH=/home/zeyadcode_jammy/shell_ws/src/build/carla_waypoint_publisher/prefix_override:/usr/lib/python3/dist-packages/colcon_core/task/python/colcon_distutils_commands:/home/zeyadcode_jammy/shell_ws/src/install/carla_waypoint_publisher/lib/python3.10/site-packages:/home/zeyadcode_jammy/shell_ws/src/build/ros_compatibility/src:/home/zeyadcode_jammy/shell_ws/src/install/ros_compatibility/lib/python3.10/site-packages:/home/zeyadcode_jammy/shell_ws/src/install/carla_waypoint_types/local/lib/python3.10/dist-packages:${PYTHONPATH} /usr/bin/python3 -W ignore:setup.py install is deprecated -W ignore:easy_install command is deprecated setup.py develop --editable --build-directory /home/zeyadcode_jammy/shell_ws/src/build/carla_waypoint_publisher/build --no-deps symlink_data
[1.508s] running develop
[1.744s] running egg_info
[1.744s] creating src/carla_waypoint_publisher.egg-info
[1.745s] writing src/carla_waypoint_publisher.egg-info/PKG-INFO
[1.746s] writing dependency_links to src/carla_waypoint_publisher.egg-info/dependency_links.txt
[1.747s] writing entry points to src/carla_waypoint_publisher.egg-info/entry_points.txt
[1.748s] writing requirements to src/carla_waypoint_publisher.egg-info/requires.txt
[1.749s] writing top-level names to src/carla_waypoint_publisher.egg-info/top_level.txt
[1.749s] writing manifest file 'src/carla_waypoint_publisher.egg-info/SOURCES.txt'
[1.753s] reading manifest file 'src/carla_waypoint_publisher.egg-info/SOURCES.txt'
[1.756s] writing manifest file 'src/carla_waypoint_publisher.egg-info/SOURCES.txt'
[1.759s] running build_ext
[1.760s] Creating /home/zeyadcode_jammy/shell_ws/src/install/carla_waypoint_publisher/lib/python3.10/site-packages/carla-waypoint-publisher.egg-link (link to src)
[1.761s] Installing carla_waypoint_publisher script to /home/zeyadcode_jammy/shell_ws/src/install/carla_waypoint_publisher/lib/carla_waypoint_publisher
[1.761s] 
[1.762s] Installed /home/zeyadcode_jammy/shell_ws/src/build/carla_waypoint_publisher/src
[1.762s] running symlink_data
[1.762s] creating /home/zeyadcode_jammy/shell_ws/src/install/carla_waypoint_publisher/share/ament_index
[1.762s] creating /home/zeyadcode_jammy/shell_ws/src/install/carla_waypoint_publisher/share/ament_index/resource_index
[1.762s] creating /home/zeyadcode_jammy/shell_ws/src/install/carla_waypoint_publisher/share/ament_index/resource_index/packages
[1.763s] symbolically linking /home/zeyadcode_jammy/shell_ws/src/build/carla_waypoint_publisher/resource/carla_waypoint_publisher -> /home/zeyadcode_jammy/shell_ws/src/install/carla_waypoint_publisher/share/ament_index/resource_index/packages
[1.763s] symbolically linking /home/zeyadcode_jammy/shell_ws/src/build/carla_waypoint_publisher/package.xml -> /home/zeyadcode_jammy/shell_ws/src/install/carla_waypoint_publisher/share/carla_waypoint_publisher
[1.764s] symbolically linking /home/zeyadcode_jammy/shell_ws/src/build/carla_waypoint_publisher/launch/carla_waypoint_publisher.launch.py -> /home/zeyadcode_jammy/shell_ws/src/install/carla_waypoint_publisher/share/carla_waypoint_publisher
[1.840s] Invoked command in '/home/zeyadcode_jammy/shell_ws/src/build/carla_waypoint_publisher' returned '0': AMENT_PREFIX_PATH=/home/zeyadcode_jammy/shell_ws/src/install/ros_compatibility:/home/zeyadcode_jammy/shell_ws/src/install/carla_waypoint_types:${AMENT_PREFIX_PATH} CMAKE_PREFIX_PATH=/home/zeyadcode_jammy/shell_ws/src/install/carla_waypoint_types LD_LIBRARY_PATH=/home/zeyadcode_jammy/shell_ws/src/install/carla_waypoint_types/lib:${LD_LIBRARY_PATH} PYTHONPATH=/home/zeyadcode_jammy/shell_ws/src/build/carla_waypoint_publisher/prefix_override:/usr/lib/python3/dist-packages/colcon_core/task/python/colcon_distutils_commands:/home/zeyadcode_jammy/shell_ws/src/install/carla_waypoint_publisher/lib/python3.10/site-packages:/home/zeyadcode_jammy/shell_ws/src/build/ros_compatibility/src:/home/zeyadcode_jammy/shell_ws/src/install/ros_compatibility/lib/python3.10/site-packages:/home/zeyadcode_jammy/shell_ws/src/install/carla_waypoint_types/local/lib/python3.10/dist-packages:${PYTHONPATH} /usr/bin/python3 -W ignore:setup.py install is deprecated -W ignore:easy_install command is deprecated setup.py develop --editable --build-directory /home/zeyadcode_jammy/shell_ws/src/build/carla_waypoint_publisher/build --no-deps symlink_data
