[0.404s] Invoking command in '/home/zeyadcode_jammy/shell_ws/src/build/carla_ros_scenario_runner_types': CMAKE_PREFIX_PATH=/opt/ros/humble /usr/bin/cmake /home/zeyadcode_jammy/shell_ws/src/sem-apc-ros-bridge/carla_ros_scenario_runner_types -DCMAKE_BUILD_TYPE=RelWithDebInfo -DAMENT_CMAKE_SYMLINK_INSTALL=1 -DCMAKE_INSTALL_PREFIX=/home/zeyadcode_jammy/shell_ws/src/install/carla_ros_scenario_runner_types
[0.867s] -- The C compiler identification is GNU 11.4.0
[0.867s] -- The CXX compiler identification is GNU 11.4.0
[0.867s] -- Detecting C compiler ABI info
[0.867s] -- Detecting C compiler ABI info - done
[0.867s] -- Check for working C compiler: /usr/bin/cc - skipped
[0.867s] -- Detecting C compile features
[0.868s] -- Detecting C compile features - done
[0.868s] -- Detecting CXX compiler ABI info
[0.868s] -- Detecting CXX compiler ABI info - done
[0.868s] -- Check for working CXX compiler: /usr/bin/c++ - skipped
[0.868s] -- Detecting CXX compile features
[0.868s] -- Detecting CXX compile features - done
[0.868s] -- Found ros_environment: 3.2.2 (/opt/ros/humble/share/ros_environment/cmake)
[0.868s] -- Found ament_cmake: 1.3.11 (/opt/ros/humble/share/ament_cmake/cmake)
[0.868s] -- Found Python3: /usr/bin/python3 (found version "3.10.12") found components: Interpreter 
[0.887s] -- Override CMake install command with custom implementation using symlinks instead of copying resources
[0.917s] -- Found builtin_interfaces: 1.2.1 (/opt/ros/humble/share/builtin_interfaces/cmake)
[0.968s] -- Found rosidl_generator_c: 3.1.6 (/opt/ros/humble/share/rosidl_generator_c/cmake)
[0.974s] -- Found rosidl_adapter: 3.1.6 (/opt/ros/humble/share/rosidl_adapter/cmake)
[0.985s] -- Found rosidl_generator_cpp: 3.1.6 (/opt/ros/humble/share/rosidl_generator_cpp/cmake)
[1.001s] -- Using all available rosidl_typesupport_c: rosidl_typesupport_fastrtps_c;rosidl_typesupport_introspection_c
[1.032s] -- Using all available rosidl_typesupport_cpp: rosidl_typesupport_fastrtps_cpp;rosidl_typesupport_introspection_cpp
[1.050s] -- Found geometry_msgs: 4.8.0 (/opt/ros/humble/share/geometry_msgs/cmake)
[1.084s] -- Found rosidl_default_generators: 1.2.0 (/opt/ros/humble/share/rosidl_default_generators/cmake)
[1.626s] -- Found ament_cmake_cppcheck: 0.12.12 (/opt/ros/humble/share/ament_cmake_cppcheck/cmake)
[1.630s] -- Found ament_cmake_cpplint: 0.12.12 (/opt/ros/humble/share/ament_cmake_cpplint/cmake)
[1.630s] -- Found ament_cmake_uncrustify: 0.12.12 (/opt/ros/humble/share/ament_cmake_uncrustify/cmake)
[1.634s] -- Found ament_cmake_ros: 0.10.0 (/opt/ros/humble/share/ament_cmake_ros/cmake)
[2.533s] -- Using all available rosidl_typesupport_c: rosidl_typesupport_fastrtps_c;rosidl_typesupport_introspection_c
[2.816s] -- Using all available rosidl_typesupport_cpp: rosidl_typesupport_fastrtps_cpp;rosidl_typesupport_introspection_cpp
[2.875s] -- Found PythonInterp: /usr/bin/python3 (found suitable version "3.10.12", minimum required is "3.6") 
[2.882s] -- Found python_cmake_module: 0.10.0 (/opt/ros/humble/share/python_cmake_module/cmake)
[2.994s] -- Found PythonLibs: /usr/lib/x86_64-linux-gnu/libpython3.10.so (found suitable version "3.10.12", minimum required is "3.5") 
[2.994s] -- Using PYTHON_EXECUTABLE: /usr/bin/python3
[2.998s] -- Using PYTHON_INCLUDE_DIRS: /usr/include/python3.10
[2.998s] -- Using PYTHON_LIBRARIES: /usr/lib/x86_64-linux-gnu/libpython3.10.so
[3.063s] -- Found PythonExtra: .so  
[3.329s] -- Found ament_cmake_flake8: 0.12.12 (/opt/ros/humble/share/ament_cmake_flake8/cmake)
[3.333s] -- Found ament_cmake_pep257: 0.12.12 (/opt/ros/humble/share/ament_cmake_pep257/cmake)
[3.358s] -- Found ament_lint_auto: 0.12.12 (/opt/ros/humble/share/ament_lint_auto/cmake)
[3.395s] -- Added test 'copyright' to check source files copyright and LICENSE
[3.396s] -- Added test 'lint_cmake' to check CMake code style
[3.397s] -- Added test 'xmllint' to check XML markup files
[3.409s] -- Configuring done
[3.460s] -- Generating done
[3.470s] -- Build files have been written to: /home/zeyadcode_jammy/shell_ws/src/build/carla_ros_scenario_runner_types
[3.491s] Invoked command in '/home/zeyadcode_jammy/shell_ws/src/build/carla_ros_scenario_runner_types' returned '0': CMAKE_PREFIX_PATH=/opt/ros/humble /usr/bin/cmake /home/zeyadcode_jammy/shell_ws/src/sem-apc-ros-bridge/carla_ros_scenario_runner_types -DCMAKE_BUILD_TYPE=RelWithDebInfo -DAMENT_CMAKE_SYMLINK_INSTALL=1 -DCMAKE_INSTALL_PREFIX=/home/zeyadcode_jammy/shell_ws/src/install/carla_ros_scenario_runner_types
[3.493s] Invoking command in '/home/zeyadcode_jammy/shell_ws/src/build/carla_ros_scenario_runner_types': CMAKE_PREFIX_PATH=/opt/ros/humble /usr/bin/cmake --build /home/zeyadcode_jammy/shell_ws/src/build/carla_ros_scenario_runner_types -- -j8 -l8
[3.646s] [  1%] [34m[1mGenerating C code for ROS interfaces[0m
[3.650s] [  1%] Built target ament_cmake_python_symlink_carla_ros_scenario_runner_types
[3.671s] [  3%] [34m[1mGenerating C++ code for ROS interfaces[0m
[3.922s] running egg_info
[3.923s] creating carla_ros_scenario_runner_types.egg-info
[3.924s] writing carla_ros_scenario_runner_types.egg-info/PKG-INFO
[3.924s] writing dependency_links to carla_ros_scenario_runner_types.egg-info/dependency_links.txt
[3.925s] writing top-level names to carla_ros_scenario_runner_types.egg-info/top_level.txt
[3.925s] writing manifest file 'carla_ros_scenario_runner_types.egg-info/SOURCES.txt'
[3.927s] reading manifest file 'carla_ros_scenario_runner_types.egg-info/SOURCES.txt'
[3.928s] writing manifest file 'carla_ros_scenario_runner_types.egg-info/SOURCES.txt'
[3.992s] [  3%] Built target ament_cmake_python_build_carla_ros_scenario_runner_types_egg
[5.176s] [  3%] Built target carla_ros_scenario_runner_types__cpp
[5.251s] [  5%] [34m[1mGenerating C++ type support dispatch for ROS interfaces[0m
[5.251s] [  7%] [34m[1mGenerating C++ introspection for ROS interfaces[0m
[5.263s] [  9%] [34m[1mGenerating C++ type support for eProsima Fast-RTPS[0m
[5.301s] [ 10%] [32mBuilding C object CMakeFiles/carla_ros_scenario_runner_types__rosidl_generator_c.dir/rosidl_generator_c/carla_ros_scenario_runner_types/msg/detail/carla_scenario__functions.c.o[0m
[5.309s] [ 12%] [32mBuilding C object CMakeFiles/carla_ros_scenario_runner_types__rosidl_generator_c.dir/rosidl_generator_c/carla_ros_scenario_runner_types/msg/detail/carla_scenario_runner_status__functions.c.o[0m
[5.329s] [ 14%] [32mBuilding C object CMakeFiles/carla_ros_scenario_runner_types__rosidl_generator_c.dir/rosidl_generator_c/carla_ros_scenario_runner_types/msg/detail/carla_scenario_list__functions.c.o[0m
[5.342s] [ 16%] [32mBuilding C object CMakeFiles/carla_ros_scenario_runner_types__rosidl_generator_c.dir/rosidl_generator_c/carla_ros_scenario_runner_types/srv/detail/execute_scenario__functions.c.o[0m
[6.128s] [ 18%] [32m[1mLinking C shared library libcarla_ros_scenario_runner_types__rosidl_generator_c.so[0m
[6.184s] [ 20%] [32mBuilding CXX object CMakeFiles/carla_ros_scenario_runner_types__rosidl_typesupport_cpp.dir/rosidl_typesupport_cpp/carla_ros_scenario_runner_types/msg/carla_scenario__type_support.cpp.o[0m
[6.198s] [ 21%] [32mBuilding CXX object CMakeFiles/carla_ros_scenario_runner_types__rosidl_typesupport_cpp.dir/rosidl_typesupport_cpp/carla_ros_scenario_runner_types/msg/carla_scenario_list__type_support.cpp.o[0m
[6.201s] [ 23%] [32mBuilding CXX object CMakeFiles/carla_ros_scenario_runner_types__rosidl_typesupport_cpp.dir/rosidl_typesupport_cpp/carla_ros_scenario_runner_types/msg/carla_scenario_runner_status__type_support.cpp.o[0m
[6.218s] [ 25%] [32mBuilding CXX object CMakeFiles/carla_ros_scenario_runner_types__rosidl_typesupport_cpp.dir/rosidl_typesupport_cpp/carla_ros_scenario_runner_types/srv/execute_scenario__type_support.cpp.o[0m
[6.293s] [ 25%] Built target carla_ros_scenario_runner_types__rosidl_generator_c
[6.368s] [ 27%] [34m[1mGenerating C introspection for ROS interfaces[0m
[6.399s] [ 29%] [34m[1mGenerating C type support for eProsima Fast-RTPS[0m
[6.776s] [ 30%] [34m[1mGenerating C type support dispatch for ROS interfaces[0m
[7.346s] [ 32%] [32mBuilding CXX object CMakeFiles/carla_ros_scenario_runner_types__rosidl_typesupport_introspection_cpp.dir/rosidl_typesupport_introspection_cpp/carla_ros_scenario_runner_types/msg/detail/carla_scenario__type_support.cpp.o[0m
[8.432s] [ 34%] [32mBuilding CXX object CMakeFiles/carla_ros_scenario_runner_types__rosidl_typesupport_introspection_cpp.dir/rosidl_typesupport_introspection_cpp/carla_ros_scenario_runner_types/msg/detail/carla_scenario_list__type_support.cpp.o[0m
[8.452s] [ 36%] [32mBuilding CXX object CMakeFiles/carla_ros_scenario_runner_types__rosidl_typesupport_introspection_cpp.dir/rosidl_typesupport_introspection_cpp/carla_ros_scenario_runner_types/msg/detail/carla_scenario_runner_status__type_support.cpp.o[0m
[8.515s] [ 38%] [32mBuilding CXX object CMakeFiles/carla_ros_scenario_runner_types__rosidl_typesupport_fastrtps_cpp.dir/rosidl_typesupport_fastrtps_cpp/carla_ros_scenario_runner_types/msg/detail/dds_fastrtps/carla_scenario__type_support.cpp.o[0m
[8.642s] [ 40%] [32m[1mLinking CXX shared library libcarla_ros_scenario_runner_types__rosidl_typesupport_cpp.so[0m
[8.883s] [ 40%] Built target carla_ros_scenario_runner_types__rosidl_typesupport_cpp
[8.911s] [ 41%] [32mBuilding CXX object CMakeFiles/carla_ros_scenario_runner_types__rosidl_typesupport_introspection_cpp.dir/rosidl_typesupport_introspection_cpp/carla_ros_scenario_runner_types/srv/detail/execute_scenario__type_support.cpp.o[0m
[9.229s] [ 43%] [32mBuilding CXX object CMakeFiles/carla_ros_scenario_runner_types__rosidl_typesupport_fastrtps_cpp.dir/rosidl_typesupport_fastrtps_cpp/carla_ros_scenario_runner_types/msg/detail/dds_fastrtps/carla_scenario_list__type_support.cpp.o[0m
[9.261s] [ 45%] [32mBuilding CXX object CMakeFiles/carla_ros_scenario_runner_types__rosidl_typesupport_fastrtps_c.dir/rosidl_typesupport_fastrtps_c/carla_ros_scenario_runner_types/msg/detail/carla_scenario__type_support_c.cpp.o[0m
[9.573s] [ 49%] [32mBuilding CXX object CMakeFiles/carla_ros_scenario_runner_types__rosidl_typesupport_c.dir/rosidl_typesupport_c/carla_ros_scenario_runner_types/msg/carla_scenario__type_support.cpp.o[0m
[9.632s] [ 49%] [32mBuilding CXX object CMakeFiles/carla_ros_scenario_runner_types__rosidl_typesupport_fastrtps_cpp.dir/rosidl_typesupport_fastrtps_cpp/carla_ros_scenario_runner_types/msg/detail/dds_fastrtps/carla_scenario_runner_status__type_support.cpp.o[0m
[9.655s] [ 50%] [32mBuilding CXX object CMakeFiles/carla_ros_scenario_runner_types__rosidl_typesupport_c.dir/rosidl_typesupport_c/carla_ros_scenario_runner_types/msg/carla_scenario_list__type_support.cpp.o[0m
[9.726s] [ 52%] [32mBuilding CXX object CMakeFiles/carla_ros_scenario_runner_types__rosidl_typesupport_c.dir/rosidl_typesupport_c/carla_ros_scenario_runner_types/msg/carla_scenario_runner_status__type_support.cpp.o[0m
[9.803s] [ 54%] [32mBuilding CXX object CMakeFiles/carla_ros_scenario_runner_types__rosidl_typesupport_c.dir/rosidl_typesupport_c/carla_ros_scenario_runner_types/srv/execute_scenario__type_support.cpp.o[0m
[10.059s] [ 56%] [32m[1mLinking CXX shared library libcarla_ros_scenario_runner_types__rosidl_typesupport_c.so[0m
[10.311s] [ 56%] Built target carla_ros_scenario_runner_types__rosidl_typesupport_c
[10.379s] [ 58%] [32mBuilding CXX object CMakeFiles/carla_ros_scenario_runner_types__rosidl_typesupport_fastrtps_cpp.dir/rosidl_typesupport_fastrtps_cpp/carla_ros_scenario_runner_types/srv/detail/dds_fastrtps/execute_scenario__type_support.cpp.o[0m
[10.425s] [ 60%] [32mBuilding C object CMakeFiles/carla_ros_scenario_runner_types__rosidl_typesupport_introspection_c.dir/rosidl_typesupport_introspection_c/carla_ros_scenario_runner_types/msg/detail/carla_scenario__type_support.c.o[0m
[10.429s] [ 61%] [32mBuilding C object CMakeFiles/carla_ros_scenario_runner_types__rosidl_typesupport_introspection_c.dir/rosidl_typesupport_introspection_c/carla_ros_scenario_runner_types/msg/detail/carla_scenario_list__type_support.c.o[0m
[10.476s] [ 63%] [32mBuilding CXX object CMakeFiles/carla_ros_scenario_runner_types__rosidl_typesupport_fastrtps_c.dir/rosidl_typesupport_fastrtps_c/carla_ros_scenario_runner_types/msg/detail/carla_scenario_list__type_support_c.cpp.o[0m
[10.713s] [ 65%] [32mBuilding C object CMakeFiles/carla_ros_scenario_runner_types__rosidl_typesupport_introspection_c.dir/rosidl_typesupport_introspection_c/carla_ros_scenario_runner_types/msg/detail/carla_scenario_runner_status__type_support.c.o[0m
[10.907s] [ 67%] [32mBuilding C object CMakeFiles/carla_ros_scenario_runner_types__rosidl_typesupport_introspection_c.dir/rosidl_typesupport_introspection_c/carla_ros_scenario_runner_types/srv/detail/execute_scenario__type_support.c.o[0m
[11.148s] [ 69%] [32mBuilding CXX object CMakeFiles/carla_ros_scenario_runner_types__rosidl_typesupport_fastrtps_c.dir/rosidl_typesupport_fastrtps_c/carla_ros_scenario_runner_types/msg/detail/carla_scenario_runner_status__type_support_c.cpp.o[0m
[11.152s] [ 70%] [32m[1mLinking C shared library libcarla_ros_scenario_runner_types__rosidl_typesupport_introspection_c.so[0m
[11.219s] [ 70%] Built target carla_ros_scenario_runner_types__rosidl_typesupport_introspection_c
[11.233s] [ 72%] [32mBuilding CXX object CMakeFiles/carla_ros_scenario_runner_types__rosidl_typesupport_fastrtps_c.dir/rosidl_typesupport_fastrtps_c/carla_ros_scenario_runner_types/srv/detail/execute_scenario__type_support_c.cpp.o[0m
[11.763s] [ 74%] [32m[1mLinking CXX shared library libcarla_ros_scenario_runner_types__rosidl_typesupport_fastrtps_c.so[0m
[11.918s] [ 74%] Built target carla_ros_scenario_runner_types__rosidl_typesupport_fastrtps_c
[12.428s] [ 76%] [32m[1mLinking CXX shared library libcarla_ros_scenario_runner_types__rosidl_typesupport_introspection_cpp.so[0m
[12.754s] [ 76%] Built target carla_ros_scenario_runner_types__rosidl_typesupport_introspection_cpp
[12.771s] [ 78%] [32m[1mLinking CXX shared library libcarla_ros_scenario_runner_types__rosidl_typesupport_fastrtps_cpp.so[0m
[13.071s] [ 78%] Built target carla_ros_scenario_runner_types__rosidl_typesupport_fastrtps_cpp
[13.124s] [ 78%] Built target carla_ros_scenario_runner_types
[13.170s] [ 80%] [34m[1mGenerating Python code for ROS interfaces[0m
[14.830s] [ 80%] Built target carla_ros_scenario_runner_types__py
[14.939s] [ 81%] [32mBuilding C object CMakeFiles/carla_ros_scenario_runner_types__rosidl_generator_py.dir/rosidl_generator_py/carla_ros_scenario_runner_types/msg/_carla_scenario_list_s.c.o[0m
[14.939s] [ 83%] [32mBuilding C object CMakeFiles/carla_ros_scenario_runner_types__rosidl_generator_py.dir/rosidl_generator_py/carla_ros_scenario_runner_types/msg/_carla_scenario_s.c.o[0m
[14.939s] [ 85%] [32mBuilding C object CMakeFiles/carla_ros_scenario_runner_types__rosidl_generator_py.dir/rosidl_generator_py/carla_ros_scenario_runner_types/msg/_carla_scenario_runner_status_s.c.o[0m
[14.975s] [ 87%] [32mBuilding C object CMakeFiles/carla_ros_scenario_runner_types__rosidl_generator_py.dir/rosidl_generator_py/carla_ros_scenario_runner_types/srv/_execute_scenario_s.c.o[0m
[15.857s] [ 89%] [32m[1mLinking C shared library rosidl_generator_py/carla_ros_scenario_runner_types/libcarla_ros_scenario_runner_types__rosidl_generator_py.so[0m
[16.037s] [ 89%] Built target carla_ros_scenario_runner_types__rosidl_generator_py
[16.148s] [ 90%] [32mBuilding C object CMakeFiles/carla_ros_scenario_runner_types__rosidl_typesupport_fastrtps_c__pyext.dir/rosidl_generator_py/carla_ros_scenario_runner_types/_carla_ros_scenario_runner_types_s.ep.rosidl_typesupport_fastrtps_c.c.o[0m
[16.649s] [ 92%] [32m[1mLinking C shared library rosidl_generator_py/carla_ros_scenario_runner_types/carla_ros_scenario_runner_types_s__rosidl_typesupport_fastrtps_c.cpython-310-x86_64-linux-gnu.so[0m
[16.761s] [ 92%] Built target carla_ros_scenario_runner_types__rosidl_typesupport_fastrtps_c__pyext
[16.824s] [ 94%] [32mBuilding C object CMakeFiles/carla_ros_scenario_runner_types__rosidl_typesupport_c__pyext.dir/rosidl_generator_py/carla_ros_scenario_runner_types/_carla_ros_scenario_runner_types_s.ep.rosidl_typesupport_c.c.o[0m
[17.214s] [ 96%] [32m[1mLinking C shared library rosidl_generator_py/carla_ros_scenario_runner_types/carla_ros_scenario_runner_types_s__rosidl_typesupport_c.cpython-310-x86_64-linux-gnu.so[0m
[17.358s] [ 96%] Built target carla_ros_scenario_runner_types__rosidl_typesupport_c__pyext
[17.405s] [ 98%] [32mBuilding C object CMakeFiles/carla_ros_scenario_runner_types__rosidl_typesupport_introspection_c__pyext.dir/rosidl_generator_py/carla_ros_scenario_runner_types/_carla_ros_scenario_runner_types_s.ep.rosidl_typesupport_introspection_c.c.o[0m
[17.773s] [100%] [32m[1mLinking C shared library rosidl_generator_py/carla_ros_scenario_runner_types/carla_ros_scenario_runner_types_s__rosidl_typesupport_introspection_c.cpython-310-x86_64-linux-gnu.so[0m
[17.859s] [100%] Built target carla_ros_scenario_runner_types__rosidl_typesupport_introspection_c__pyext
[17.889s] Invoked command in '/home/zeyadcode_jammy/shell_ws/src/build/carla_ros_scenario_runner_types' returned '0': CMAKE_PREFIX_PATH=/opt/ros/humble /usr/bin/cmake --build /home/zeyadcode_jammy/shell_ws/src/build/carla_ros_scenario_runner_types -- -j8 -l8
[17.890s] Invoking command in '/home/zeyadcode_jammy/shell_ws/src/build/carla_ros_scenario_runner_types': CMAKE_PREFIX_PATH=/opt/ros/humble /usr/bin/cmake --install /home/zeyadcode_jammy/shell_ws/src/build/carla_ros_scenario_runner_types
[17.911s] -- Install configuration: "RelWithDebInfo"
[17.913s] -- Execute custom install script
[17.916s] -- Symlinking: /home/zeyadcode_jammy/shell_ws/src/install/carla_ros_scenario_runner_types/share/ament_index/resource_index/rosidl_interfaces/carla_ros_scenario_runner_types
[17.935s] -- Symlinking: /home/zeyadcode_jammy/shell_ws/src/install/carla_ros_scenario_runner_types/include/carla_ros_scenario_runner_types/carla_ros_scenario_runner_types/msg/carla_scenario.h
[17.957s] -- Symlinking: /home/zeyadcode_jammy/shell_ws/src/install/carla_ros_scenario_runner_types/include/carla_ros_scenario_runner_types/carla_ros_scenario_runner_types/msg/carla_scenario_list.h
[17.978s] -- Symlinking: /home/zeyadcode_jammy/shell_ws/src/install/carla_ros_scenario_runner_types/include/carla_ros_scenario_runner_types/carla_ros_scenario_runner_types/msg/carla_scenario_runner_status.h
[17.998s] -- Symlinking: /home/zeyadcode_jammy/shell_ws/src/install/carla_ros_scenario_runner_types/include/carla_ros_scenario_runner_types/carla_ros_scenario_runner_types/msg/detail/carla_scenario__functions.h
[18.019s] -- Symlinking: /home/zeyadcode_jammy/shell_ws/src/install/carla_ros_scenario_runner_types/include/carla_ros_scenario_runner_types/carla_ros_scenario_runner_types/msg/detail/carla_scenario__struct.h
[18.039s] -- Symlinking: /home/zeyadcode_jammy/shell_ws/src/install/carla_ros_scenario_runner_types/include/carla_ros_scenario_runner_types/carla_ros_scenario_runner_types/msg/detail/carla_scenario__type_support.h
[18.061s] -- Symlinking: /home/zeyadcode_jammy/shell_ws/src/install/carla_ros_scenario_runner_types/include/carla_ros_scenario_runner_types/carla_ros_scenario_runner_types/msg/detail/carla_scenario_list__functions.h
[18.082s] -- Symlinking: /home/zeyadcode_jammy/shell_ws/src/install/carla_ros_scenario_runner_types/include/carla_ros_scenario_runner_types/carla_ros_scenario_runner_types/msg/detail/carla_scenario_list__struct.h
[18.100s] -- Symlinking: /home/zeyadcode_jammy/shell_ws/src/install/carla_ros_scenario_runner_types/include/carla_ros_scenario_runner_types/carla_ros_scenario_runner_types/msg/detail/carla_scenario_list__type_support.h
[18.119s] -- Symlinking: /home/zeyadcode_jammy/shell_ws/src/install/carla_ros_scenario_runner_types/include/carla_ros_scenario_runner_types/carla_ros_scenario_runner_types/msg/detail/carla_scenario_runner_status__functions.h
[18.140s] -- Symlinking: /home/zeyadcode_jammy/shell_ws/src/install/carla_ros_scenario_runner_types/include/carla_ros_scenario_runner_types/carla_ros_scenario_runner_types/msg/detail/carla_scenario_runner_status__struct.h
[18.174s] -- Symlinking: /home/zeyadcode_jammy/shell_ws/src/install/carla_ros_scenario_runner_types/include/carla_ros_scenario_runner_types/carla_ros_scenario_runner_types/msg/detail/carla_scenario_runner_status__type_support.h
[18.202s] -- Symlinking: /home/zeyadcode_jammy/shell_ws/src/install/carla_ros_scenario_runner_types/include/carla_ros_scenario_runner_types/carla_ros_scenario_runner_types/msg/rosidl_generator_c__visibility_control.h
[18.227s] -- Symlinking: /home/zeyadcode_jammy/shell_ws/src/install/carla_ros_scenario_runner_types/include/carla_ros_scenario_runner_types/carla_ros_scenario_runner_types/srv/detail/execute_scenario__functions.h
[18.241s] -- Symlinking: /home/zeyadcode_jammy/shell_ws/src/install/carla_ros_scenario_runner_types/include/carla_ros_scenario_runner_types/carla_ros_scenario_runner_types/srv/detail/execute_scenario__struct.h
[18.265s] -- Symlinking: /home/zeyadcode_jammy/shell_ws/src/install/carla_ros_scenario_runner_types/include/carla_ros_scenario_runner_types/carla_ros_scenario_runner_types/srv/detail/execute_scenario__type_support.h
[18.289s] -- Symlinking: /home/zeyadcode_jammy/shell_ws/src/install/carla_ros_scenario_runner_types/include/carla_ros_scenario_runner_types/carla_ros_scenario_runner_types/srv/execute_scenario.h
[18.309s] -- Symlinking: /home/zeyadcode_jammy/shell_ws/src/install/carla_ros_scenario_runner_types/share/carla_ros_scenario_runner_types/environment/library_path.sh
[18.336s] -- Symlinking: /home/zeyadcode_jammy/shell_ws/src/install/carla_ros_scenario_runner_types/share/carla_ros_scenario_runner_types/environment/library_path.dsv
[18.364s] -- Symlinking: /home/zeyadcode_jammy/shell_ws/src/install/carla_ros_scenario_runner_types/include/carla_ros_scenario_runner_types/carla_ros_scenario_runner_types/msg/detail/carla_scenario__rosidl_typesupport_fastrtps_c.h
[18.382s] -- Symlinking: /home/zeyadcode_jammy/shell_ws/src/install/carla_ros_scenario_runner_types/include/carla_ros_scenario_runner_types/carla_ros_scenario_runner_types/msg/detail/carla_scenario_list__rosidl_typesupport_fastrtps_c.h
[18.402s] -- Symlinking: /home/zeyadcode_jammy/shell_ws/src/install/carla_ros_scenario_runner_types/include/carla_ros_scenario_runner_types/carla_ros_scenario_runner_types/msg/detail/carla_scenario_runner_status__rosidl_typesupport_fastrtps_c.h
[18.421s] -- Symlinking: /home/zeyadcode_jammy/shell_ws/src/install/carla_ros_scenario_runner_types/include/carla_ros_scenario_runner_types/carla_ros_scenario_runner_types/msg/rosidl_typesupport_fastrtps_c__visibility_control.h
[18.443s] -- Symlinking: /home/zeyadcode_jammy/shell_ws/src/install/carla_ros_scenario_runner_types/include/carla_ros_scenario_runner_types/carla_ros_scenario_runner_types/srv/detail/execute_scenario__rosidl_typesupport_fastrtps_c.h
[18.458s] -- Symlinking: /home/zeyadcode_jammy/shell_ws/src/install/carla_ros_scenario_runner_types/include/carla_ros_scenario_runner_types/carla_ros_scenario_runner_types/msg/carla_scenario.hpp
[18.490s] -- Symlinking: /home/zeyadcode_jammy/shell_ws/src/install/carla_ros_scenario_runner_types/include/carla_ros_scenario_runner_types/carla_ros_scenario_runner_types/msg/carla_scenario_list.hpp
[18.518s] -- Symlinking: /home/zeyadcode_jammy/shell_ws/src/install/carla_ros_scenario_runner_types/include/carla_ros_scenario_runner_types/carla_ros_scenario_runner_types/msg/carla_scenario_runner_status.hpp
[18.552s] -- Symlinking: /home/zeyadcode_jammy/shell_ws/src/install/carla_ros_scenario_runner_types/include/carla_ros_scenario_runner_types/carla_ros_scenario_runner_types/msg/detail/carla_scenario__builder.hpp
[18.565s] -- Symlinking: /home/zeyadcode_jammy/shell_ws/src/install/carla_ros_scenario_runner_types/include/carla_ros_scenario_runner_types/carla_ros_scenario_runner_types/msg/detail/carla_scenario__struct.hpp
[18.591s] -- Symlinking: /home/zeyadcode_jammy/shell_ws/src/install/carla_ros_scenario_runner_types/include/carla_ros_scenario_runner_types/carla_ros_scenario_runner_types/msg/detail/carla_scenario__traits.hpp
[18.628s] -- Symlinking: /home/zeyadcode_jammy/shell_ws/src/install/carla_ros_scenario_runner_types/include/carla_ros_scenario_runner_types/carla_ros_scenario_runner_types/msg/detail/carla_scenario__type_support.hpp
[18.648s] -- Symlinking: /home/zeyadcode_jammy/shell_ws/src/install/carla_ros_scenario_runner_types/include/carla_ros_scenario_runner_types/carla_ros_scenario_runner_types/msg/detail/carla_scenario_list__builder.hpp
[18.668s] -- Symlinking: /home/zeyadcode_jammy/shell_ws/src/install/carla_ros_scenario_runner_types/include/carla_ros_scenario_runner_types/carla_ros_scenario_runner_types/msg/detail/carla_scenario_list__struct.hpp
[18.687s] -- Symlinking: /home/zeyadcode_jammy/shell_ws/src/install/carla_ros_scenario_runner_types/include/carla_ros_scenario_runner_types/carla_ros_scenario_runner_types/msg/detail/carla_scenario_list__traits.hpp
[18.710s] -- Symlinking: /home/zeyadcode_jammy/shell_ws/src/install/carla_ros_scenario_runner_types/include/carla_ros_scenario_runner_types/carla_ros_scenario_runner_types/msg/detail/carla_scenario_list__type_support.hpp
[18.720s] -- Symlinking: /home/zeyadcode_jammy/shell_ws/src/install/carla_ros_scenario_runner_types/include/carla_ros_scenario_runner_types/carla_ros_scenario_runner_types/msg/detail/carla_scenario_runner_status__builder.hpp
[18.730s] -- Symlinking: /home/zeyadcode_jammy/shell_ws/src/install/carla_ros_scenario_runner_types/include/carla_ros_scenario_runner_types/carla_ros_scenario_runner_types/msg/detail/carla_scenario_runner_status__struct.hpp
[18.740s] -- Symlinking: /home/zeyadcode_jammy/shell_ws/src/install/carla_ros_scenario_runner_types/include/carla_ros_scenario_runner_types/carla_ros_scenario_runner_types/msg/detail/carla_scenario_runner_status__traits.hpp
[18.752s] -- Symlinking: /home/zeyadcode_jammy/shell_ws/src/install/carla_ros_scenario_runner_types/include/carla_ros_scenario_runner_types/carla_ros_scenario_runner_types/msg/detail/carla_scenario_runner_status__type_support.hpp
[18.774s] -- Symlinking: /home/zeyadcode_jammy/shell_ws/src/install/carla_ros_scenario_runner_types/include/carla_ros_scenario_runner_types/carla_ros_scenario_runner_types/msg/rosidl_generator_cpp__visibility_control.hpp
[18.795s] -- Symlinking: /home/zeyadcode_jammy/shell_ws/src/install/carla_ros_scenario_runner_types/include/carla_ros_scenario_runner_types/carla_ros_scenario_runner_types/srv/detail/execute_scenario__builder.hpp
[18.820s] -- Symlinking: /home/zeyadcode_jammy/shell_ws/src/install/carla_ros_scenario_runner_types/include/carla_ros_scenario_runner_types/carla_ros_scenario_runner_types/srv/detail/execute_scenario__struct.hpp
[18.847s] -- Symlinking: /home/zeyadcode_jammy/shell_ws/src/install/carla_ros_scenario_runner_types/include/carla_ros_scenario_runner_types/carla_ros_scenario_runner_types/srv/detail/execute_scenario__traits.hpp
[18.883s] -- Symlinking: /home/zeyadcode_jammy/shell_ws/src/install/carla_ros_scenario_runner_types/include/carla_ros_scenario_runner_types/carla_ros_scenario_runner_types/srv/detail/execute_scenario__type_support.hpp
[18.913s] -- Symlinking: /home/zeyadcode_jammy/shell_ws/src/install/carla_ros_scenario_runner_types/include/carla_ros_scenario_runner_types/carla_ros_scenario_runner_types/srv/execute_scenario.hpp
[18.937s] -- Symlinking: /home/zeyadcode_jammy/shell_ws/src/install/carla_ros_scenario_runner_types/include/carla_ros_scenario_runner_types/carla_ros_scenario_runner_types/msg/detail/carla_scenario__rosidl_typesupport_fastrtps_cpp.hpp
[18.949s] -- Symlinking: /home/zeyadcode_jammy/shell_ws/src/install/carla_ros_scenario_runner_types/include/carla_ros_scenario_runner_types/carla_ros_scenario_runner_types/msg/detail/carla_scenario_list__rosidl_typesupport_fastrtps_cpp.hpp
[18.963s] -- Symlinking: /home/zeyadcode_jammy/shell_ws/src/install/carla_ros_scenario_runner_types/include/carla_ros_scenario_runner_types/carla_ros_scenario_runner_types/msg/detail/carla_scenario_runner_status__rosidl_typesupport_fastrtps_cpp.hpp
[18.974s] -- Symlinking: /home/zeyadcode_jammy/shell_ws/src/install/carla_ros_scenario_runner_types/include/carla_ros_scenario_runner_types/carla_ros_scenario_runner_types/msg/rosidl_typesupport_fastrtps_cpp__visibility_control.h
[18.986s] -- Symlinking: /home/zeyadcode_jammy/shell_ws/src/install/carla_ros_scenario_runner_types/include/carla_ros_scenario_runner_types/carla_ros_scenario_runner_types/srv/detail/execute_scenario__rosidl_typesupport_fastrtps_cpp.hpp
[19.008s] -- Symlinking: /home/zeyadcode_jammy/shell_ws/src/install/carla_ros_scenario_runner_types/include/carla_ros_scenario_runner_types/carla_ros_scenario_runner_types/msg/detail/carla_scenario__rosidl_typesupport_introspection_c.h
[19.035s] -- Symlinking: /home/zeyadcode_jammy/shell_ws/src/install/carla_ros_scenario_runner_types/include/carla_ros_scenario_runner_types/carla_ros_scenario_runner_types/msg/detail/carla_scenario_list__rosidl_typesupport_introspection_c.h
[19.049s] -- Symlinking: /home/zeyadcode_jammy/shell_ws/src/install/carla_ros_scenario_runner_types/include/carla_ros_scenario_runner_types/carla_ros_scenario_runner_types/msg/detail/carla_scenario_runner_status__rosidl_typesupport_introspection_c.h
[19.073s] -- Symlinking: /home/zeyadcode_jammy/shell_ws/src/install/carla_ros_scenario_runner_types/include/carla_ros_scenario_runner_types/carla_ros_scenario_runner_types/msg/rosidl_typesupport_introspection_c__visibility_control.h
[19.101s] -- Symlinking: /home/zeyadcode_jammy/shell_ws/src/install/carla_ros_scenario_runner_types/include/carla_ros_scenario_runner_types/carla_ros_scenario_runner_types/srv/detail/execute_scenario__rosidl_typesupport_introspection_c.h
[19.123s] -- Symlinking: /home/zeyadcode_jammy/shell_ws/src/install/carla_ros_scenario_runner_types/include/carla_ros_scenario_runner_types/carla_ros_scenario_runner_types/msg/detail/carla_scenario__rosidl_typesupport_introspection_cpp.hpp
[19.144s] -- Symlinking: /home/zeyadcode_jammy/shell_ws/src/install/carla_ros_scenario_runner_types/include/carla_ros_scenario_runner_types/carla_ros_scenario_runner_types/msg/detail/carla_scenario_list__rosidl_typesupport_introspection_cpp.hpp
[19.160s] -- Symlinking: /home/zeyadcode_jammy/shell_ws/src/install/carla_ros_scenario_runner_types/include/carla_ros_scenario_runner_types/carla_ros_scenario_runner_types/msg/detail/carla_scenario_runner_status__rosidl_typesupport_introspection_cpp.hpp
[19.171s] -- Symlinking: /home/zeyadcode_jammy/shell_ws/src/install/carla_ros_scenario_runner_types/include/carla_ros_scenario_runner_types/carla_ros_scenario_runner_types/srv/detail/execute_scenario__rosidl_typesupport_introspection_cpp.hpp
[19.190s] -- Symlinking: /home/zeyadcode_jammy/shell_ws/src/install/carla_ros_scenario_runner_types/share/carla_ros_scenario_runner_types/environment/pythonpath.sh
[19.208s] -- Symlinking: /home/zeyadcode_jammy/shell_ws/src/install/carla_ros_scenario_runner_types/share/carla_ros_scenario_runner_types/environment/pythonpath.dsv
[19.235s] -- Symlinking: /home/zeyadcode_jammy/shell_ws/src/install/carla_ros_scenario_runner_types/local/lib/python3.10/dist-packages/carla_ros_scenario_runner_types-0.1.0-py3.10.egg-info/PKG-INFO
[19.253s] -- Symlinking: /home/zeyadcode_jammy/shell_ws/src/install/carla_ros_scenario_runner_types/local/lib/python3.10/dist-packages/carla_ros_scenario_runner_types-0.1.0-py3.10.egg-info/SOURCES.txt
[19.271s] -- Symlinking: /home/zeyadcode_jammy/shell_ws/src/install/carla_ros_scenario_runner_types/local/lib/python3.10/dist-packages/carla_ros_scenario_runner_types-0.1.0-py3.10.egg-info/dependency_links.txt
[19.303s] -- Symlinking: /home/zeyadcode_jammy/shell_ws/src/install/carla_ros_scenario_runner_types/local/lib/python3.10/dist-packages/carla_ros_scenario_runner_types-0.1.0-py3.10.egg-info/top_level.txt
[19.320s] -- Symlinking: /home/zeyadcode_jammy/shell_ws/src/install/carla_ros_scenario_runner_types/local/lib/python3.10/dist-packages/carla_ros_scenario_runner_types/__init__.py
[19.338s] -- Symlinking: /home/zeyadcode_jammy/shell_ws/src/install/carla_ros_scenario_runner_types/local/lib/python3.10/dist-packages/carla_ros_scenario_runner_types/_carla_ros_scenario_runner_types_s.ep.rosidl_typesupport_c.c
[19.359s] -- Symlinking: /home/zeyadcode_jammy/shell_ws/src/install/carla_ros_scenario_runner_types/local/lib/python3.10/dist-packages/carla_ros_scenario_runner_types/_carla_ros_scenario_runner_types_s.ep.rosidl_typesupport_fastrtps_c.c
[19.377s] -- Symlinking: /home/zeyadcode_jammy/shell_ws/src/install/carla_ros_scenario_runner_types/local/lib/python3.10/dist-packages/carla_ros_scenario_runner_types/_carla_ros_scenario_runner_types_s.ep.rosidl_typesupport_introspection_c.c
[19.399s] -- Symlinking: /home/zeyadcode_jammy/shell_ws/src/install/carla_ros_scenario_runner_types/local/lib/python3.10/dist-packages/carla_ros_scenario_runner_types/carla_ros_scenario_runner_types_s__rosidl_typesupport_c.cpython-310-x86_64-linux-gnu.so
[19.423s] -- Symlinking: /home/zeyadcode_jammy/shell_ws/src/install/carla_ros_scenario_runner_types/local/lib/python3.10/dist-packages/carla_ros_scenario_runner_types/carla_ros_scenario_runner_types_s__rosidl_typesupport_fastrtps_c.cpython-310-x86_64-linux-gnu.so
[19.441s] -- Symlinking: /home/zeyadcode_jammy/shell_ws/src/install/carla_ros_scenario_runner_types/local/lib/python3.10/dist-packages/carla_ros_scenario_runner_types/carla_ros_scenario_runner_types_s__rosidl_typesupport_introspection_c.cpython-310-x86_64-linux-gnu.so
[19.467s] -- Symlinking: /home/zeyadcode_jammy/shell_ws/src/install/carla_ros_scenario_runner_types/local/lib/python3.10/dist-packages/carla_ros_scenario_runner_types/libcarla_ros_scenario_runner_types__rosidl_generator_py.so
[19.484s] -- Symlinking: /home/zeyadcode_jammy/shell_ws/src/install/carla_ros_scenario_runner_types/local/lib/python3.10/dist-packages/carla_ros_scenario_runner_types/msg/__init__.py
[19.502s] -- Symlinking: /home/zeyadcode_jammy/shell_ws/src/install/carla_ros_scenario_runner_types/local/lib/python3.10/dist-packages/carla_ros_scenario_runner_types/msg/_carla_scenario.py
[19.524s] -- Symlinking: /home/zeyadcode_jammy/shell_ws/src/install/carla_ros_scenario_runner_types/local/lib/python3.10/dist-packages/carla_ros_scenario_runner_types/msg/_carla_scenario_list.py
[19.546s] -- Symlinking: /home/zeyadcode_jammy/shell_ws/src/install/carla_ros_scenario_runner_types/local/lib/python3.10/dist-packages/carla_ros_scenario_runner_types/msg/_carla_scenario_list_s.c
[19.567s] -- Symlinking: /home/zeyadcode_jammy/shell_ws/src/install/carla_ros_scenario_runner_types/local/lib/python3.10/dist-packages/carla_ros_scenario_runner_types/msg/_carla_scenario_runner_status.py
[19.586s] -- Symlinking: /home/zeyadcode_jammy/shell_ws/src/install/carla_ros_scenario_runner_types/local/lib/python3.10/dist-packages/carla_ros_scenario_runner_types/msg/_carla_scenario_runner_status_s.c
[19.602s] -- Symlinking: /home/zeyadcode_jammy/shell_ws/src/install/carla_ros_scenario_runner_types/local/lib/python3.10/dist-packages/carla_ros_scenario_runner_types/msg/_carla_scenario_s.c
[19.614s] -- Symlinking: /home/zeyadcode_jammy/shell_ws/src/install/carla_ros_scenario_runner_types/local/lib/python3.10/dist-packages/carla_ros_scenario_runner_types/srv/__init__.py
[19.634s] -- Symlinking: /home/zeyadcode_jammy/shell_ws/src/install/carla_ros_scenario_runner_types/local/lib/python3.10/dist-packages/carla_ros_scenario_runner_types/srv/_execute_scenario.py
[19.647s] -- Symlinking: /home/zeyadcode_jammy/shell_ws/src/install/carla_ros_scenario_runner_types/local/lib/python3.10/dist-packages/carla_ros_scenario_runner_types/srv/_execute_scenario_s.c
[19.672s] -- Up-to-date symlink: /home/zeyadcode_jammy/shell_ws/src/install/carla_ros_scenario_runner_types/local/lib/python3.10/dist-packages/carla_ros_scenario_runner_types/carla_ros_scenario_runner_types_s__rosidl_typesupport_fastrtps_c.cpython-310-x86_64-linux-gnu.so
[19.672s] -- Up-to-date symlink: /home/zeyadcode_jammy/shell_ws/src/install/carla_ros_scenario_runner_types/local/lib/python3.10/dist-packages/carla_ros_scenario_runner_types/carla_ros_scenario_runner_types_s__rosidl_typesupport_introspection_c.cpython-310-x86_64-linux-gnu.so
[19.673s] -- Up-to-date symlink: /home/zeyadcode_jammy/shell_ws/src/install/carla_ros_scenario_runner_types/local/lib/python3.10/dist-packages/carla_ros_scenario_runner_types/carla_ros_scenario_runner_types_s__rosidl_typesupport_c.cpython-310-x86_64-linux-gnu.so
[19.674s] -- Symlinking: /home/zeyadcode_jammy/shell_ws/src/install/carla_ros_scenario_runner_types/share/carla_ros_scenario_runner_types/msg/CarlaScenario.idl
[19.698s] -- Symlinking: /home/zeyadcode_jammy/shell_ws/src/install/carla_ros_scenario_runner_types/share/carla_ros_scenario_runner_types/msg/CarlaScenarioList.idl
[19.717s] -- Symlinking: /home/zeyadcode_jammy/shell_ws/src/install/carla_ros_scenario_runner_types/share/carla_ros_scenario_runner_types/msg/CarlaScenarioRunnerStatus.idl
[19.735s] -- Symlinking: /home/zeyadcode_jammy/shell_ws/src/install/carla_ros_scenario_runner_types/share/carla_ros_scenario_runner_types/srv/ExecuteScenario.idl
[19.747s] -- Symlinking: /home/zeyadcode_jammy/shell_ws/src/install/carla_ros_scenario_runner_types/share/carla_ros_scenario_runner_types/msg/CarlaScenario.msg
[19.762s] -- Symlinking: /home/zeyadcode_jammy/shell_ws/src/install/carla_ros_scenario_runner_types/share/carla_ros_scenario_runner_types/msg/CarlaScenarioList.msg
[19.788s] -- Symlinking: /home/zeyadcode_jammy/shell_ws/src/install/carla_ros_scenario_runner_types/share/carla_ros_scenario_runner_types/msg/CarlaScenarioRunnerStatus.msg
[19.809s] -- Symlinking: /home/zeyadcode_jammy/shell_ws/src/install/carla_ros_scenario_runner_types/share/carla_ros_scenario_runner_types/srv/ExecuteScenario.srv
[19.819s] -- Symlinking: /home/zeyadcode_jammy/shell_ws/src/install/carla_ros_scenario_runner_types/share/carla_ros_scenario_runner_types/srv/ExecuteScenario_Request.msg
[19.829s] -- Symlinking: /home/zeyadcode_jammy/shell_ws/src/install/carla_ros_scenario_runner_types/share/carla_ros_scenario_runner_types/srv/ExecuteScenario_Response.msg
[19.841s] -- Symlinking: /home/zeyadcode_jammy/shell_ws/src/install/carla_ros_scenario_runner_types/share/ament_index/resource_index/package_run_dependencies/carla_ros_scenario_runner_types
[19.852s] -- Symlinking: /home/zeyadcode_jammy/shell_ws/src/install/carla_ros_scenario_runner_types/share/ament_index/resource_index/parent_prefix_path/carla_ros_scenario_runner_types
[19.858s] -- Symlinking: /home/zeyadcode_jammy/shell_ws/src/install/carla_ros_scenario_runner_types/share/carla_ros_scenario_runner_types/environment/ament_prefix_path.sh
[19.865s] -- Symlinking: /home/zeyadcode_jammy/shell_ws/src/install/carla_ros_scenario_runner_types/share/carla_ros_scenario_runner_types/environment/ament_prefix_path.dsv
[19.881s] -- Symlinking: /home/zeyadcode_jammy/shell_ws/src/install/carla_ros_scenario_runner_types/share/carla_ros_scenario_runner_types/environment/path.sh
[19.896s] -- Symlinking: /home/zeyadcode_jammy/shell_ws/src/install/carla_ros_scenario_runner_types/share/carla_ros_scenario_runner_types/environment/path.dsv
[19.904s] -- Symlinking: /home/zeyadcode_jammy/shell_ws/src/install/carla_ros_scenario_runner_types/share/carla_ros_scenario_runner_types/local_setup.bash
[19.922s] -- Symlinking: /home/zeyadcode_jammy/shell_ws/src/install/carla_ros_scenario_runner_types/share/carla_ros_scenario_runner_types/local_setup.sh
[19.935s] -- Symlinking: /home/zeyadcode_jammy/shell_ws/src/install/carla_ros_scenario_runner_types/share/carla_ros_scenario_runner_types/local_setup.zsh
[19.955s] -- Symlinking: /home/zeyadcode_jammy/shell_ws/src/install/carla_ros_scenario_runner_types/share/carla_ros_scenario_runner_types/local_setup.dsv
[19.976s] -- Symlinking: /home/zeyadcode_jammy/shell_ws/src/install/carla_ros_scenario_runner_types/share/carla_ros_scenario_runner_types/package.dsv
[19.998s] -- Symlinking: /home/zeyadcode_jammy/shell_ws/src/install/carla_ros_scenario_runner_types/share/ament_index/resource_index/packages/carla_ros_scenario_runner_types
[20.006s] -- Symlinking: /home/zeyadcode_jammy/shell_ws/src/install/carla_ros_scenario_runner_types/share/carla_ros_scenario_runner_types/cmake/rosidl_cmake-extras.cmake
[20.024s] -- Symlinking: /home/zeyadcode_jammy/shell_ws/src/install/carla_ros_scenario_runner_types/share/carla_ros_scenario_runner_types/cmake/ament_cmake_export_dependencies-extras.cmake
[20.054s] -- Symlinking: /home/zeyadcode_jammy/shell_ws/src/install/carla_ros_scenario_runner_types/share/carla_ros_scenario_runner_types/cmake/ament_cmake_export_include_directories-extras.cmake
[20.078s] -- Symlinking: /home/zeyadcode_jammy/shell_ws/src/install/carla_ros_scenario_runner_types/share/carla_ros_scenario_runner_types/cmake/ament_cmake_export_libraries-extras.cmake
[20.097s] -- Symlinking: /home/zeyadcode_jammy/shell_ws/src/install/carla_ros_scenario_runner_types/share/carla_ros_scenario_runner_types/cmake/ament_cmake_export_targets-extras.cmake
[20.123s] -- Symlinking: /home/zeyadcode_jammy/shell_ws/src/install/carla_ros_scenario_runner_types/share/carla_ros_scenario_runner_types/cmake/rosidl_cmake_export_typesupport_targets-extras.cmake
[20.145s] -- Symlinking: /home/zeyadcode_jammy/shell_ws/src/install/carla_ros_scenario_runner_types/share/carla_ros_scenario_runner_types/cmake/rosidl_cmake_export_typesupport_libraries-extras.cmake
[20.161s] -- Symlinking: /home/zeyadcode_jammy/shell_ws/src/install/carla_ros_scenario_runner_types/share/carla_ros_scenario_runner_types/cmake/carla_ros_scenario_runner_typesConfig.cmake
[20.190s] -- Symlinking: /home/zeyadcode_jammy/shell_ws/src/install/carla_ros_scenario_runner_types/share/carla_ros_scenario_runner_types/cmake/carla_ros_scenario_runner_typesConfig-version.cmake
[20.209s] -- Symlinking: /home/zeyadcode_jammy/shell_ws/src/install/carla_ros_scenario_runner_types/share/carla_ros_scenario_runner_types/package.xml
[20.231s] -- Installing: /home/zeyadcode_jammy/shell_ws/src/install/carla_ros_scenario_runner_types/lib/libcarla_ros_scenario_runner_types__rosidl_generator_c.so
[20.238s] -- Set runtime path of "/home/zeyadcode_jammy/shell_ws/src/install/carla_ros_scenario_runner_types/lib/libcarla_ros_scenario_runner_types__rosidl_generator_c.so" to ""
[20.239s] -- Installing: /home/zeyadcode_jammy/shell_ws/src/install/carla_ros_scenario_runner_types/lib/libcarla_ros_scenario_runner_types__rosidl_typesupport_fastrtps_c.so
[20.239s] -- Set runtime path of "/home/zeyadcode_jammy/shell_ws/src/install/carla_ros_scenario_runner_types/lib/libcarla_ros_scenario_runner_types__rosidl_typesupport_fastrtps_c.so" to ""
[20.239s] -- Installing: /home/zeyadcode_jammy/shell_ws/src/install/carla_ros_scenario_runner_types/lib/libcarla_ros_scenario_runner_types__rosidl_typesupport_fastrtps_cpp.so
[20.239s] -- Set runtime path of "/home/zeyadcode_jammy/shell_ws/src/install/carla_ros_scenario_runner_types/lib/libcarla_ros_scenario_runner_types__rosidl_typesupport_fastrtps_cpp.so" to ""
[20.239s] -- Installing: /home/zeyadcode_jammy/shell_ws/src/install/carla_ros_scenario_runner_types/lib/libcarla_ros_scenario_runner_types__rosidl_typesupport_introspection_c.so
[20.242s] -- Set runtime path of "/home/zeyadcode_jammy/shell_ws/src/install/carla_ros_scenario_runner_types/lib/libcarla_ros_scenario_runner_types__rosidl_typesupport_introspection_c.so" to ""
[20.242s] -- Installing: /home/zeyadcode_jammy/shell_ws/src/install/carla_ros_scenario_runner_types/lib/libcarla_ros_scenario_runner_types__rosidl_typesupport_c.so
[20.242s] -- Set runtime path of "/home/zeyadcode_jammy/shell_ws/src/install/carla_ros_scenario_runner_types/lib/libcarla_ros_scenario_runner_types__rosidl_typesupport_c.so" to ""
[20.242s] -- Installing: /home/zeyadcode_jammy/shell_ws/src/install/carla_ros_scenario_runner_types/lib/libcarla_ros_scenario_runner_types__rosidl_typesupport_introspection_cpp.so
[20.242s] -- Set runtime path of "/home/zeyadcode_jammy/shell_ws/src/install/carla_ros_scenario_runner_types/lib/libcarla_ros_scenario_runner_types__rosidl_typesupport_introspection_cpp.so" to ""
[20.242s] -- Installing: /home/zeyadcode_jammy/shell_ws/src/install/carla_ros_scenario_runner_types/lib/libcarla_ros_scenario_runner_types__rosidl_typesupport_cpp.so
[20.242s] -- Set runtime path of "/home/zeyadcode_jammy/shell_ws/src/install/carla_ros_scenario_runner_types/lib/libcarla_ros_scenario_runner_types__rosidl_typesupport_cpp.so" to ""
[20.344s] Listing '/home/zeyadcode_jammy/shell_ws/src/install/carla_ros_scenario_runner_types/local/lib/python3.10/dist-packages/carla_ros_scenario_runner_types'...
[20.344s] Compiling '/home/zeyadcode_jammy/shell_ws/src/install/carla_ros_scenario_runner_types/local/lib/python3.10/dist-packages/carla_ros_scenario_runner_types/__init__.py'...
[20.344s] Listing '/home/zeyadcode_jammy/shell_ws/src/install/carla_ros_scenario_runner_types/local/lib/python3.10/dist-packages/carla_ros_scenario_runner_types/msg'...
[20.344s] Compiling '/home/zeyadcode_jammy/shell_ws/src/install/carla_ros_scenario_runner_types/local/lib/python3.10/dist-packages/carla_ros_scenario_runner_types/msg/__init__.py'...
[20.345s] Compiling '/home/zeyadcode_jammy/shell_ws/src/install/carla_ros_scenario_runner_types/local/lib/python3.10/dist-packages/carla_ros_scenario_runner_types/msg/_carla_scenario.py'...
[20.345s] Compiling '/home/zeyadcode_jammy/shell_ws/src/install/carla_ros_scenario_runner_types/local/lib/python3.10/dist-packages/carla_ros_scenario_runner_types/msg/_carla_scenario_list.py'...
[20.345s] Compiling '/home/zeyadcode_jammy/shell_ws/src/install/carla_ros_scenario_runner_types/local/lib/python3.10/dist-packages/carla_ros_scenario_runner_types/msg/_carla_scenario_runner_status.py'...
[20.345s] Listing '/home/zeyadcode_jammy/shell_ws/src/install/carla_ros_scenario_runner_types/local/lib/python3.10/dist-packages/carla_ros_scenario_runner_types/srv'...
[20.345s] Compiling '/home/zeyadcode_jammy/shell_ws/src/install/carla_ros_scenario_runner_types/local/lib/python3.10/dist-packages/carla_ros_scenario_runner_types/srv/__init__.py'...
[20.345s] Compiling '/home/zeyadcode_jammy/shell_ws/src/install/carla_ros_scenario_runner_types/local/lib/python3.10/dist-packages/carla_ros_scenario_runner_types/srv/_execute_scenario.py'...
[20.345s] -- Installing: /home/zeyadcode_jammy/shell_ws/src/install/carla_ros_scenario_runner_types/lib/libcarla_ros_scenario_runner_types__rosidl_generator_py.so
[20.345s] -- Set runtime path of "/home/zeyadcode_jammy/shell_ws/src/install/carla_ros_scenario_runner_types/lib/libcarla_ros_scenario_runner_types__rosidl_generator_py.so" to ""
[20.345s] -- Installing: /home/zeyadcode_jammy/shell_ws/src/install/carla_ros_scenario_runner_types/share/carla_ros_scenario_runner_types/cmake/export_carla_ros_scenario_runner_types__rosidl_generator_cExport.cmake
[20.345s] -- Installing: /home/zeyadcode_jammy/shell_ws/src/install/carla_ros_scenario_runner_types/share/carla_ros_scenario_runner_types/cmake/export_carla_ros_scenario_runner_types__rosidl_generator_cExport-relwithdebinfo.cmake
[20.346s] -- Installing: /home/zeyadcode_jammy/shell_ws/src/install/carla_ros_scenario_runner_types/share/carla_ros_scenario_runner_types/cmake/export_carla_ros_scenario_runner_types__rosidl_typesupport_fastrtps_cExport.cmake
[20.346s] -- Installing: /home/zeyadcode_jammy/shell_ws/src/install/carla_ros_scenario_runner_types/share/carla_ros_scenario_runner_types/cmake/export_carla_ros_scenario_runner_types__rosidl_typesupport_fastrtps_cExport-relwithdebinfo.cmake
[20.346s] -- Installing: /home/zeyadcode_jammy/shell_ws/src/install/carla_ros_scenario_runner_types/share/carla_ros_scenario_runner_types/cmake/export_carla_ros_scenario_runner_types__rosidl_generator_cppExport.cmake
[20.346s] -- Installing: /home/zeyadcode_jammy/shell_ws/src/install/carla_ros_scenario_runner_types/share/carla_ros_scenario_runner_types/cmake/export_carla_ros_scenario_runner_types__rosidl_typesupport_fastrtps_cppExport.cmake
[20.346s] -- Installing: /home/zeyadcode_jammy/shell_ws/src/install/carla_ros_scenario_runner_types/share/carla_ros_scenario_runner_types/cmake/export_carla_ros_scenario_runner_types__rosidl_typesupport_fastrtps_cppExport-relwithdebinfo.cmake
[20.346s] -- Installing: /home/zeyadcode_jammy/shell_ws/src/install/carla_ros_scenario_runner_types/share/carla_ros_scenario_runner_types/cmake/carla_ros_scenario_runner_types__rosidl_typesupport_introspection_cExport.cmake
[20.346s] -- Installing: /home/zeyadcode_jammy/shell_ws/src/install/carla_ros_scenario_runner_types/share/carla_ros_scenario_runner_types/cmake/carla_ros_scenario_runner_types__rosidl_typesupport_introspection_cExport-relwithdebinfo.cmake
[20.346s] -- Installing: /home/zeyadcode_jammy/shell_ws/src/install/carla_ros_scenario_runner_types/share/carla_ros_scenario_runner_types/cmake/carla_ros_scenario_runner_types__rosidl_typesupport_cExport.cmake
[20.346s] -- Installing: /home/zeyadcode_jammy/shell_ws/src/install/carla_ros_scenario_runner_types/share/carla_ros_scenario_runner_types/cmake/carla_ros_scenario_runner_types__rosidl_typesupport_cExport-relwithdebinfo.cmake
[20.346s] -- Installing: /home/zeyadcode_jammy/shell_ws/src/install/carla_ros_scenario_runner_types/share/carla_ros_scenario_runner_types/cmake/carla_ros_scenario_runner_types__rosidl_typesupport_introspection_cppExport.cmake
[20.346s] -- Installing: /home/zeyadcode_jammy/shell_ws/src/install/carla_ros_scenario_runner_types/share/carla_ros_scenario_runner_types/cmake/carla_ros_scenario_runner_types__rosidl_typesupport_introspection_cppExport-relwithdebinfo.cmake
[20.346s] -- Installing: /home/zeyadcode_jammy/shell_ws/src/install/carla_ros_scenario_runner_types/share/carla_ros_scenario_runner_types/cmake/carla_ros_scenario_runner_types__rosidl_typesupport_cppExport.cmake
[20.346s] -- Installing: /home/zeyadcode_jammy/shell_ws/src/install/carla_ros_scenario_runner_types/share/carla_ros_scenario_runner_types/cmake/carla_ros_scenario_runner_types__rosidl_typesupport_cppExport-relwithdebinfo.cmake
[20.346s] -- Installing: /home/zeyadcode_jammy/shell_ws/src/install/carla_ros_scenario_runner_types/share/carla_ros_scenario_runner_types/cmake/export_carla_ros_scenario_runner_types__rosidl_generator_pyExport.cmake
[20.347s] -- Installing: /home/zeyadcode_jammy/shell_ws/src/install/carla_ros_scenario_runner_types/share/carla_ros_scenario_runner_types/cmake/export_carla_ros_scenario_runner_types__rosidl_generator_pyExport-relwithdebinfo.cmake
[20.351s] Invoked command in '/home/zeyadcode_jammy/shell_ws/src/build/carla_ros_scenario_runner_types' returned '0': CMAKE_PREFIX_PATH=/opt/ros/humble /usr/bin/cmake --install /home/zeyadcode_jammy/shell_ws/src/build/carla_ros_scenario_runner_types
