[2.341s] Invoking command in '/home/zeyadcode_jammy/shell_ws/src/build/carla_spawn_objects': AMENT_PREFIX_PATH=/home/zeyadcode_jammy/shell_ws/src/install/ros_compatibility:/home/zeyadcode_jammy/shell_ws/src/install/carla_msgs:${AMENT_PREFIX_PATH} CMAKE_PREFIX_PATH=/home/zeyadcode_jammy/shell_ws/src/install/carla_msgs LD_LIBRARY_PATH=/home/zeyadcode_jammy/shell_ws/src/install/carla_msgs/lib:${LD_LIBRARY_PATH} PYTHONPATH=/home/zeyadcode_jammy/shell_ws/src/build/carla_spawn_objects/prefix_override:/usr/lib/python3/dist-packages/colcon_core/task/python/colcon_distutils_commands:/home/zeyadcode_jammy/shell_ws/src/install/carla_spawn_objects/lib/python3.10/site-packages:/home/zeyadcode_jammy/shell_ws/src/build/ros_compatibility/src:/home/zeyadcode_jammy/shell_ws/src/install/ros_compatibility/lib/python3.10/site-packages:/home/zeyadcode_jammy/shell_ws/src/install/carla_msgs/local/lib/python3.10/dist-packages:${PYTHONPATH} /usr/bin/python3 -W ignore:setup.py install is deprecated -W ignore:easy_install command is deprecated setup.py develop --editable --build-directory /home/zeyadcode_jammy/shell_ws/src/build/carla_spawn_objects/build --no-deps symlink_data
[2.709s] running develop
[2.891s] running egg_info
[2.891s] creating carla_spawn_objects.egg-info
[2.892s] writing carla_spawn_objects.egg-info/PKG-INFO
[2.892s] writing dependency_links to carla_spawn_objects.egg-info/dependency_links.txt
[2.893s] writing entry points to carla_spawn_objects.egg-info/entry_points.txt
[2.893s] writing requirements to carla_spawn_objects.egg-info/requires.txt
[2.893s] writing top-level names to carla_spawn_objects.egg-info/top_level.txt
[2.894s] writing manifest file 'carla_spawn_objects.egg-info/SOURCES.txt'
[2.896s] reading manifest file 'carla_spawn_objects.egg-info/SOURCES.txt'
[2.898s] writing manifest file 'carla_spawn_objects.egg-info/SOURCES.txt'
[2.899s] running build_ext
[2.901s] Creating /home/zeyadcode_jammy/shell_ws/src/install/carla_spawn_objects/lib/python3.10/site-packages/carla-spawn-objects.egg-link (link to .)
[2.901s] Installing carla_spawn_objects script to /home/zeyadcode_jammy/shell_ws/src/install/carla_spawn_objects/lib/carla_spawn_objects
[2.901s] Installing set_initial_pose script to /home/zeyadcode_jammy/shell_ws/src/install/carla_spawn_objects/lib/carla_spawn_objects
[2.901s] 
[2.902s] Installed /home/zeyadcode_jammy/shell_ws/src/build/carla_spawn_objects
[2.902s] running symlink_data
[2.902s] creating /home/zeyadcode_jammy/shell_ws/src/install/carla_spawn_objects/share/ament_index
[2.905s] creating /home/zeyadcode_jammy/shell_ws/src/install/carla_spawn_objects/share/ament_index/resource_index
[2.905s] creating /home/zeyadcode_jammy/shell_ws/src/install/carla_spawn_objects/share/ament_index/resource_index/packages
[2.905s] symbolically linking /home/zeyadcode_jammy/shell_ws/src/build/carla_spawn_objects/resource/carla_spawn_objects -> /home/zeyadcode_jammy/shell_ws/src/install/carla_spawn_objects/share/ament_index/resource_index/packages
[2.905s] symbolically linking /home/zeyadcode_jammy/shell_ws/src/build/carla_spawn_objects/package.xml -> /home/zeyadcode_jammy/shell_ws/src/install/carla_spawn_objects/share/carla_spawn_objects
[2.906s] creating /home/zeyadcode_jammy/shell_ws/src/install/carla_spawn_objects/share/carla_spawn_objects/config
[2.906s] symbolically linking /home/zeyadcode_jammy/shell_ws/src/build/carla_spawn_objects/config/objects.json -> /home/zeyadcode_jammy/shell_ws/src/install/carla_spawn_objects/share/carla_spawn_objects/config
[2.906s] symbolically linking /home/zeyadcode_jammy/shell_ws/src/build/carla_spawn_objects/launch/carla_example_ego_vehicle.launch.py -> /home/zeyadcode_jammy/shell_ws/src/install/carla_spawn_objects/share/carla_spawn_objects
[2.906s] symbolically linking /home/zeyadcode_jammy/shell_ws/src/build/carla_spawn_objects/launch/set_initial_pose.launch.py -> /home/zeyadcode_jammy/shell_ws/src/install/carla_spawn_objects/share/carla_spawn_objects
[2.906s] symbolically linking /home/zeyadcode_jammy/shell_ws/src/build/carla_spawn_objects/launch/carla_spawn_objects.launch.py -> /home/zeyadcode_jammy/shell_ws/src/install/carla_spawn_objects/share/carla_spawn_objects
[3.050s] Invoked command in '/home/zeyadcode_jammy/shell_ws/src/build/carla_spawn_objects' returned '0': AMENT_PREFIX_PATH=/home/zeyadcode_jammy/shell_ws/src/install/ros_compatibility:/home/zeyadcode_jammy/shell_ws/src/install/carla_msgs:${AMENT_PREFIX_PATH} CMAKE_PREFIX_PATH=/home/zeyadcode_jammy/shell_ws/src/install/carla_msgs LD_LIBRARY_PATH=/home/zeyadcode_jammy/shell_ws/src/install/carla_msgs/lib:${LD_LIBRARY_PATH} PYTHONPATH=/home/zeyadcode_jammy/shell_ws/src/build/carla_spawn_objects/prefix_override:/usr/lib/python3/dist-packages/colcon_core/task/python/colcon_distutils_commands:/home/zeyadcode_jammy/shell_ws/src/install/carla_spawn_objects/lib/python3.10/site-packages:/home/zeyadcode_jammy/shell_ws/src/build/ros_compatibility/src:/home/zeyadcode_jammy/shell_ws/src/install/ros_compatibility/lib/python3.10/site-packages:/home/zeyadcode_jammy/shell_ws/src/install/carla_msgs/local/lib/python3.10/dist-packages:${PYTHONPATH} /usr/bin/python3 -W ignore:setup.py install is deprecated -W ignore:easy_install command is deprecated setup.py develop --editable --build-directory /home/zeyadcode_jammy/shell_ws/src/build/carla_spawn_objects/build --no-deps symlink_data
