running develop
running egg_info
creating roben_ai.egg-info
writing roben_ai.egg-info/PKG-INFO
writing dependency_links to roben_ai.egg-info/dependency_links.txt
writing entry points to roben_ai.egg-info/entry_points.txt
writing requirements to roben_ai.egg-info/requires.txt
writing top-level names to roben_ai.egg-info/top_level.txt
writing manifest file 'roben_ai.egg-info/SOURCES.txt'
reading manifest file 'roben_ai.egg-info/SOURCES.txt'
writing manifest file 'roben_ai.egg-info/SOURCES.txt'
running build_ext
Creating /home/zeyadcode_jammy/ros_ws/src/install/roben_ai/lib/python3.10/site-packages/roben-ai.egg-link (link to .)

Installed /home/zeyadcode_jammy/ros_ws/src/build/roben_ai
running symlink_data
creating /home/zeyadcode_jammy/ros_ws/src/install/roben_ai/share/ament_index
creating /home/zeyadcode_jammy/ros_ws/src/install/roben_ai/share/ament_index/resource_index
creating /home/zeyadcode_jammy/ros_ws/src/install/roben_ai/share/ament_index/resource_index/packages
symbolically linking /home/zeyadcode_jammy/ros_ws/src/build/roben_ai/resource/roben_ai -> /home/zeyadcode_jammy/ros_ws/src/install/roben_ai/share/ament_index/resource_index/packages
symbolically linking /home/zeyadcode_jammy/ros_ws/src/build/roben_ai/package.xml -> /home/zeyadcode_jammy/ros_ws/src/install/roben_ai/share/roben_ai
