[1.622s] Invoking command in '/home/zeyadcode_jammy/shell_ws/src/build/ros_compatibility': PYTHONPATH=/home/zeyadcode_jammy/shell_ws/src/build/ros_compatibility/prefix_override:/usr/lib/python3/dist-packages/colcon_core/task/python/colcon_distutils_commands:/home/zeyadcode_jammy/shell_ws/src/install/ros_compatibility/lib/python3.10/site-packages:${PYTHONPATH} /usr/bin/python3 -W ignore:setup.py install is deprecated -W ignore:easy_install command is deprecated setup.py develop --editable --build-directory /home/zeyadcode_jammy/shell_ws/src/build/ros_compatibility/build --no-deps symlink_data
[2.026s] running develop
[2.249s] running egg_info
[2.249s] creating src/ros_compatibility.egg-info
[2.249s] writing src/ros_compatibility.egg-info/PKG-INFO
[2.249s] writing dependency_links to src/ros_compatibility.egg-info/dependency_links.txt
[2.250s] writing requirements to src/ros_compatibility.egg-info/requires.txt
[2.250s] writing top-level names to src/ros_compatibility.egg-info/top_level.txt
[2.250s] writing manifest file 'src/ros_compatibility.egg-info/SOURCES.txt'
[2.256s] reading manifest file 'src/ros_compatibility.egg-info/SOURCES.txt'
[2.256s] writing manifest file 'src/ros_compatibility.egg-info/SOURCES.txt'
[2.265s] running build_ext
[2.266s] Creating /home/zeyadcode_jammy/shell_ws/src/install/ros_compatibility/lib/python3.10/site-packages/ros-compatibility.egg-link (link to src)
[2.276s] 
[2.276s] Installed /home/zeyadcode_jammy/shell_ws/src/build/ros_compatibility/src
[2.276s] running symlink_data
[2.276s] creating /home/zeyadcode_jammy/shell_ws/src/install/ros_compatibility/share/ament_index
[2.277s] creating /home/zeyadcode_jammy/shell_ws/src/install/ros_compatibility/share/ament_index/resource_index
[2.277s] creating /home/zeyadcode_jammy/shell_ws/src/install/ros_compatibility/share/ament_index/resource_index/packages
[2.277s] symbolically linking /home/zeyadcode_jammy/shell_ws/src/build/ros_compatibility/resource/ros_compatibility -> /home/zeyadcode_jammy/shell_ws/src/install/ros_compatibility/share/ament_index/resource_index/packages
[2.277s] symbolically linking /home/zeyadcode_jammy/shell_ws/src/build/ros_compatibility/package.xml -> /home/zeyadcode_jammy/shell_ws/src/install/ros_compatibility/share/ros_compatibility
[2.392s] Invoked command in '/home/zeyadcode_jammy/shell_ws/src/build/ros_compatibility' returned '0': PYTHONPATH=/home/zeyadcode_jammy/shell_ws/src/build/ros_compatibility/prefix_override:/usr/lib/python3/dist-packages/colcon_core/task/python/colcon_distutils_commands:/home/zeyadcode_jammy/shell_ws/src/install/ros_compatibility/lib/python3.10/site-packages:${PYTHONPATH} /usr/bin/python3 -W ignore:setup.py install is deprecated -W ignore:easy_install command is deprecated setup.py develop --editable --build-directory /home/zeyadcode_jammy/shell_ws/src/build/ros_compatibility/build --no-deps symlink_data
