[2.908s] Invoking command in '/home/zeyadcode_jammy/shell_ws/src/build/carla_ros_scenario_runner': AMENT_PREFIX_PATH=/home/zeyadcode_jammy/shell_ws/src/install/carla_ros_scenario_runner_types:/home/zeyadcode_jammy/shell_ws/src/install/carla_msgs:/home/zeyadcode_jammy/shell_ws/src/install/carla_common:${AMENT_PREFIX_PATH} CMAKE_PREFIX_PATH=/home/zeyadcode_jammy/shell_ws/src/install/carla_ros_scenario_runner_types:/home/zeyadcode_jammy/shell_ws/src/install/carla_msgs LD_LIBRARY_PATH=/home/zeyadcode_jammy/shell_ws/src/install/carla_ros_scenario_runner_types/lib:/home/zeyadcode_jammy/shell_ws/src/install/carla_msgs/lib:${LD_LIBRARY_PATH} PYTHONPATH=/home/zeyadcode_jammy/shell_ws/src/build/carla_ros_scenario_runner/prefix_override:/usr/lib/python3/dist-packages/colcon_core/task/python/colcon_distutils_commands:/home/zeyadcode_jammy/shell_ws/src/install/carla_ros_scenario_runner/lib/python3.10/site-packages:/home/zeyadcode_jammy/shell_ws/src/install/carla_ros_scenario_runner_types/local/lib/python3.10/dist-packages:/home/zeyadcode_jammy/shell_ws/src/install/carla_msgs/local/lib/python3.10/dist-packages:/home/zeyadcode_jammy/shell_ws/src/build/carla_common/src:/home/zeyadcode_jammy/shell_ws/src/install/carla_common/lib/python3.10/site-packages:${PYTHONPATH} /usr/bin/python3 -W ignore:setup.py install is deprecated -W ignore:easy_install command is deprecated setup.py develop --editable --build-directory /home/zeyadcode_jammy/shell_ws/src/build/carla_ros_scenario_runner/build --no-deps symlink_data
[3.692s] running develop
[3.927s] running egg_info
[3.928s] creating src/carla_ros_scenario_runner.egg-info
[3.929s] writing src/carla_ros_scenario_runner.egg-info/PKG-INFO
[3.929s] writing dependency_links to src/carla_ros_scenario_runner.egg-info/dependency_links.txt
[3.929s] writing entry points to src/carla_ros_scenario_runner.egg-info/entry_points.txt
[3.929s] writing requirements to src/carla_ros_scenario_runner.egg-info/requires.txt
[3.929s] writing top-level names to src/carla_ros_scenario_runner.egg-info/top_level.txt
[3.929s] writing manifest file 'src/carla_ros_scenario_runner.egg-info/SOURCES.txt'
[3.933s] reading manifest file 'src/carla_ros_scenario_runner.egg-info/SOURCES.txt'
[3.933s] writing manifest file 'src/carla_ros_scenario_runner.egg-info/SOURCES.txt'
[3.933s] running build_ext
[3.933s] Creating /home/zeyadcode_jammy/shell_ws/src/install/carla_ros_scenario_runner/lib/python3.10/site-packages/carla-ros-scenario-runner.egg-link (link to src)
[3.934s] Installing carla_ros_scenario_runner script to /home/zeyadcode_jammy/shell_ws/src/install/carla_ros_scenario_runner/lib/carla_ros_scenario_runner
[3.934s] 
[3.935s] Installed /home/zeyadcode_jammy/shell_ws/src/build/carla_ros_scenario_runner/src
[3.935s] running symlink_data
[3.935s] creating /home/zeyadcode_jammy/shell_ws/src/install/carla_ros_scenario_runner/share/ament_index
[3.935s] creating /home/zeyadcode_jammy/shell_ws/src/install/carla_ros_scenario_runner/share/ament_index/resource_index
[3.935s] creating /home/zeyadcode_jammy/shell_ws/src/install/carla_ros_scenario_runner/share/ament_index/resource_index/packages
[3.935s] symbolically linking /home/zeyadcode_jammy/shell_ws/src/build/carla_ros_scenario_runner/resource/carla_ros_scenario_runner -> /home/zeyadcode_jammy/shell_ws/src/install/carla_ros_scenario_runner/share/ament_index/resource_index/packages
[3.935s] symbolically linking /home/zeyadcode_jammy/shell_ws/src/build/carla_ros_scenario_runner/package.xml -> /home/zeyadcode_jammy/shell_ws/src/install/carla_ros_scenario_runner/share/carla_ros_scenario_runner
[3.935s] symbolically linking /home/zeyadcode_jammy/shell_ws/src/build/carla_ros_scenario_runner/launch/carla_ros_scenario_runner.launch.py -> /home/zeyadcode_jammy/shell_ws/src/install/carla_ros_scenario_runner/share/carla_ros_scenario_runner
[4.389s] Invoked command in '/home/zeyadcode_jammy/shell_ws/src/build/carla_ros_scenario_runner' returned '0': AMENT_PREFIX_PATH=/home/zeyadcode_jammy/shell_ws/src/install/carla_ros_scenario_runner_types:/home/zeyadcode_jammy/shell_ws/src/install/carla_msgs:/home/zeyadcode_jammy/shell_ws/src/install/carla_common:${AMENT_PREFIX_PATH} CMAKE_PREFIX_PATH=/home/zeyadcode_jammy/shell_ws/src/install/carla_ros_scenario_runner_types:/home/zeyadcode_jammy/shell_ws/src/install/carla_msgs LD_LIBRARY_PATH=/home/zeyadcode_jammy/shell_ws/src/install/carla_ros_scenario_runner_types/lib:/home/zeyadcode_jammy/shell_ws/src/install/carla_msgs/lib:${LD_LIBRARY_PATH} PYTHONPATH=/home/zeyadcode_jammy/shell_ws/src/build/carla_ros_scenario_runner/prefix_override:/usr/lib/python3/dist-packages/colcon_core/task/python/colcon_distutils_commands:/home/zeyadcode_jammy/shell_ws/src/install/carla_ros_scenario_runner/lib/python3.10/site-packages:/home/zeyadcode_jammy/shell_ws/src/install/carla_ros_scenario_runner_types/local/lib/python3.10/dist-packages:/home/zeyadcode_jammy/shell_ws/src/install/carla_msgs/local/lib/python3.10/dist-packages:/home/zeyadcode_jammy/shell_ws/src/build/carla_common/src:/home/zeyadcode_jammy/shell_ws/src/install/carla_common/lib/python3.10/site-packages:${PYTHONPATH} /usr/bin/python3 -W ignore:setup.py install is deprecated -W ignore:easy_install command is deprecated setup.py develop --editable --build-directory /home/zeyadcode_jammy/shell_ws/src/build/carla_ros_scenario_runner/build --no-deps symlink_data
