[1.582s] Invoking command in '/home/zeyadcode_jammy/shell_ws/src/build/rviz_carla_plugin': AMENT_PREFIX_PATH=/home/zeyadcode_jammy/shell_ws/src/install/carla_ros_scenario_runner_types:/home/zeyadcode_jammy/shell_ws/src/install/carla_msgs:${AMENT_PREFIX_PATH} CMAKE_PREFIX_PATH=/home/zeyadcode_jammy/shell_ws/src/install/carla_ros_scenario_runner_types:/home/zeyadcode_jammy/shell_ws/src/install/carla_msgs:/opt/ros/humble LD_LIBRARY_PATH=/home/zeyadcode_jammy/shell_ws/src/install/carla_ros_scenario_runner_types/lib:/home/zeyadcode_jammy/shell_ws/src/install/carla_msgs/lib:${LD_LIBRARY_PATH} PYTHONPATH=/home/zeyadcode_jammy/shell_ws/src/install/carla_ros_scenario_runner_types/local/lib/python3.10/dist-packages:/home/zeyadcode_jammy/shell_ws/src/install/carla_msgs/local/lib/python3.10/dist-packages:${PYTHONPATH} /usr/bin/cmake /home/zeyadcode_jammy/shell_ws/src/sem-apc-ros-bridge/rviz_carla_plugin -DCMAKE_BUILD_TYPE=RelWithDebInfo -DAMENT_CMAKE_SYMLINK_INSTALL=1 -DCMAKE_INSTALL_PREFIX=/home/zeyadcode_jammy/shell_ws/src/install/rviz_carla_plugin
[1.755s] -- The C compiler identification is GNU 11.4.0
[1.899s] -- The CXX compiler identification is GNU 11.4.0
[1.928s] -- Detecting C compiler ABI info
[2.171s] -- Detecting C compiler ABI info - done
[2.192s] -- Check for working C compiler: /usr/bin/cc - skipped
[2.192s] -- Detecting C compile features
[2.193s] -- Detecting C compile features - done
[2.199s] -- Detecting CXX compiler ABI info
[2.356s] -- Detecting CXX compiler ABI info - done
[2.384s] -- Check for working CXX compiler: /usr/bin/c++ - skipped
[2.385s] -- Detecting CXX compile features
[2.393s] -- Detecting CXX compile features - done
[2.398s] -- Found ros_environment: 3.2.2 (/opt/ros/humble/share/ros_environment/cmake)
[2.400s] -- Found ament_cmake: 1.3.11 (/opt/ros/humble/share/ament_cmake/cmake)
[2.662s] -- Found Python3: /usr/bin/python3 (found version "3.10.12") found components: Interpreter 
[2.764s] -- Override CMake install command with custom implementation using symlinks instead of copying resources
[2.889s] -- Found rviz_common: 11.2.16 (/opt/ros/humble/share/rviz_common/cmake)
[2.969s] -- Setting assimp_DIR to: '/opt/ros/humble/share/rviz_assimp_vendor/cmake/../../../opt/rviz_assimp_vendor/lib/cmake/assimp-4.1'
[3.007s] -- Setting OGRE_DIR to: '/opt/ros/humble/share/rviz_ogre_vendor/cmake/../../../opt/rviz_ogre_vendor/lib/OGRE/cmake'
[3.010s] -- Found OGRE
[3.010s] --   static     : OFF
[3.011s] --   components : HLMS;MeshLodGenerator;Overlay;Paging;Property;RTShaderSystem;Terrain;Volume
[3.011s] --   plugins    : Plugin_BSPSceneManager;Plugin_OctreeSceneManager;Plugin_PCZSceneManager;Plugin_ParticleFX;RenderSystem_GL;RenderSystem_GL3Plus;Codec_STBI
[3.011s] --   media      : /opt/ros/humble/opt/rviz_ogre_vendor/share/OGRE/Media
[3.011s] -- OGRE_LIBRARIES: OgreHLMS;OgreMeshLodGenerator;OgreOverlay;OgrePaging;OgreProperty;OgreRTShaderSystem;OgreTerrain;OgreVolume;OgreMain
[3.011s] -- OGRE_LIBRARY_DIRS: /opt/ros/humble/opt/rviz_ogre_vendor/lib
[3.011s] -- OGRE_PLUGINS: Plugin_BSPSceneManager;Plugin_OctreeSceneManager;Plugin_PCZSceneManager;Plugin_ParticleFX;RenderSystem_GL;RenderSystem_GL3Plus;Codec_STBI
[3.011s] -- OGRE_PLUGIN_DIR: /opt/ros/humble/opt/rviz_ogre_vendor/lib/OGRE
[3.011s] -- rviz_ogre_vendor::OgreOverlay for IMPORTED_LOCATION_RELEASE: /opt/ros/humble/opt/rviz_ogre_vendor/lib/libOgreOverlay.so
[3.011s] -- rviz_ogre_vendor::OgreOverlay for IMPORTED_LOCATION_DEBUG: /opt/ros/humble/opt/rviz_ogre_vendor/lib/libOgreOverlay.so
[3.011s] -- rviz_ogre_vendor::OgreMain for IMPORTED_LOCATION_RELEASE: /opt/ros/humble/opt/rviz_ogre_vendor/lib/libOgreMain.so
[3.011s] -- rviz_ogre_vendor::OgreMain for IMPORTED_LOCATION_DEBUG: /opt/ros/humble/opt/rviz_ogre_vendor/lib/libOgreMain.so
[3.018s] -- Could not find freeimage library
[3.037s] -- Found ZLIB: /usr/lib/x86_64-linux-gnu/libz.so (found version "1.2.11") 
[3.048s] -- Found OpenGL: /usr/lib/x86_64-linux-gnu/libOpenGL.so   
[3.282s] -- Found X11: /usr/include   
[3.282s] -- Looking for XOpenDisplay in /usr/lib/x86_64-linux-gnu/libX11.so;/usr/lib/x86_64-linux-gnu/libXext.so
[3.449s] -- Looking for XOpenDisplay in /usr/lib/x86_64-linux-gnu/libX11.so;/usr/lib/x86_64-linux-gnu/libXext.so - found
[3.449s] -- Looking for gethostbyname
[3.613s] -- Looking for gethostbyname - found
[3.613s] -- Looking for connect
[3.830s] -- Looking for connect - found
[3.830s] -- Looking for remove
[4.097s] -- Looking for remove - found
[4.097s] -- Looking for shmat
[4.261s] -- Looking for shmat - found
[4.263s] -- Looking for IceConnectionNumber in ICE
[4.452s] -- Looking for IceConnectionNumber in ICE - found
[4.663s] -- library: /usr/lib/x86_64-linux-gnu/libcurl.so
[4.731s] -- Found rosidl_generator_c: 3.1.6 (/opt/ros/humble/share/rosidl_generator_c/cmake)
[4.744s] -- Found rosidl_adapter: 3.1.6 (/opt/ros/humble/share/rosidl_adapter/cmake)
[4.758s] -- Found rosidl_generator_cpp: 3.1.6 (/opt/ros/humble/share/rosidl_generator_cpp/cmake)
[4.801s] -- Using all available rosidl_typesupport_c: rosidl_typesupport_fastrtps_c;rosidl_typesupport_introspection_c
[4.828s] -- Using all available rosidl_typesupport_cpp: rosidl_typesupport_fastrtps_cpp;rosidl_typesupport_introspection_cpp
[5.094s] -- Found rmw_implementation_cmake: 6.1.2 (/opt/ros/humble/share/rmw_implementation_cmake/cmake)
[5.109s] -- Found rmw_fastrtps_cpp: 6.2.7 (/opt/ros/humble/share/rmw_fastrtps_cpp/cmake)
[5.175s] -- Found TinyXML2 via Config file: TinyXML2_DIR-NOTFOUND
[5.316s] -- Found OpenSSL: /usr/lib/x86_64-linux-gnu/libcrypto.so (found version "3.0.2")  
[5.326s] -- Found TinyXML2 via Config file: TinyXML2_DIR-NOTFOUND
[5.348s] -- Found FastRTPS: /opt/ros/humble/include  
[5.353s] -- Found TinyXML2 via Config file: TinyXML2_DIR-NOTFOUND
[5.371s] -- Found TinyXML2 via Config file: TinyXML2_DIR-NOTFOUND
[5.390s] -- Using RMW implementation 'rmw_fastrtps_cpp' as default
[5.406s] -- Looking for pthread.h
[5.614s] -- Looking for pthread.h - found
[5.615s] -- Performing Test CMAKE_HAVE_LIBC_PTHREAD
[5.872s] -- Performing Test CMAKE_HAVE_LIBC_PTHREAD - Success
[5.873s] -- Found Threads: TRUE  
[6.049s] -- Found Eigen3: TRUE (found version "3.4.0") 
[6.050s] -- Ensuring Eigen3 include directory is part of orocos-kdl CMake target
[6.221s] -- Found carla_msgs: 1.3.0 (/home/zeyadcode_jammy/shell_ws/src/install/carla_msgs/share/carla_msgs/cmake)
[6.267s] -- Found nav_msgs: 4.8.0 (/opt/ros/humble/share/nav_msgs/cmake)
[6.290s] -- Found carla_ros_scenario_runner_types: 0.1.0 (/home/zeyadcode_jammy/shell_ws/src/install/carla_ros_scenario_runner_types/share/carla_ros_scenario_runner_types/cmake)
[6.540s] -- Configuring done
[6.593s] -- Generating done
[6.598s] -- Build files have been written to: /home/zeyadcode_jammy/shell_ws/src/build/rviz_carla_plugin
[6.625s] Invoked command in '/home/zeyadcode_jammy/shell_ws/src/build/rviz_carla_plugin' returned '0': AMENT_PREFIX_PATH=/home/zeyadcode_jammy/shell_ws/src/install/carla_ros_scenario_runner_types:/home/zeyadcode_jammy/shell_ws/src/install/carla_msgs:${AMENT_PREFIX_PATH} CMAKE_PREFIX_PATH=/home/zeyadcode_jammy/shell_ws/src/install/carla_ros_scenario_runner_types:/home/zeyadcode_jammy/shell_ws/src/install/carla_msgs:/opt/ros/humble LD_LIBRARY_PATH=/home/zeyadcode_jammy/shell_ws/src/install/carla_ros_scenario_runner_types/lib:/home/zeyadcode_jammy/shell_ws/src/install/carla_msgs/lib:${LD_LIBRARY_PATH} PYTHONPATH=/home/zeyadcode_jammy/shell_ws/src/install/carla_ros_scenario_runner_types/local/lib/python3.10/dist-packages:/home/zeyadcode_jammy/shell_ws/src/install/carla_msgs/local/lib/python3.10/dist-packages:${PYTHONPATH} /usr/bin/cmake /home/zeyadcode_jammy/shell_ws/src/sem-apc-ros-bridge/rviz_carla_plugin -DCMAKE_BUILD_TYPE=RelWithDebInfo -DAMENT_CMAKE_SYMLINK_INSTALL=1 -DCMAKE_INSTALL_PREFIX=/home/zeyadcode_jammy/shell_ws/src/install/rviz_carla_plugin
[6.625s] Invoking command in '/home/zeyadcode_jammy/shell_ws/src/build/rviz_carla_plugin': AMENT_PREFIX_PATH=/home/zeyadcode_jammy/shell_ws/src/install/carla_ros_scenario_runner_types:/home/zeyadcode_jammy/shell_ws/src/install/carla_msgs:${AMENT_PREFIX_PATH} CMAKE_PREFIX_PATH=/home/zeyadcode_jammy/shell_ws/src/install/carla_ros_scenario_runner_types:/home/zeyadcode_jammy/shell_ws/src/install/carla_msgs:/opt/ros/humble LD_LIBRARY_PATH=/home/zeyadcode_jammy/shell_ws/src/install/carla_ros_scenario_runner_types/lib:/home/zeyadcode_jammy/shell_ws/src/install/carla_msgs/lib:${LD_LIBRARY_PATH} PYTHONPATH=/home/zeyadcode_jammy/shell_ws/src/install/carla_ros_scenario_runner_types/local/lib/python3.10/dist-packages:/home/zeyadcode_jammy/shell_ws/src/install/carla_msgs/local/lib/python3.10/dist-packages:${PYTHONPATH} /usr/bin/cmake --build /home/zeyadcode_jammy/shell_ws/src/build/rviz_carla_plugin -- -j8 -l8
[6.737s] [ 12%] [34m[1mAutomatic MOC for target rviz_carla_plugin[0m
[7.708s] [ 12%] Built target rviz_carla_plugin_autogen
[7.740s] [ 25%] [34m[1mGenerating qrc_rviz_carla_plugin.cpp[0m
[7.793s] [ 37%] [32mBuilding CXX object CMakeFiles/rviz_carla_plugin.dir/rviz_carla_plugin_autogen/mocs_compilation.cpp.o[0m
[16.862s] [ 50%] [32mBuilding CXX object CMakeFiles/rviz_carla_plugin.dir/qrc_rviz_carla_plugin.cpp.o[0m
[16.922s] [ 62%] [32mBuilding CXX object CMakeFiles/rviz_carla_plugin.dir/src/carla_control_panel_ROS2.cpp.o[0m
[73.110s] [ 75%] [32mBuilding CXX object CMakeFiles/rviz_carla_plugin.dir/src/indicator_widget.cpp.o[0m
[74.588s] [ 87%] [32mBuilding CXX object CMakeFiles/rviz_carla_plugin.dir/src/drive_widget.cpp.o[0m
[76.634s] [100%] [32m[1mLinking CXX shared library librviz_carla_plugin.so[0m
[80.182s] [100%] Built target rviz_carla_plugin
[80.199s] Invoked command in '/home/zeyadcode_jammy/shell_ws/src/build/rviz_carla_plugin' returned '0': AMENT_PREFIX_PATH=/home/zeyadcode_jammy/shell_ws/src/install/carla_ros_scenario_runner_types:/home/zeyadcode_jammy/shell_ws/src/install/carla_msgs:${AMENT_PREFIX_PATH} CMAKE_PREFIX_PATH=/home/zeyadcode_jammy/shell_ws/src/install/carla_ros_scenario_runner_types:/home/zeyadcode_jammy/shell_ws/src/install/carla_msgs:/opt/ros/humble LD_LIBRARY_PATH=/home/zeyadcode_jammy/shell_ws/src/install/carla_ros_scenario_runner_types/lib:/home/zeyadcode_jammy/shell_ws/src/install/carla_msgs/lib:${LD_LIBRARY_PATH} PYTHONPATH=/home/zeyadcode_jammy/shell_ws/src/install/carla_ros_scenario_runner_types/local/lib/python3.10/dist-packages:/home/zeyadcode_jammy/shell_ws/src/install/carla_msgs/local/lib/python3.10/dist-packages:${PYTHONPATH} /usr/bin/cmake --build /home/zeyadcode_jammy/shell_ws/src/build/rviz_carla_plugin -- -j8 -l8
[80.200s] Invoking command in '/home/zeyadcode_jammy/shell_ws/src/build/rviz_carla_plugin': AMENT_PREFIX_PATH=/home/zeyadcode_jammy/shell_ws/src/install/carla_ros_scenario_runner_types:/home/zeyadcode_jammy/shell_ws/src/install/carla_msgs:${AMENT_PREFIX_PATH} CMAKE_PREFIX_PATH=/home/zeyadcode_jammy/shell_ws/src/install/carla_ros_scenario_runner_types:/home/zeyadcode_jammy/shell_ws/src/install/carla_msgs:/opt/ros/humble LD_LIBRARY_PATH=/home/zeyadcode_jammy/shell_ws/src/install/carla_ros_scenario_runner_types/lib:/home/zeyadcode_jammy/shell_ws/src/install/carla_msgs/lib:${LD_LIBRARY_PATH} PYTHONPATH=/home/zeyadcode_jammy/shell_ws/src/install/carla_ros_scenario_runner_types/local/lib/python3.10/dist-packages:/home/zeyadcode_jammy/shell_ws/src/install/carla_msgs/local/lib/python3.10/dist-packages:${PYTHONPATH} /usr/bin/cmake --install /home/zeyadcode_jammy/shell_ws/src/build/rviz_carla_plugin
[80.208s] -- Install configuration: "RelWithDebInfo"
[80.208s] -- Execute custom install script
[80.210s] -- Symlinking: /home/zeyadcode_jammy/shell_ws/src/install/rviz_carla_plugin/share/rviz_carla_plugin//plugin_description_ros2.xml
[80.222s] -- Symlinking: /home/zeyadcode_jammy/shell_ws/src/install/rviz_carla_plugin/share/rviz_carla_plugin/environment/library_path.sh
[80.232s] -- Symlinking: /home/zeyadcode_jammy/shell_ws/src/install/rviz_carla_plugin/share/rviz_carla_plugin/environment/library_path.dsv
[80.242s] -- Up-to-date symlink: /home/zeyadcode_jammy/shell_ws/src/install/rviz_carla_plugin/share/rviz_carla_plugin/plugin_description_ros2.xml
[80.242s] -- Symlinking: /home/zeyadcode_jammy/shell_ws/src/install/rviz_carla_plugin/share/rviz_carla_plugin/classes/CarlaControl.png
[80.254s] -- Symlinking: /home/zeyadcode_jammy/shell_ws/src/install/rviz_carla_plugin/share/rviz_carla_plugin/pause.png
[80.265s] -- Symlinking: /home/zeyadcode_jammy/shell_ws/src/install/rviz_carla_plugin/share/rviz_carla_plugin/play.png
[80.277s] -- Symlinking: /home/zeyadcode_jammy/shell_ws/src/install/rviz_carla_plugin/share/rviz_carla_plugin/step_once.png
[80.289s] -- Symlinking: /home/zeyadcode_jammy/shell_ws/src/install/rviz_carla_plugin/share/ament_index/resource_index/package_run_dependencies/rviz_carla_plugin
[80.300s] -- Symlinking: /home/zeyadcode_jammy/shell_ws/src/install/rviz_carla_plugin/share/ament_index/resource_index/parent_prefix_path/rviz_carla_plugin
[80.311s] -- Symlinking: /home/zeyadcode_jammy/shell_ws/src/install/rviz_carla_plugin/share/rviz_carla_plugin/environment/ament_prefix_path.sh
[80.322s] -- Symlinking: /home/zeyadcode_jammy/shell_ws/src/install/rviz_carla_plugin/share/rviz_carla_plugin/environment/ament_prefix_path.dsv
[80.334s] -- Symlinking: /home/zeyadcode_jammy/shell_ws/src/install/rviz_carla_plugin/share/rviz_carla_plugin/environment/path.sh
[80.344s] -- Symlinking: /home/zeyadcode_jammy/shell_ws/src/install/rviz_carla_plugin/share/rviz_carla_plugin/environment/path.dsv
[80.354s] -- Symlinking: /home/zeyadcode_jammy/shell_ws/src/install/rviz_carla_plugin/share/rviz_carla_plugin/local_setup.bash
[80.362s] -- Symlinking: /home/zeyadcode_jammy/shell_ws/src/install/rviz_carla_plugin/share/rviz_carla_plugin/local_setup.sh
[80.372s] -- Symlinking: /home/zeyadcode_jammy/shell_ws/src/install/rviz_carla_plugin/share/rviz_carla_plugin/local_setup.zsh
[80.384s] -- Symlinking: /home/zeyadcode_jammy/shell_ws/src/install/rviz_carla_plugin/share/rviz_carla_plugin/local_setup.dsv
[80.394s] -- Symlinking: /home/zeyadcode_jammy/shell_ws/src/install/rviz_carla_plugin/share/rviz_carla_plugin/package.dsv
[80.406s] -- Symlinking: /home/zeyadcode_jammy/shell_ws/src/install/rviz_carla_plugin/share/ament_index/resource_index/packages/rviz_carla_plugin
[80.417s] -- Symlinking: /home/zeyadcode_jammy/shell_ws/src/install/rviz_carla_plugin/share/ament_index/resource_index/rviz_common__pluginlib__plugin/rviz_carla_plugin
[80.428s] -- Symlinking: /home/zeyadcode_jammy/shell_ws/src/install/rviz_carla_plugin/share/rviz_carla_plugin/cmake/ament_cmake_export_libraries-extras.cmake
[80.442s] -- Symlinking: /home/zeyadcode_jammy/shell_ws/src/install/rviz_carla_plugin/share/rviz_carla_plugin/cmake/rviz_carla_pluginConfig.cmake
[80.454s] -- Symlinking: /home/zeyadcode_jammy/shell_ws/src/install/rviz_carla_plugin/share/rviz_carla_plugin/cmake/rviz_carla_pluginConfig-version.cmake
[80.464s] -- Symlinking: /home/zeyadcode_jammy/shell_ws/src/install/rviz_carla_plugin/share/rviz_carla_plugin/package.xml
[80.479s] -- Installing: /home/zeyadcode_jammy/shell_ws/src/install/rviz_carla_plugin/lib/librviz_carla_plugin.so
[80.516s] -- Set runtime path of "/home/zeyadcode_jammy/shell_ws/src/install/rviz_carla_plugin/lib/librviz_carla_plugin.so" to ""
[80.521s] Invoked command in '/home/zeyadcode_jammy/shell_ws/src/build/rviz_carla_plugin' returned '0': AMENT_PREFIX_PATH=/home/zeyadcode_jammy/shell_ws/src/install/carla_ros_scenario_runner_types:/home/zeyadcode_jammy/shell_ws/src/install/carla_msgs:${AMENT_PREFIX_PATH} CMAKE_PREFIX_PATH=/home/zeyadcode_jammy/shell_ws/src/install/carla_ros_scenario_runner_types:/home/zeyadcode_jammy/shell_ws/src/install/carla_msgs:/opt/ros/humble LD_LIBRARY_PATH=/home/zeyadcode_jammy/shell_ws/src/install/carla_ros_scenario_runner_types/lib:/home/zeyadcode_jammy/shell_ws/src/install/carla_msgs/lib:${LD_LIBRARY_PATH} PYTHONPATH=/home/zeyadcode_jammy/shell_ws/src/install/carla_ros_scenario_runner_types/local/lib/python3.10/dist-packages:/home/zeyadcode_jammy/shell_ws/src/install/carla_msgs/local/lib/python3.10/dist-packages:${PYTHONPATH} /usr/bin/cmake --install /home/zeyadcode_jammy/shell_ws/src/build/rviz_carla_plugin
